
*** Running vivado
    with args -log alu_DIS.vds -m64 -product Vivado -mode batch -messageDb vivado.pb -notrace -source alu_DIS.tcl


****** Vivado v2019.1 (64-bit)
  **** SW Build 2552052 on Fri May 24 14:49:42 MDT 2019
  **** IP Build 2548770 on Fri May 24 18:01:18 MDT 2019
    ** Copyright 1986-2019 Xilinx, Inc. All Rights Reserved.

source alu_DIS.tcl -notrace
Command: synth_design -top alu_DIS -part xc7a100tcsg324-1
Starting synth_design
Attempting to get a license for feature 'Synthesis' and/or device 'xc7a100t'
INFO: [Common 17-349] Got license for feature 'Synthesis' and/or device 'xc7a100t'
INFO: [Device 21-403] Loading part xc7a100tcsg324-1
INFO: Launching helper process for spawning children vivado processes
INFO: Helper process launched with PID 3472 
WARNING: [Synth 8-2611] redeclaration of ansi port C4 is not allowed [F:/jisuanjizuchengyuanli/vivado2.2/lab1/lab1.srcs/sources_1/new/_6bit_adder.v:32]
WARNING: [Synth 8-2611] redeclaration of ansi port C5 is not allowed [F:/jisuanjizuchengyuanli/vivado2.2/lab1/lab1.srcs/sources_1/new/_6bit_adder.v:32]
---------------------------------------------------------------------------------
Starting RTL Elaboration : Time (s): cpu = 00:00:03 ; elapsed = 00:00:03 . Memory (MB): peak = 694.734 ; gain = 182.906
---------------------------------------------------------------------------------
INFO: [Synth 8-6157] synthesizing module 'alu_DIS' [F:/jisuanjizuchengyuanli/vivado2.2/lab1/lab1.srcs/sources_1/new/alu_DIS.v:23]
	Parameter WIDTH bound to: 6 - type: integer 
INFO: [Synth 8-6157] synthesizing module 'alu' [F:/jisuanjizuchengyuanli/vivado2.2/lab1/lab1.srcs/sources_1/new/alu.v:23]
	Parameter WIDTH bound to: 6 - type: integer 
INFO: [Synth 8-6157] synthesizing module '_6bit_adder' [F:/jisuanjizuchengyuanli/vivado2.2/lab1/lab1.srcs/sources_1/new/_6bit_adder.v:22]
	Parameter WIDTH bound to: 6 - type: integer 
INFO: [Synth 8-6157] synthesizing module 'alladder' [F:/jisuanjizuchengyuanli/vivado2.2/lab1/lab1.srcs/sources_1/new/alladder.v:23]
INFO: [Synth 8-6157] synthesizing module 'HalfAdder' [F:/jisuanjizuchengyuanli/vivado2.2/lab1/lab1.srcs/sources_1/new/HalfAdder.v:23]
INFO: [Synth 8-6155] done synthesizing module 'HalfAdder' (1#1) [F:/jisuanjizuchengyuanli/vivado2.2/lab1/lab1.srcs/sources_1/new/HalfAdder.v:23]
INFO: [Synth 8-6155] done synthesizing module 'alladder' (2#1) [F:/jisuanjizuchengyuanli/vivado2.2/lab1/lab1.srcs/sources_1/new/alladder.v:23]
INFO: [Synth 8-6155] done synthesizing module '_6bit_adder' (3#1) [F:/jisuanjizuchengyuanli/vivado2.2/lab1/lab1.srcs/sources_1/new/_6bit_adder.v:22]
INFO: [Synth 8-6155] done synthesizing module 'alu' (4#1) [F:/jisuanjizuchengyuanli/vivado2.2/lab1/lab1.srcs/sources_1/new/alu.v:23]
INFO: [Synth 8-6157] synthesizing module 'DIS' [F:/jisuanjizuchengyuanli/vivado2.2/lab1/lab1.srcs/sources_1/new/DIS.v:23]
	Parameter WIDTd bound to: 6 - type: integer 
INFO: [Synth 8-6157] synthesizing module 'fpq' [F:/jisuanjizuchengyuanli/vivado2.2/lab1/lab1.srcs/sources_1/new/fpq.v:22]
	Parameter N bound to: 8000 - type: integer 
INFO: [Synth 8-6155] done synthesizing module 'fpq' (5#1) [F:/jisuanjizuchengyuanli/vivado2.2/lab1/lab1.srcs/sources_1/new/fpq.v:22]
INFO: [Synth 8-6157] synthesizing module 'counter2' [F:/jisuanjizuchengyuanli/vivado2.2/lab1/lab1.srcs/sources_1/new/counter2.v:23]
INFO: [Synth 8-6155] done synthesizing module 'counter2' (6#1) [F:/jisuanjizuchengyuanli/vivado2.2/lab1/lab1.srcs/sources_1/new/counter2.v:23]
WARNING: [Synth 8-689] width (1) of port connection 'cnt' does not match port width (2) of module 'counter2' [F:/jisuanjizuchengyuanli/vivado2.2/lab1/lab1.srcs/sources_1/new/DIS.v:35]
INFO: [Synth 8-6157] synthesizing module 'decodercnt' [F:/jisuanjizuchengyuanli/vivado2.2/lab1/lab1.srcs/sources_1/new/decodercnt.v:23]
INFO: [Synth 8-226] default block is never used [F:/jisuanjizuchengyuanli/vivado2.2/lab1/lab1.srcs/sources_1/new/decodercnt.v:28]
INFO: [Synth 8-6155] done synthesizing module 'decodercnt' (7#1) [F:/jisuanjizuchengyuanli/vivado2.2/lab1/lab1.srcs/sources_1/new/decodercnt.v:23]
INFO: [Synth 8-6157] synthesizing module 'mux' [F:/jisuanjizuchengyuanli/vivado2.2/lab1/lab1.srcs/sources_1/new/mux.v:23]
INFO: [Synth 8-226] default block is never used [F:/jisuanjizuchengyuanli/vivado2.2/lab1/lab1.srcs/sources_1/new/mux.v:29]
INFO: [Synth 8-6155] done synthesizing module 'mux' (8#1) [F:/jisuanjizuchengyuanli/vivado2.2/lab1/lab1.srcs/sources_1/new/mux.v:23]
INFO: [Synth 8-6157] synthesizing module 'decoder7' [F:/jisuanjizuchengyuanli/vivado2.2/lab1/lab1.srcs/sources_1/new/decoder7.v:22]
INFO: [Synth 8-226] default block is never used [F:/jisuanjizuchengyuanli/vivado2.2/lab1/lab1.srcs/sources_1/new/decoder7.v:27]
INFO: [Synth 8-6155] done synthesizing module 'decoder7' (9#1) [F:/jisuanjizuchengyuanli/vivado2.2/lab1/lab1.srcs/sources_1/new/decoder7.v:22]
INFO: [Synth 8-6155] done synthesizing module 'DIS' (10#1) [F:/jisuanjizuchengyuanli/vivado2.2/lab1/lab1.srcs/sources_1/new/DIS.v:23]
INFO: [Synth 8-6155] done synthesizing module 'alu_DIS' (11#1) [F:/jisuanjizuchengyuanli/vivado2.2/lab1/lab1.srcs/sources_1/new/alu_DIS.v:23]
WARNING: [Synth 8-3331] design mux has unconnected port y[6]
---------------------------------------------------------------------------------
Finished RTL Elaboration : Time (s): cpu = 00:00:04 ; elapsed = 00:00:04 . Memory (MB): peak = 732.234 ; gain = 220.406
---------------------------------------------------------------------------------

Report Check Netlist: 
+------+------------------+-------+---------+-------+------------------+
|      |Item              |Errors |Warnings |Status |Description       |
+------+------------------+-------+---------+-------+------------------+
|1     |multi_driven_nets |      0|        0|Passed |Multi driven nets |
+------+------------------+-------+---------+-------+------------------+
---------------------------------------------------------------------------------
Start Handling Custom Attributes
---------------------------------------------------------------------------------
---------------------------------------------------------------------------------
Finished Handling Custom Attributes : Time (s): cpu = 00:00:04 ; elapsed = 00:00:04 . Memory (MB): peak = 732.234 ; gain = 220.406
---------------------------------------------------------------------------------
---------------------------------------------------------------------------------
Finished RTL Optimization Phase 1 : Time (s): cpu = 00:00:04 ; elapsed = 00:00:04 . Memory (MB): peak = 732.234 ; gain = 220.406
---------------------------------------------------------------------------------
INFO: [Project 1-570] Preparing netlist for logic optimization

Processing XDC Constraints
Initializing timing engine
Parsing XDC File [F:/jisuanjizuchengyuanli/vivado2.2/lab1/lab1.srcs/constrs_1/new/alu.xdc]
Finished Parsing XDC File [F:/jisuanjizuchengyuanli/vivado2.2/lab1/lab1.srcs/constrs_1/new/alu.xdc]
INFO: [Project 1-236] Implementation specific constraints were found while reading constraint file [F:/jisuanjizuchengyuanli/vivado2.2/lab1/lab1.srcs/constrs_1/new/alu.xdc]. These constraints will be ignored for synthesis but will be used in implementation. Impacted constraints are listed in the file [.Xil/alu_DIS_propImpl.xdc].
Resolution: To avoid this warning, move constraints listed in [.Xil/alu_DIS_propImpl.xdc] to another XDC file and exclude this new file from synthesis with the used_in_synthesis property (File Properties dialog in GUI) and re-run elaboration/synthesis.
Completed Processing XDC Constraints

Netlist sorting complete. Time (s): cpu = 00:00:00 ; elapsed = 00:00:00 . Memory (MB): peak = 868.074 ; gain = 0.000
INFO: [Project 1-111] Unisim Transformation Summary:
No Unisim elements were transformed.

Constraint Validation Runtime : Time (s): cpu = 00:00:00 ; elapsed = 00:00:00.005 . Memory (MB): peak = 868.074 ; gain = 0.000
---------------------------------------------------------------------------------
Finished Constraint Validation : Time (s): cpu = 00:00:09 ; elapsed = 00:00:10 . Memory (MB): peak = 868.074 ; gain = 356.246
---------------------------------------------------------------------------------
---------------------------------------------------------------------------------
Start Loading Part and Timing Information
---------------------------------------------------------------------------------
Loading part: xc7a100tcsg324-1
---------------------------------------------------------------------------------
Finished Loading Part and Timing Information : Time (s): cpu = 00:00:09 ; elapsed = 00:00:10 . Memory (MB): peak = 868.074 ; gain = 356.246
---------------------------------------------------------------------------------
---------------------------------------------------------------------------------
Start Applying 'set_property' XDC Constraints
---------------------------------------------------------------------------------
---------------------------------------------------------------------------------
Finished applying 'set_property' XDC Constraints : Time (s): cpu = 00:00:09 ; elapsed = 00:00:10 . Memory (MB): peak = 868.074 ; gain = 356.246
---------------------------------------------------------------------------------
---------------------------------------------------------------------------------
Finished RTL Optimization Phase 2 : Time (s): cpu = 00:00:10 ; elapsed = 00:00:11 . Memory (MB): peak = 868.074 ; gain = 356.246
---------------------------------------------------------------------------------

Report RTL Partitions: 
+-+--------------+------------+----------+
| |RTL Partition |Replication |Instances |
+-+--------------+------------+----------+
+-+--------------+------------+----------+
---------------------------------------------------------------------------------
Start RTL Component Statistics 
---------------------------------------------------------------------------------
Detailed RTL Component Info : 
+---Adders : 
	   2 Input      2 Bit       Adders := 1     
+---XORs : 
	   2 Input      6 Bit         XORs := 1     
	   2 Input      1 Bit         XORs := 26    
+---Registers : 
	                2 Bit    Registers := 1     
+---Muxes : 
	   2 Input      8 Bit        Muxes := 1     
	   2 Input      4 Bit        Muxes := 1     
	   2 Input      2 Bit        Muxes := 2     
	   7 Input      1 Bit        Muxes := 2     
	   2 Input      1 Bit        Muxes := 7     
---------------------------------------------------------------------------------
Finished RTL Component Statistics 
---------------------------------------------------------------------------------
---------------------------------------------------------------------------------
Start RTL Hierarchical Component Statistics 
---------------------------------------------------------------------------------
Hierarchical RTL Component report 
Module HalfAdder 
Detailed RTL Component Info : 
+---XORs : 
	   2 Input      1 Bit         XORs := 1     
Module alu 
Detailed RTL Component Info : 
+---XORs : 
	   2 Input      6 Bit         XORs := 1     
	   2 Input      1 Bit         XORs := 2     
+---Muxes : 
	   7 Input      1 Bit        Muxes := 2     
	   2 Input      1 Bit        Muxes := 6     
Module counter2 
Detailed RTL Component Info : 
+---Adders : 
	   2 Input      2 Bit       Adders := 1     
+---Registers : 
	                2 Bit    Registers := 1     
+---Muxes : 
	   2 Input      2 Bit        Muxes := 2     
	   2 Input      1 Bit        Muxes := 1     
Module decodercnt 
Detailed RTL Component Info : 
+---Muxes : 
	   2 Input      8 Bit        Muxes := 1     
Module mux 
Detailed RTL Component Info : 
+---Muxes : 
	   2 Input      4 Bit        Muxes := 1     
---------------------------------------------------------------------------------
Finished RTL Hierarchical Component Statistics
---------------------------------------------------------------------------------
---------------------------------------------------------------------------------
Start Part Resource Summary
---------------------------------------------------------------------------------
Part Resources:
DSPs: 240 (col length:80)
BRAMs: 270 (col length: RAMB18 80 RAMB36 40)
---------------------------------------------------------------------------------
Finished Part Resource Summary
---------------------------------------------------------------------------------
---------------------------------------------------------------------------------
Start Cross Boundary and Area Optimization
---------------------------------------------------------------------------------
Warning: Parallel synthesis criteria is not met 
WARNING: [Synth 8-3917] design alu_DIS has port d[7] driven by constant 1
WARNING: [Synth 8-3917] design alu_DIS has port d[6] driven by constant 1
WARNING: [Synth 8-3917] design alu_DIS has port d[5] driven by constant 1
WARNING: [Synth 8-3917] design alu_DIS has port d[4] driven by constant 1
WARNING: [Synth 8-3917] design alu_DIS has port d[3] driven by constant 1
WARNING: [Synth 8-3917] design alu_DIS has port d[2] driven by constant 1
---------------------------------------------------------------------------------
Finished Cross Boundary and Area Optimization : Time (s): cpu = 00:00:11 ; elapsed = 00:00:13 . Memory (MB): peak = 868.074 ; gain = 356.246
---------------------------------------------------------------------------------

Report RTL Partitions: 
+-+--------------+------------+----------+
| |RTL Partition |Replication |Instances |
+-+--------------+------------+----------+
+-+--------------+------------+----------+
---------------------------------------------------------------------------------
Start Applying XDC Timing Constraints
---------------------------------------------------------------------------------
---------------------------------------------------------------------------------
Finished Applying XDC Timing Constraints : Time (s): cpu = 00:00:18 ; elapsed = 00:00:19 . Memory (MB): peak = 868.074 ; gain = 356.246
---------------------------------------------------------------------------------
---------------------------------------------------------------------------------
Start Timing Optimization
---------------------------------------------------------------------------------
---------------------------------------------------------------------------------
Finished Timing Optimization : Time (s): cpu = 00:00:18 ; elapsed = 00:00:19 . Memory (MB): peak = 868.074 ; gain = 356.246
---------------------------------------------------------------------------------

Report RTL Partitions: 
+-+--------------+------------+----------+
| |RTL Partition |Replication |Instances |
+-+--------------+------------+----------+
+-+--------------+------------+----------+
---------------------------------------------------------------------------------
Start Technology Mapping
---------------------------------------------------------------------------------
---------------------------------------------------------------------------------
Finished Technology Mapping : Time (s): cpu = 00:00:18 ; elapsed = 00:00:19 . Memory (MB): peak = 868.074 ; gain = 356.246
---------------------------------------------------------------------------------

Report RTL Partitions: 
+-+--------------+------------+----------+
| |RTL Partition |Replication |Instances |
+-+--------------+------------+----------+
+-+--------------+------------+----------+
---------------------------------------------------------------------------------
Start IO Insertion
---------------------------------------------------------------------------------
---------------------------------------------------------------------------------
Start Flattening Before IO Insertion
---------------------------------------------------------------------------------
---------------------------------------------------------------------------------
Finished Flattening Before IO Insertion
---------------------------------------------------------------------------------
---------------------------------------------------------------------------------
Start Final Netlist Cleanup
---------------------------------------------------------------------------------
---------------------------------------------------------------------------------
Finished Final Netlist Cleanup
---------------------------------------------------------------------------------
---------------------------------------------------------------------------------
Finished IO Insertion : Time (s): cpu = 00:00:20 ; elapsed = 00:00:21 . Memory (MB): peak = 877.516 ; gain = 365.688
---------------------------------------------------------------------------------

Report Check Netlist: 
+------+------------------+-------+---------+-------+------------------+
|      |Item              |Errors |Warnings |Status |Description       |
+------+------------------+-------+---------+-------+------------------+
|1     |multi_driven_nets |      0|        0|Passed |Multi driven nets |
+------+------------------+-------+---------+-------+------------------+
---------------------------------------------------------------------------------
Start Renaming Generated Instances
---------------------------------------------------------------------------------
---------------------------------------------------------------------------------
Finished Renaming Generated Instances : Time (s): cpu = 00:00:20 ; elapsed = 00:00:21 . Memory (MB): peak = 877.516 ; gain = 365.688
---------------------------------------------------------------------------------

Report RTL Partitions: 
+-+--------------+------------+----------+
| |RTL Partition |Replication |Instances |
+-+--------------+------------+----------+
+-+--------------+------------+----------+
---------------------------------------------------------------------------------
Start Rebuilding User Hierarchy
---------------------------------------------------------------------------------
---------------------------------------------------------------------------------
Finished Rebuilding User Hierarchy : Time (s): cpu = 00:00:20 ; elapsed = 00:00:21 . Memory (MB): peak = 877.516 ; gain = 365.688
---------------------------------------------------------------------------------
---------------------------------------------------------------------------------
Start Renaming Generated Ports
---------------------------------------------------------------------------------
---------------------------------------------------------------------------------
Finished Renaming Generated Ports : Time (s): cpu = 00:00:20 ; elapsed = 00:00:21 . Memory (MB): peak = 877.516 ; gain = 365.688
---------------------------------------------------------------------------------
---------------------------------------------------------------------------------
Start Handling Custom Attributes
---------------------------------------------------------------------------------
---------------------------------------------------------------------------------
Finished Handling Custom Attributes : Time (s): cpu = 00:00:20 ; elapsed = 00:00:21 . Memory (MB): peak = 877.516 ; gain = 365.688
---------------------------------------------------------------------------------
---------------------------------------------------------------------------------
Start Renaming Generated Nets
---------------------------------------------------------------------------------
---------------------------------------------------------------------------------
Finished Renaming Generated Nets : Time (s): cpu = 00:00:20 ; elapsed = 00:00:21 . Memory (MB): peak = 877.516 ; gain = 365.688
---------------------------------------------------------------------------------
---------------------------------------------------------------------------------
Start Writing Synthesis Report
---------------------------------------------------------------------------------

Report BlackBoxes: 
+-+--------------+----------+
| |BlackBox name |Instances |
+-+--------------+----------+
+-+--------------+----------+

Report Cell Usage: 
+------+-------+------+
|      |Cell   |Count |
+------+-------+------+
|1     |BUFG   |     1|
|2     |CARRY4 |     4|
|3     |LUT1   |     2|
|4     |LUT2   |    12|
|5     |LUT3   |     6|
|6     |LUT4   |     3|
|7     |LUT5   |     5|
|8     |LUT6   |    40|
|9     |FDRE   |    14|
|10    |IBUF   |    17|
|11    |OBUF   |    18|
+------+-------+------+

Report Instance Areas: 
+------+---------+---------+------+
|      |Instance |Module   |Cells |
+------+---------+---------+------+
|1     |top      |         |   122|
|2     |  d1     |DIS      |    35|
|3     |    b0   |fpq      |    21|
|4     |    b1   |counter2 |    14|
+------+---------+---------+------+
---------------------------------------------------------------------------------
Finished Writing Synthesis Report : Time (s): cpu = 00:00:20 ; elapsed = 00:00:21 . Memory (MB): peak = 877.516 ; gain = 365.688
---------------------------------------------------------------------------------
Synthesis finished with 0 errors, 0 critical warnings and 6 warnings.
Synthesis Optimization Runtime : Time (s): cpu = 00:00:14 ; elapsed = 00:00:19 . Memory (MB): peak = 877.516 ; gain = 229.848
Synthesis Optimization Complete : Time (s): cpu = 00:00:20 ; elapsed = 00:00:21 . Memory (MB): peak = 877.516 ; gain = 365.688
INFO: [Project 1-571] Translating synthesized netlist
INFO: [Netlist 29-17] Analyzing 4 Unisim elements for replacement
INFO: [Netlist 29-28] Unisim Transformation completed in 0 CPU seconds
INFO: [Project 1-570] Preparing netlist for logic optimization
INFO: [Opt 31-138] Pushed 0 inverter(s) to 0 load pin(s).
Netlist sorting complete. Time (s): cpu = 00:00:00 ; elapsed = 00:00:00 . Memory (MB): peak = 893.070 ; gain = 0.000
INFO: [Project 1-111] Unisim Transformation Summary:
No Unisim elements were transformed.

INFO: [Common 17-83] Releasing license: Synthesis
37 Infos, 10 Warnings, 0 Critical Warnings and 0 Errors encountered.
synth_design completed successfully
synth_design: Time (s): cpu = 00:00:25 ; elapsed = 00:00:27 . Memory (MB): peak = 893.070 ; gain = 600.477
Netlist sorting complete. Time (s): cpu = 00:00:00 ; elapsed = 00:00:00 . Memory (MB): peak = 893.070 ; gain = 0.000
WARNING: [Constraints 18-5210] No constraints selected for write.
Resolution: This message can indicate that there are no constraints for the design, or it can indicate that the used_in flags are set such that the constraints are ignored. This later case is used when running synth_design to not write synthesis constraints to the resulting checkpoint. Instead, project constraints are read when the synthesized design is opened.
INFO: [Common 17-1381] The checkpoint 'F:/jisuanjizuchengyuanli/vivado2.2/lab1/lab1.runs/synth_1/alu_DIS.dcp' has been generated.
INFO: [runtcl-4] Executing : report_utilization -file alu_DIS_utilization_synth.rpt -pb alu_DIS_utilization_synth.pb
INFO: [Common 17-206] Exiting Vivado at Wed Mar 16 18:48:31 2022...
