#-----------------------------------------------------------
# Vivado v2019.1 (64-bit)
# SW Build 2552052 on Fri May 24 14:49:42 MDT 2019
# IP Build 2548770 on Fri May 24 18:01:18 MDT 2019
# Start of session at: Thu Apr 28 18:29:46 2022
# Process ID: 2032
# Current directory: F:/jisuanjizuchengyuanli/vivado2.2/lab5！！2/lab5
# Command line: vivado.exe -gui_launcher_event rodinguilauncherevent15112 F:\jisuanjizuchengyuanli\vivado2.2\lab5！！2\lab5\lab5.xpr
# Log file: F:/jisuanjizuchengyuanli/vivado2.2/lab5！！2/lab5/vivado.log
# Journal file: F:/jisuanjizuchengyuanli/vivado2.2/lab5！！2/lab5\vivado.jou
#-----------------------------------------------------------
start_gui
open_project F:/jisuanjizuchengyuanli/vivado2.2/lab5！！2/lab5/lab5.xpr
INFO: [Project 1-313] Project file moved from 'F:/jisuanjizuchengyuanli/vivado2.2/lab5' since last save.
Scanning sources...
Finished scanning sources
INFO: [IP_Flow 19-234] Refreshing IP repositories
INFO: [IP_Flow 19-1704] No user IP repositories specified
INFO: [IP_Flow 19-2313] Loaded Vivado IP repository 'D:/Xilinx/Vivado/2019.1/data/ip'.
update_compile_order -fileset sources_1
set_property -dict [list CONFIG.coefficient_file {D:/rars/zuyuan/lab5/hazards_test.coe}] [get_ips instrcution_memory]
reset_run synth_1
reset_run instrcution_memory_synth_1
launch_runs impl_1 -to_step write_bitstream -jobs 8
INFO: [IP_Flow 19-1686] Generating 'Synthesis' target for IP 'instrcution_memory'...
[Thu Apr 28 18:33:26 2022] Launched instrcution_memory_synth_1, synth_1...
Run output will be captured here:
instrcution_memory_synth_1: F:/jisuanjizuchengyuanli/vivado2.2/lab5！！2/lab5/lab5.runs/instrcution_memory_synth_1/runme.log
synth_1: F:/jisuanjizuchengyuanli/vivado2.2/lab5！！2/lab5/lab5.runs/synth_1/runme.log
[Thu Apr 28 18:33:27 2022] Launched impl_1...
Run output will be captured here: F:/jisuanjizuchengyuanli/vivado2.2/lab5！！2/lab5/lab5.runs/impl_1/runme.log
reset_run synth_1
launch_runs impl_1 -to_step write_bitstream -jobs 8
[Thu Apr 28 18:38:22 2022] Launched synth_1...
Run output will be captured here: F:/jisuanjizuchengyuanli/vivado2.2/lab5！！2/lab5/lab5.runs/synth_1/runme.log
[Thu Apr 28 18:38:22 2022] Launched impl_1...
Run output will be captured here: F:/jisuanjizuchengyuanli/vivado2.2/lab5！！2/lab5/lab5.runs/impl_1/runme.log
exit
INFO: [Common 17-206] Exiting Vivado at Thu Apr 28 18:51:22 2022...
