INFO: [VRFC 10-2263] Analyzing Verilog file "F:/jisuanjizuchengyuanli/vivado2.2/lab1_fls.srcs/sources_1/new/DIS.v" into library xil_defaultlib
INFO: [VRFC 10-311] analyzing module DIS
INFO: [VRFC 10-2263] Analyzing Verilog file "F:/jisuanjizuchengyuanli/vivado2.2/lab1_fls.srcs/sources_1/new/HalfAdder.v" into library xil_defaultlib
INFO: [VRFC 10-311] analyzing module HalfAdder
INFO: [VRFC 10-2263] Analyzing Verilog file "F:/jisuanjizuchengyuanli/vivado2.2/lab1_fls.srcs/sources_1/new/_6bit_adder.v" into library xil_defaultlib
INFO: [VRFC 10-311] analyzing module _6bit_adder
WARNING: [VRFC 10-3676] redeclaration of ansi port 'C4' is not allowed [F:/jisuanjizuchengyuanli/vivado2.2/lab1_fls.srcs/sources_1/new/_6bit_adder.v:32]
INFO: [VRFC 10-2263] Analyzing Verilog file "F:/jisuanjizuchengyuanli/vivado2.2/lab1_fls.srcs/sources_1/new/alladder.v" into library xil_defaultlib
INFO: [VRFC 10-311] analyzing module alladder
INFO: [VRFC 10-2263] Analyzing Verilog file "F:/jisuanjizuchengyuanli/vivado2.2/lab1_fls.srcs/sources_1/new/alu.v" into library xil_defaultlib
INFO: [VRFC 10-311] analyzing module alu
INFO: [VRFC 10-2263] Analyzing Verilog file "F:/jisuanjizuchengyuanli/vivado2.2/lab1_fls.srcs/sources_1/new/counter2.v" into library xil_defaultlib
INFO: [VRFC 10-311] analyzing module counter2
INFO: [VRFC 10-2263] Analyzing Verilog file "F:/jisuanjizuchengyuanli/vivado2.2/lab1_fls.srcs/sources_1/new/decoder7.v" into library xil_defaultlib
INFO: [VRFC 10-311] analyzing module decoder7
INFO: [VRFC 10-2263] Analyzing Verilog file "F:/jisuanjizuchengyuanli/vivado2.2/lab1_fls.srcs/sources_1/new/decodercnt.v" into library xil_defaultlib
INFO: [VRFC 10-311] analyzing module decodercnt
INFO: [VRFC 10-2263] Analyzing Verilog file "F:/jisuanjizuchengyuanli/vivado2.2/lab1_fls.srcs/sources_1/new/fpq.v" into library xil_defaultlib
INFO: [VRFC 10-311] analyzing module fpq
INFO: [VRFC 10-2263] Analyzing Verilog file "F:/jisuanjizuchengyuanli/vivado2.2/lab1_fls.srcs/sources_1/new/mux.v" into library xil_defaultlib
INFO: [VRFC 10-311] analyzing module mux
INFO: [VRFC 10-2263] Analyzing Verilog file "F:/jisuanjizuchengyuanli/vivado2.2/lab1_fls.srcs/sources_1/new/fls.v" into library xil_defaultlib
INFO: [VRFC 10-311] analyzing module fls
INFO: [VRFC 10-2263] Analyzing Verilog file "F:/jisuanjizuchengyuanli/vivado2.2/lab1_fls.sim/sim_1/behav/xsim/glbl.v" into library xil_defaultlib
INFO: [VRFC 10-311] analyzing module glbl
