#
# There is insufficient memory for the Java Runtime Environment to continue.
# Native memory allocation (malloc) failed to allocate 486256 bytes for Chunk::new
# Possible reasons:
#   The system is out of physical RAM or swap space
#   The process is running with CompressedOops enabled, and the Java Heap may be blocking the growth of the native heap
# Possible solutions:
#   Reduce memory load on the system
#   Increase physical memory or swap space
#   Check if swap backing store is full
#   Decrease Java heap size (-Xmx/-Xms)
#   Decrease number of Java threads
#   Decrease Java thread stack sizes (-Xss)
#   Set larger code cache with -XX:ReservedCodeCacheSize=
#   JVM is running with Zero Based Compressed Oops mode in which the Java heap is
#     placed in the first 32GB address space. The Java Heap base address is the
#     maximum limit for the native heap growth. Please use -XX:HeapBaseMinAddress
#     to set the Java Heap base and to place the Java Heap above 32GB virtual address.
# This output file may be truncated or incomplete.
#
#  Out of Memory Error (t:/workspace/hotspot/src/share/vm/memory/allocation.cpp:372), pid=13120, tid=22120
#
# JRE version: Java(TM) SE Runtime Environment (9.0+11) (build 9.0.4+11)
# Java VM: Java HotSpot(TM) 64-Bit Server VM (9.0.4+11, mixed mode, tiered, compressed oops, g1 gc, windows-amd64)
# No core dump will be written. Minidumps are not enabled by default on client versions of Windows
#

---------------  S U M M A R Y ------------

Command Line: -Dsun.java2d.pmoffscreen=false -Dsun.java2d.xrender=false -Dsun.java2d.d3d=false -Dsun.awt.nopixfmt=true -Dsun.java2d.dpiaware=true -Dsun.java2d.uiScale.enabled=false -Xverify:none -Dswing.aatext=true -XX:-UsePerfData -Djdk.map.althashing.threshold=512 -XX:StringTableSize=4072 --add-opens=java.base/java.nio=ALL-UNNAMED --add-opens=java.desktop/sun.swing=ALL-UNNAMED --add-opens=java.desktop/javax.swing=ALL-UNNAMED --add-opens=java.desktop/javax.swing.tree=ALL-UNNAMED --add-opens=java.desktop/javax.swing.plaf.basic=ALL-UNNAMED --add-opens=java.desktop/javax.swing.plaf.synth=ALL-UNNAMED --add-opens=java.desktop/com.sun.awt=ALL-UNNAMED -XX:NewSize=60m -XX:MaxNewSize=60m -Xms128m -Xmx3072m -Xss5m 

Host: Intel(R) Core(TM) i7-10510U CPU @ 1.80GHz, 8 cores, 7G,  Windows 10 , 64 bit Build 19041 (10.0.19041.1348)
Time: Sun Nov 21 20:18:28 2021 ?D1¨²¡À¨º¡Á?¨º¡À?? elapsed time: 79 seconds (0d 0h 1m 19s)

---------------  T H R E A D  ---------------

Current thread (0x0000020f7051e000):  JavaThread "C2 CompilerThread2" daemon [_thread_in_native, id=22120, stack(0x0000001190000000,0x0000001190100000)]


Current CompileTask:
C2:  79497 13383       4       java.io.WinNTFileSystem::normalize (224 bytes)

Stack: [0x0000001190000000,0x0000001190100000]
Native frames: (J=compiled Java code, j=interpreted, Vv=VM code, C=native code)
V  [jvm.dll+0x587068]

[error occurred during error reporting (printing native stack), id 0xe0000001]


---------------  P R O C E S S  ---------------

Java Threads: ( => current thread )
  0x0000020f19616000 JavaThread "Image Fetcher 0" daemon [_thread_blocked, id=5584, stack(0x0000001193a00000,0x0000001193f00000)]
  0x0000020f19617000 JavaThread "HCindyUtils: Backup All Debug Files" [_thread_blocked, id=12396, stack(0x0000001197900000,0x0000001197e00000)]
  0x0000020f1960c800 JavaThread "Image Animator 0" daemon [_thread_blocked, id=21856, stack(0x0000001196f00000,0x0000001197400000)]
  0x0000020f19612800 JavaThread "Image Animator 0" daemon [_thread_blocked, id=15912, stack(0x0000001196a00000,0x0000001196f00000)]
  0x0000020f19614000 JavaThread "Update Runs Swing Worker" [_thread_blocked, id=3684, stack(0x0000001197400000,0x0000001197900000)]
  0x0000020f19613000 JavaThread "hw_ila_monitor" [_thread_blocked, id=23800, stack(0x0000001196500000,0x0000001196a00000)]
  0x0000020f70523800 JavaThread "Refresh Filesets Swing Worker" [_thread_blocked, id=5484, stack(0x0000001196000000,0x0000001196500000)]
  0x0000020f70521000 JavaThread "SyntheticaAnimation 70" daemon [_thread_blocked, id=9156, stack(0x0000001195b00000,0x0000001196000000)]
  0x0000020f7051f800 JavaThread "SyntheticaAnimation 25" daemon [_thread_blocked, id=12560, stack(0x0000001195100000,0x0000001195600000)]
  0x0000020f70526800 JavaThread "SyntheticaAnimation 50" daemon [_thread_blocked, id=13808, stack(0x0000001194c00000,0x0000001195100000)]
  0x0000020f70526000 JavaThread "Monitor HEventQueue" [_thread_blocked, id=1920, stack(0x0000001194700000,0x0000001194c00000)]
  0x0000020f70523000 JavaThread "SyntheticaCleanerThread" daemon [_thread_blocked, id=24124, stack(0x0000001193f00000,0x0000001194400000)]
  0x0000020f70520800 JavaThread "Batik CleanerThread" daemon [_thread_blocked, id=3044, stack(0x0000001191700000,0x0000001191c00000)]
  0x0000020f146cc800 JavaThread "AWT-EventQueue-1" [_thread_in_native, id=5708, stack(0x0000001193500000,0x0000001193a00000)]
  0x0000020f13697800 JavaThread "AWT-Shutdown" [_thread_blocked, id=16416, stack(0x0000001193000000,0x0000001193500000)]
  0x0000020f1463e000 JavaThread "Process Messages" [_thread_blocked, id=20364, stack(0x0000001192b00000,0x0000001193000000)]
  0x0000020f137f2800 JavaThread "Thread-1" [_thread_in_native, id=24280, stack(0x000000118be00000,0x000000118d200000)]
  0x0000020f13b4d000 JavaThread "TimerQueue" daemon [_thread_blocked, id=18292, stack(0x0000001192100000,0x0000001192600000)]
  0x0000020f13381800 JavaThread "AWT-Windows" daemon [_thread_in_native, id=10416, stack(0x0000001191c00000,0x0000001192100000)]
  0x0000020f13380000 JavaThread "Java2D Disposer" daemon [_thread_blocked, id=22708, stack(0x0000001191200000,0x0000001191700000)]
  0x0000020f6ccd4800 JavaThread "Service Thread" daemon [_thread_blocked, id=15656, stack(0x0000001190c00000,0x0000001191100000)]
  0x0000020f70540000 JavaThread "Common-Cleaner" daemon [_thread_blocked, id=4640, stack(0x0000001190700000,0x0000001190c00000)]
  0x0000020f70522000 JavaThread "Sweeper thread" daemon [_thread_blocked, id=19340, stack(0x0000001190200000,0x0000001190700000)]
  0x0000020f7051f000 JavaThread "C1 CompilerThread3" daemon [_thread_in_native, id=21852, stack(0x0000001190100000,0x0000001190200000)]
=>0x0000020f7051e000 JavaThread "C2 CompilerThread2" daemon [_thread_in_native, id=22120, stack(0x0000001190000000,0x0000001190100000)]
  0x0000020f7197f000 JavaThread "C2 CompilerThread1" daemon [_thread_blocked, id=19584, stack(0x000000118ff00000,0x0000001190000000)]
  0x0000020f7197e000 JavaThread "C2 CompilerThread0" daemon [_thread_blocked, id=7000, stack(0x000000118fe00000,0x000000118ff00000)]
  0x0000020f7197d000 JavaThread "Attach Listener" daemon [_thread_blocked, id=5148, stack(0x000000118f900000,0x000000118fe00000)]
  0x0000020f6a42b800 JavaThread "Signal Dispatcher" daemon [_thread_blocked, id=10716, stack(0x000000118f400000,0x000000118f900000)]
  0x0000020f7196d800 JavaThread "Finalizer" daemon [_thread_blocked, id=21508, stack(0x000000118ef00000,0x000000118f400000)]
  0x0000020f7196c000 JavaThread "Reference Handler" daemon [_thread_blocked, id=10600, stack(0x000000118ea00000,0x000000118ef00000)]
  0x0000020f705dd800 JavaThread "main" [_thread_blocked, id=20784, stack(0x000000118bd00000,0x000000118be00000)]

Other Threads:
  0x0000020f6ffba800 VMThread "VM Thread" [stack: 0x000000118e900000,0x000000118ea00000] [id=20040]
  0x0000020f6ccd5800 WatcherThread [stack: 0x0000001191100000,0x0000001191200000] [id=12476]
  0x0000020f6fd13800 GCTaskThread "GC Thread#0" [stack: 0x000000118d500000,0x000000118d600000] [id=19484]
  0x0000020f6fd69800 GCTaskThread "GC Thread#1" [stack: 0x000000118d600000,0x000000118d700000] [id=8136]
  0x0000020f705de800 GCTaskThread "GC Thread#2" [stack: 0x000000118d700000,0x000000118d800000] [id=21988]
  0x0000020f6fd52800 GCTaskThread "GC Thread#3" [stack: 0x000000118d800000,0x000000118d900000] [id=17044]
  0x0000020f702f4000 GCTaskThread "GC Thread#4" [stack: 0x000000118d900000,0x000000118da00000] [id=18864]
  0x0000020f702f5000 GCTaskThread "GC Thread#5" [stack: 0x000000118da00000,0x000000118db00000] [id=16504]
  0x0000020f702f7000 GCTaskThread "GC Thread#6" [stack: 0x000000118db00000,0x000000118dc00000] [id=11052]
  0x0000020f702f8000 GCTaskThread "GC Thread#7" [stack: 0x000000118dc00000,0x000000118dd00000] [id=18308]
  0x0000020f70312000 ConcurrentGCThread "G1 Main Marker" [stack: 0x000000118e600000,0x000000118e700000] [id=13912]
  0x0000020f70313000 ConcurrentGCThread "G1 Marker#0" [stack: 0x000000118e700000,0x000000118e800000] [id=22772]
  0x0000020f70314000 ConcurrentGCThread "G1 Marker#1" [stack: 0x000000118e800000,0x000000118e900000] [id=15584]
  0x0000020f70307800 ConcurrentGCThread "G1 Refine#0" [stack: 0x000000118e400000,0x000000118e500000] [id=3008]
  0x0000020f70305000 ConcurrentGCThread "G1 Refine#1" [stack: 0x000000118e300000,0x000000118e400000] [id=16828]
  0x0000020f70304000 ConcurrentGCThread "G1 Refine#2" [stack: 0x000000118e200000,0x000000118e300000] [id=17056]
  0x0000020f70302800 ConcurrentGCThread "G1 Refine#3" [stack: 0x000000118e100000,0x000000118e200000] [id=18604]
  0x0000020f70301800 ConcurrentGCThread "G1 Refine#4" [stack: 0x000000118e000000,0x000000118e100000] [id=22848]
  0x0000020f70300800 ConcurrentGCThread "G1 Refine#5" [stack: 0x000000118df00000,0x000000118e000000] [id=16616]
  0x0000020f702fb000 ConcurrentGCThread "G1 Refine#6" [stack: 0x000000118de00000,0x000000118df00000] [id=21492]
  0x0000020f702fa000 ConcurrentGCThread "G1 Refine#7" [stack: 0x000000118dd00000,0x000000118de00000] [id=964]
  0x0000020f7030b000 ConcurrentGCThread "G1 Young RemSet Sampling" [stack: 0x000000118e500000,0x000000118e600000] [id=11404]

Threads with active compile tasks:
C2 CompilerThread213383       4       java.io.WinNTFileSystem::normalize (224 bytes)

VM state:not at safepoint (normal execution)

VM Mutex/Monitor currently owned by a thread: None

Heap address: 0x0000000700000000, size: 3072 MB, Compressed Oops mode: Zero based, Oop shift amount: 3
Narrow klass base: 0x0000000000000000, Narrow klass shift: 3
Compressed class space size: 1073741824 Address: 0x00000007c0000000

Heap:
 garbage-first heap   total 195584K, used 73960K [0x0000000700000000, 0x00000007001005f8, 0x00000007c0000000)
  region size 1024K, 21 young (21504K), 4 survivors (4096K)
 Metaspace       used 71468K, capacity 75577K, committed 75676K, reserved 1114112K
  class space    used 9828K, capacity 10561K, committed 10652K, reserved 1048576K
Heap Regions: E=young(eden), S=young(survivor), O=old, HS=humongous(starts), HC=humongous(continues), CS=collection set, F=free, A=archive, TS=gc time stamp, AC=allocation context, TAMS=top-at-mark-start (previous, next)
|   0|0x0000000700000000, 0x00000007000fc430, 0x0000000700100000| 98%| O|  |TS  0|AC  0|TAMS 0x0000000700000000, 0x0000000700000000|
|   1|0x0000000700100000, 0x0000000700200000, 0x0000000700200000|100%|HS|  |TS  0|AC  0|TAMS 0x0000000700100000, 0x0000000700100000|
|   2|0x0000000700200000, 0x0000000700300000, 0x0000000700300000|100%|HC|  |TS  0|AC  0|TAMS 0x0000000700200000, 0x0000000700200000|
|   3|0x0000000700300000, 0x0000000700400000, 0x0000000700400000|100%|HS|  |TS  0|AC  0|TAMS 0x0000000700300000, 0x0000000700300000|
|   4|0x0000000700400000, 0x00000007004f9590, 0x0000000700500000| 97%| O|  |TS  0|AC  0|TAMS 0x0000000700400000, 0x0000000700400000|
|   5|0x0000000700500000, 0x00000007005ffff8, 0x0000000700600000| 99%| O|  |TS  0|AC  0|TAMS 0x0000000700500000, 0x0000000700500000|
|   6|0x0000000700600000, 0x00000007006ffff0, 0x0000000700700000| 99%| O|  |TS  0|AC  0|TAMS 0x0000000700600000, 0x0000000700600000|
|   7|0x0000000700700000, 0x00000007007fffd0, 0x0000000700800000| 99%| O|  |TS  0|AC  0|TAMS 0x0000000700700000, 0x0000000700700000|
|   8|0x0000000700800000, 0x00000007008ffff0, 0x0000000700900000| 99%| O|  |TS  0|AC  0|TAMS 0x0000000700800000, 0x0000000700800000|
|   9|0x0000000700900000, 0x00000007009f7660, 0x0000000700a00000| 96%| O|  |TS  0|AC  0|TAMS 0x0000000700900000, 0x0000000700900000|
|  10|0x0000000700a00000, 0x0000000700afff90, 0x0000000700b00000| 99%| O|  |TS  0|AC  0|TAMS 0x0000000700a00000, 0x0000000700a00000|
|  11|0x0000000700b00000, 0x0000000700bfff10, 0x0000000700c00000| 99%| O|  |TS  0|AC  0|TAMS 0x0000000700b00000, 0x0000000700b00000|
|  12|0x0000000700c00000, 0x0000000700cecf48, 0x0000000700d00000| 92%| O|  |TS  0|AC  0|TAMS 0x0000000700c00000, 0x0000000700c00000|
|  13|0x0000000700d00000, 0x0000000700dfeb90, 0x0000000700e00000| 99%| O|  |TS  0|AC  0|TAMS 0x0000000700d00000, 0x0000000700d00000|
|  14|0x0000000700e00000, 0x0000000700eeb7e0, 0x0000000700f00000| 91%| O|  |TS  0|AC  0|TAMS 0x0000000700e00000, 0x0000000700e00000|
|  15|0x0000000700f00000, 0x0000000700ffd9e0, 0x0000000701000000| 99%| O|  |TS  0|AC  0|TAMS 0x0000000700f00000, 0x0000000700f00000|
|  16|0x0000000701000000, 0x00000007010fcb68, 0x0000000701100000| 98%| O|  |TS  0|AC  0|TAMS 0x0000000701000000, 0x0000000701000000|
|  17|0x0000000701100000, 0x0000000701200000, 0x0000000701200000|100%| O|  |TS  0|AC  0|TAMS 0x0000000701100000, 0x0000000701100000|
|  18|0x0000000701200000, 0x00000007012ec3d0, 0x0000000701300000| 92%| O|  |TS  0|AC  0|TAMS 0x0000000701200000, 0x0000000701200000|
|  19|0x0000000701300000, 0x00000007013fffe8, 0x0000000701400000| 99%| O|  |TS  0|AC  0|TAMS 0x0000000701300000, 0x0000000701300000|
|  20|0x0000000701400000, 0x00000007014ffff8, 0x0000000701500000| 99%| O|  |TS  0|AC  0|TAMS 0x0000000701400000, 0x0000000701400000|
|  21|0x0000000701500000, 0x00000007015ffff0, 0x0000000701600000| 99%| O|  |TS  0|AC  0|TAMS 0x0000000701500000, 0x0000000701500000|
|  22|0x0000000701600000, 0x00000007016fc600, 0x0000000701700000| 98%| O|  |TS  0|AC  0|TAMS 0x0000000701600000, 0x0000000701600000|
|  23|0x0000000701700000, 0x00000007017fa9b0, 0x0000000701800000| 97%| O|  |TS  0|AC  0|TAMS 0x0000000701700000, 0x0000000701700000|
|  24|0x0000000701800000, 0x0000000701900000, 0x0000000701900000|100%| O|  |TS  0|AC  0|TAMS 0x0000000701800000, 0x0000000701800000|
|  25|0x0000000701900000, 0x00000007019ffff8, 0x0000000701a00000| 99%| O|  |TS  0|AC  0|TAMS 0x0000000701900000, 0x0000000701900000|
|  26|0x0000000701a00000, 0x0000000701affff8, 0x0000000701b00000| 99%| O|  |TS  0|AC  0|TAMS 0x0000000701a00000, 0x0000000701a00000|
|  27|0x0000000701b00000, 0x0000000701bfffc0, 0x0000000701c00000| 99%| O|  |TS  0|AC  0|TAMS 0x0000000701b00000, 0x0000000701b00000|
|  28|0x0000000701c00000, 0x0000000701cffff0, 0x0000000701d00000| 99%| O|  |TS  0|AC  0|TAMS 0x0000000701c00000, 0x0000000701c00000|
|  29|0x0000000701d00000, 0x0000000701e00000, 0x0000000701e00000|100%| O|  |TS  0|AC  0|TAMS 0x0000000701d00000, 0x0000000701d00000|
|  30|0x0000000701e00000, 0x0000000701effff8, 0x0000000701f00000| 99%| O|  |TS  0|AC  0|TAMS 0x0000000701e00000, 0x0000000701e00000|
|  31|0x0000000701f00000, 0x0000000701ffffe8, 0x0000000702000000| 99%| O|  |TS  0|AC  0|TAMS 0x0000000701f00000, 0x0000000701f00000|
|  32|0x0000000702000000, 0x00000007020fffe0, 0x0000000702100000| 99%| O|  |TS  0|AC  0|TAMS 0x0000000702000000, 0x0000000702000000|
|  33|0x0000000702100000, 0x00000007021ffff0, 0x0000000702200000| 99%| O|  |TS  0|AC  0|TAMS 0x0000000702100000, 0x0000000702100000|
|  34|0x0000000702200000, 0x00000007022fffe8, 0x0000000702300000| 99%| O|  |TS  0|AC  0|TAMS 0x0000000702200000, 0x0000000702200000|
|  35|0x0000000702300000, 0x0000000702400000, 0x0000000702400000|100%| O|  |TS  0|AC  0|TAMS 0x0000000702300000, 0x0000000702300000|
|  36|0x0000000702400000, 0x0000000702500000, 0x0000000702500000|100%| O|  |TS  0|AC  0|TAMS 0x0000000702400000, 0x0000000702400000|
|  37|0x0000000702500000, 0x00000007025fffd8, 0x0000000702600000| 99%| O|  |TS  0|AC  0|TAMS 0x0000000702500000, 0x0000000702500000|
|  38|0x0000000702600000, 0x00000007026fe5a8, 0x0000000702700000| 99%| O|  |TS  0|AC  0|TAMS 0x0000000702600000, 0x0000000702600000|
|  39|0x0000000702700000, 0x00000007027fffe8, 0x0000000702800000| 99%| O|  |TS  0|AC  0|TAMS 0x0000000702700000, 0x0000000702700000|
|  40|0x0000000702800000, 0x00000007028ffff8, 0x0000000702900000| 99%| O|  |TS  0|AC  0|TAMS 0x0000000702800000, 0x0000000702800000|
|  41|0x0000000702900000, 0x0000000702a00000, 0x0000000702a00000|100%|HS|  |TS  0|AC  0|TAMS 0x0000000702900000, 0x0000000702900000|
|  42|0x0000000702a00000, 0x0000000702b00000, 0x0000000702b00000|100%|HC|  |TS  0|AC  0|TAMS 0x0000000702a00000, 0x0000000702a00000|
|  43|0x0000000702b00000, 0x0000000702c00000, 0x0000000702c00000|100%|HC|  |TS  0|AC  0|TAMS 0x0000000702b00000, 0x0000000702b00000|
|  44|0x0000000702c00000, 0x0000000702d00000, 0x0000000702d00000|100%|HC|  |TS  0|AC  0|TAMS 0x0000000702c00000, 0x0000000702c00000|
|  45|0x0000000702d00000, 0x0000000702e00000, 0x0000000702e00000|100%|HC|  |TS  0|AC  0|TAMS 0x0000000702d00000, 0x0000000702d00000|
|  46|0x0000000702e00000, 0x0000000702f00000, 0x0000000702f00000|100%|HC|  |TS  0|AC  0|TAMS 0x0000000702e00000, 0x0000000702e00000|
|  47|0x0000000702f00000, 0x0000000703000000, 0x0000000703000000|100%|HC|  |TS  0|AC  0|TAMS 0x0000000702f00000, 0x0000000702f00000|
|  48|0x0000000703000000, 0x0000000703100000, 0x0000000703100000|100%|HC|  |TS  0|AC  0|TAMS 0x0000000703000000, 0x0000000703000000|
|  49|0x0000000703100000, 0x0000000703200000, 0x0000000703200000|100%| O|  |TS  0|AC  0|TAMS 0x0000000703100000, 0x0000000703100000|
|  50|0x0000000703200000, 0x00000007032ffff0, 0x0000000703300000| 99%| O|  |TS  0|AC  0|TAMS 0x0000000703200000, 0x0000000703200000|
|  51|0x0000000703300000, 0x00000007033ffff0, 0x0000000703400000| 99%| O|  |TS  0|AC  0|TAMS 0x0000000703300000, 0x0000000703300000|
|  52|0x0000000703400000, 0x00000007034fe5e0, 0x0000000703500000| 99%| O|  |TS  0|AC  0|TAMS 0x0000000703400000, 0x0000000703400000|
|  53|0x0000000703500000, 0x000000070358c748, 0x0000000703600000| 54%| O|  |TS  0|AC  0|TAMS 0x0000000703500000, 0x0000000703500000|
|  54|0x0000000703600000, 0x0000000703600000, 0x0000000703700000|  0%| F|  |TS  0|AC  0|TAMS 0x0000000703600000, 0x0000000703600000|
|  55|0x0000000703700000, 0x0000000703700000, 0x0000000703800000|  0%| F|  |TS  0|AC  0|TAMS 0x0000000703700000, 0x0000000703700000|
|  56|0x0000000703800000, 0x0000000703800000, 0x0000000703900000|  0%| F|  |TS  0|AC  0|TAMS 0x0000000703800000, 0x0000000703800000|
|  57|0x0000000703900000, 0x0000000703900000, 0x0000000703a00000|  0%| F|  |TS  0|AC  0|TAMS 0x0000000703900000, 0x0000000703900000|
|  58|0x0000000703a00000, 0x0000000703a00000, 0x0000000703b00000|  0%| F|  |TS  0|AC  0|TAMS 0x0000000703a00000, 0x0000000703a00000|
|  59|0x0000000703b00000, 0x0000000703b00000, 0x0000000703c00000|  0%| F|  |TS  0|AC  0|TAMS 0x0000000703b00000, 0x0000000703b00000|
|  60|0x0000000703c00000, 0x0000000703c00000, 0x0000000703d00000|  0%| F|  |TS  0|AC  0|TAMS 0x0000000703c00000, 0x0000000703c00000|
|  61|0x0000000703d00000, 0x0000000703d00000, 0x0000000703e00000|  0%| F|  |TS  0|AC  0|TAMS 0x0000000703d00000, 0x0000000703d00000|
|  62|0x0000000703e00000, 0x0000000703e00000, 0x0000000703f00000|  0%| F|  |TS  0|AC  0|TAMS 0x0000000703e00000, 0x0000000703e00000|
|  63|0x0000000703f00000, 0x0000000703f00000, 0x0000000704000000|  0%| F|  |TS  0|AC  0|TAMS 0x0000000703f00000, 0x0000000703f00000|
|  64|0x0000000704000000, 0x0000000704000000, 0x0000000704100000|  0%| F|  |TS  0|AC  0|TAMS 0x0000000704000000, 0x0000000704000000|
|  65|0x0000000704100000, 0x0000000704100000, 0x0000000704200000|  0%| F|  |TS  0|AC  0|TAMS 0x0000000704100000, 0x0000000704100000|
|  66|0x0000000704200000, 0x0000000704200000, 0x0000000704300000|  0%| F|  |TS  0|AC  0|TAMS 0x0000000704200000, 0x0000000704200000|
|  67|0x0000000704300000, 0x0000000704300000, 0x0000000704400000|  0%| F|  |TS  0|AC  0|TAMS 0x0000000704300000, 0x0000000704300000|
|  68|0x0000000704400000, 0x0000000704400000, 0x0000000704500000|  0%| F|  |TS  0|AC  0|TAMS 0x0000000704400000, 0x0000000704400000|
|  69|0x0000000704500000, 0x0000000704500000, 0x0000000704600000|  0%| F|  |TS  0|AC  0|TAMS 0x0000000704500000, 0x0000000704500000|
|  70|0x0000000704600000, 0x0000000704600000, 0x0000000704700000|  0%| F|  |TS  0|AC  0|TAMS 0x0000000704600000, 0x0000000704600000|
|  71|0x0000000704700000, 0x0000000704700000, 0x0000000704800000|  0%| F|  |TS  0|AC  0|TAMS 0x0000000704700000, 0x0000000704700000|
|  72|0x0000000704800000, 0x0000000704800000, 0x0000000704900000|  0%| F|  |TS  0|AC  0|TAMS 0x0000000704800000, 0x0000000704800000|
|  73|0x0000000704900000, 0x0000000704900000, 0x0000000704a00000|  0%| F|  |TS  0|AC  0|TAMS 0x0000000704900000, 0x0000000704900000|
|  74|0x0000000704a00000, 0x0000000704a00000, 0x0000000704b00000|  0%| F|  |TS  0|AC  0|TAMS 0x0000000704a00000, 0x0000000704a00000|
|  75|0x0000000704b00000, 0x0000000704b00000, 0x0000000704c00000|  0%| F|  |TS  0|AC  0|TAMS 0x0000000704b00000, 0x0000000704b00000|
|  76|0x0000000704c00000, 0x0000000704c00000, 0x0000000704d00000|  0%| F|  |TS  0|AC  0|TAMS 0x0000000704c00000, 0x0000000704c00000|
|  77|0x0000000704d00000, 0x0000000704d00000, 0x0000000704e00000|  0%| F|  |TS  0|AC  0|TAMS 0x0000000704d00000, 0x0000000704d00000|
|  78|0x0000000704e00000, 0x0000000704e00000, 0x0000000704f00000|  0%| F|  |TS  0|AC  0|TAMS 0x0000000704e00000, 0x0000000704e00000|
|  79|0x0000000704f00000, 0x0000000704f00000, 0x0000000705000000|  0%| F|  |TS  0|AC  0|TAMS 0x0000000704f00000, 0x0000000704f00000|
|  80|0x0000000705000000, 0x0000000705000000, 0x0000000705100000|  0%| F|  |TS  0|AC  0|TAMS 0x0000000705000000, 0x0000000705000000|
|  81|0x0000000705100000, 0x0000000705100000, 0x0000000705200000|  0%| F|  |TS  0|AC  0|TAMS 0x0000000705100000, 0x0000000705100000|
|  82|0x0000000705200000, 0x0000000705200000, 0x0000000705300000|  0%| F|  |TS  0|AC  0|TAMS 0x0000000705200000, 0x0000000705200000|
|  83|0x0000000705300000, 0x0000000705300000, 0x0000000705400000|  0%| F|  |TS  0|AC  0|TAMS 0x0000000705300000, 0x0000000705300000|
|  84|0x0000000705400000, 0x0000000705400000, 0x0000000705500000|  0%| F|  |TS  0|AC  0|TAMS 0x0000000705400000, 0x0000000705400000|
|  85|0x0000000705500000, 0x0000000705500000, 0x0000000705600000|  0%| F|  |TS  0|AC  0|TAMS 0x0000000705500000, 0x0000000705500000|
|  86|0x0000000705600000, 0x0000000705600000, 0x0000000705700000|  0%| F|  |TS  0|AC  0|TAMS 0x0000000705600000, 0x0000000705600000|
|  87|0x0000000705700000, 0x0000000705700000, 0x0000000705800000|  0%| F|  |TS  0|AC  0|TAMS 0x0000000705700000, 0x0000000705700000|
|  88|0x0000000705800000, 0x0000000705800000, 0x0000000705900000|  0%| F|  |TS  0|AC  0|TAMS 0x0000000705800000, 0x0000000705800000|
|  89|0x0000000705900000, 0x0000000705900000, 0x0000000705a00000|  0%| F|  |TS  0|AC  0|TAMS 0x0000000705900000, 0x0000000705900000|
|  90|0x0000000705a00000, 0x0000000705a00000, 0x0000000705b00000|  0%| F|  |TS 13|AC  0|TAMS 0x0000000705a00000, 0x0000000705a00000|
|  91|0x0000000705b00000, 0x0000000705b00000, 0x0000000705c00000|  0%| F|  |TS 13|AC  0|TAMS 0x0000000705b00000, 0x0000000705b00000|
|  92|0x0000000705c00000, 0x0000000705c00000, 0x0000000705d00000|  0%| F|  |TS 13|AC  0|TAMS 0x0000000705c00000, 0x0000000705c00000|
|  93|0x0000000705d00000, 0x0000000705d00000, 0x0000000705e00000|  0%| F|  |TS 11|AC  0|TAMS 0x0000000705d00000, 0x0000000705d00000|
|  94|0x0000000705e00000, 0x0000000705e00000, 0x0000000705f00000|  0%| F|  |TS 13|AC  0|TAMS 0x0000000705e00000, 0x0000000705e00000|
|  95|0x0000000705f00000, 0x0000000705f00000, 0x0000000706000000|  0%| F|  |TS 11|AC  0|TAMS 0x0000000705f00000, 0x0000000705f00000|
|  96|0x0000000706000000, 0x0000000706000000, 0x0000000706100000|  0%| F|  |TS 11|AC  0|TAMS 0x0000000706000000, 0x0000000706000000|
|  97|0x0000000706100000, 0x0000000706100000, 0x0000000706200000|  0%| F|  |TS 11|AC  0|TAMS 0x0000000706100000, 0x0000000706100000|
|  98|0x0000000706200000, 0x0000000706200000, 0x0000000706300000|  0%| F|  |TS 11|AC  0|TAMS 0x0000000706200000, 0x0000000706200000|
|  99|0x0000000706300000, 0x0000000706300000, 0x0000000706400000|  0%| F|  |TS 11|AC  0|TAMS 0x0000000706300000, 0x0000000706300000|
| 100|0x0000000706400000, 0x0000000706400000, 0x0000000706500000|  0%| F|  |TS 11|AC  0|TAMS 0x0000000706400000, 0x0000000706400000|
| 101|0x0000000706500000, 0x0000000706500000, 0x0000000706600000|  0%| F|  |TS 11|AC  0|TAMS 0x0000000706500000, 0x0000000706500000|
| 102|0x0000000706600000, 0x0000000706600000, 0x0000000706700000|  0%| F|  |TS 11|AC  0|TAMS 0x0000000706600000, 0x0000000706600000|
| 103|0x0000000706700000, 0x0000000706700000, 0x0000000706800000|  0%| F|  |TS 11|AC  0|TAMS 0x0000000706700000, 0x0000000706700000|
| 104|0x0000000706800000, 0x0000000706800000, 0x0000000706900000|  0%| F|  |TS 11|AC  0|TAMS 0x0000000706800000, 0x0000000706800000|
| 105|0x0000000706900000, 0x0000000706900000, 0x0000000706a00000|  0%| F|  |TS 11|AC  0|TAMS 0x0000000706900000, 0x0000000706900000|
| 106|0x0000000706a00000, 0x0000000706a00000, 0x0000000706b00000|  0%| F|  |TS 11|AC  0|TAMS 0x0000000706a00000, 0x0000000706a00000|
| 107|0x0000000706b00000, 0x0000000706b00000, 0x0000000706c00000|  0%| F|  |TS 11|AC  0|TAMS 0x0000000706b00000, 0x0000000706b00000|
| 108|0x0000000706c00000, 0x0000000706c00000, 0x0000000706d00000|  0%| F|  |TS 11|AC  0|TAMS 0x0000000706c00000, 0x0000000706c00000|
| 109|0x0000000706d00000, 0x0000000706d00000, 0x0000000706e00000|  0%| F|  |TS 11|AC  0|TAMS 0x0000000706d00000, 0x0000000706d00000|
| 110|0x0000000706e00000, 0x0000000706e00000, 0x0000000706f00000|  0%| F|  |TS 11|AC  0|TAMS 0x0000000706e00000, 0x0000000706e00000|
| 111|0x0000000706f00000, 0x0000000706f00000, 0x0000000707000000|  0%| F|  |TS 11|AC  0|TAMS 0x0000000706f00000, 0x0000000706f00000|
| 112|0x0000000707000000, 0x0000000707000000, 0x0000000707100000|  0%| F|  |TS 11|AC  0|TAMS 0x0000000707000000, 0x0000000707000000|
| 113|0x0000000707100000, 0x0000000707100000, 0x0000000707200000|  0%| F|  |TS 11|AC  0|TAMS 0x0000000707100000, 0x0000000707100000|
| 114|0x0000000707200000, 0x0000000707200000, 0x0000000707300000|  0%| F|  |TS 11|AC  0|TAMS 0x0000000707200000, 0x0000000707200000|
| 115|0x0000000707300000, 0x0000000707300000, 0x0000000707400000|  0%| F|  |TS 11|AC  0|TAMS 0x0000000707300000, 0x0000000707300000|
| 116|0x0000000707400000, 0x0000000707400000, 0x0000000707500000|  0%| F|  |TS 11|AC  0|TAMS 0x0000000707400000, 0x0000000707400000|
| 117|0x0000000707500000, 0x0000000707500000, 0x0000000707600000|  0%| F|  |TS 11|AC  0|TAMS 0x0000000707500000, 0x0000000707500000|
| 118|0x0000000707600000, 0x0000000707600000, 0x0000000707700000|  0%| F|  |TS 11|AC  0|TAMS 0x0000000707600000, 0x0000000707600000|
| 119|0x0000000707700000, 0x0000000707700000, 0x0000000707800000|  0%| F|  |TS 11|AC  0|TAMS 0x0000000707700000, 0x0000000707700000|
| 120|0x0000000707800000, 0x0000000707800000, 0x0000000707900000|  0%| F|  |TS 11|AC  0|TAMS 0x0000000707800000, 0x0000000707800000|
| 121|0x0000000707900000, 0x0000000707900000, 0x0000000707a00000|  0%| F|  |TS 11|AC  0|TAMS 0x0000000707900000, 0x0000000707900000|
| 122|0x0000000707a00000, 0x0000000707a00000, 0x0000000707b00000|  0%| F|  |TS 11|AC  0|TAMS 0x0000000707a00000, 0x0000000707a00000|
| 123|0x0000000707b00000, 0x0000000707b00000, 0x0000000707c00000|  0%| F|  |TS 11|AC  0|TAMS 0x0000000707b00000, 0x0000000707b00000|
| 124|0x0000000707c00000, 0x0000000707c00000, 0x0000000707d00000|  0%| F|  |TS 11|AC  0|TAMS 0x0000000707c00000, 0x0000000707c00000|
| 125|0x0000000707d00000, 0x0000000707d00000, 0x0000000707e00000|  0%| F|  |TS 11|AC  0|TAMS 0x0000000707d00000, 0x0000000707d00000|
| 126|0x0000000707e00000, 0x0000000707e00000, 0x0000000707f00000|  0%| F|  |TS 11|AC  0|TAMS 0x0000000707e00000, 0x0000000707e00000|
| 127|0x0000000707f00000, 0x0000000707f0f518, 0x0000000708000000|  5%| S|CS|TS 15|AC  0|TAMS 0x0000000707f00000, 0x0000000707f00000|
| 128|0x0000000708000000, 0x0000000708100000, 0x0000000708100000|100%| S|CS|TS 15|AC  0|TAMS 0x0000000708000000, 0x0000000708000000|
| 129|0x0000000708100000, 0x0000000708200000, 0x0000000708200000|100%| S|CS|TS 15|AC  0|TAMS 0x0000000708100000, 0x0000000708100000|
| 130|0x0000000708200000, 0x0000000708300000, 0x0000000708300000|100%| S|CS|TS 15|AC  0|TAMS 0x0000000708200000, 0x0000000708200000|
| 131|0x0000000708300000, 0x0000000708300000, 0x0000000708400000|  0%| F|  |TS 15|AC  0|TAMS 0x0000000708300000, 0x0000000708300000|
| 132|0x0000000708400000, 0x0000000708400000, 0x0000000708500000|  0%| F|  |TS 15|AC  0|TAMS 0x0000000708400000, 0x0000000708400000|
| 133|0x0000000708500000, 0x0000000708500000, 0x0000000708600000|  0%| F|  |TS 15|AC  0|TAMS 0x0000000708500000, 0x0000000708500000|
| 134|0x0000000708600000, 0x0000000708600000, 0x0000000708700000|  0%| F|  |TS 15|AC  0|TAMS 0x0000000708600000, 0x0000000708600000|
| 135|0x0000000708700000, 0x0000000708700000, 0x0000000708800000|  0%| F|  |TS 15|AC  0|TAMS 0x0000000708700000, 0x0000000708700000|
| 136|0x0000000708800000, 0x0000000708800000, 0x0000000708900000|  0%| F|  |TS 15|AC  0|TAMS 0x0000000708800000, 0x0000000708800000|
| 137|0x0000000708900000, 0x0000000708900000, 0x0000000708a00000|  0%| F|  |TS 15|AC  0|TAMS 0x0000000708900000, 0x0000000708900000|
| 138|0x0000000708a00000, 0x0000000708a00000, 0x0000000708b00000|  0%| F|  |TS 15|AC  0|TAMS 0x0000000708a00000, 0x0000000708a00000|
| 139|0x0000000708b00000, 0x0000000708b00000, 0x0000000708c00000|  0%| F|  |TS 15|AC  0|TAMS 0x0000000708b00000, 0x0000000708b00000|
| 140|0x0000000708c00000, 0x0000000708c00000, 0x0000000708d00000|  0%| F|  |TS 15|AC  0|TAMS 0x0000000708c00000, 0x0000000708c00000|
| 141|0x0000000708d00000, 0x0000000708d00000, 0x0000000708e00000|  0%| F|  |TS 15|AC  0|TAMS 0x0000000708d00000, 0x0000000708d00000|
| 142|0x0000000708e00000, 0x0000000708e00000, 0x0000000708f00000|  0%| F|  |TS 15|AC  0|TAMS 0x0000000708e00000, 0x0000000708e00000|
| 143|0x0000000708f00000, 0x0000000708f00000, 0x0000000709000000|  0%| F|  |TS 15|AC  0|TAMS 0x0000000708f00000, 0x0000000708f00000|
| 144|0x0000000709000000, 0x0000000709000000, 0x0000000709100000|  0%| F|  |TS 15|AC  0|TAMS 0x0000000709000000, 0x0000000709000000|
| 145|0x0000000709100000, 0x0000000709100000, 0x0000000709200000|  0%| F|  |TS 15|AC  0|TAMS 0x0000000709100000, 0x0000000709100000|
| 146|0x0000000709200000, 0x0000000709200000, 0x0000000709300000|  0%| F|  |TS 15|AC  0|TAMS 0x0000000709200000, 0x0000000709200000|
| 147|0x0000000709300000, 0x0000000709300000, 0x0000000709400000|  0%| F|  |TS 15|AC  0|TAMS 0x0000000709300000, 0x0000000709300000|
| 148|0x0000000709400000, 0x0000000709400000, 0x0000000709500000|  0%| F|  |TS 15|AC  0|TAMS 0x0000000709400000, 0x0000000709400000|
| 149|0x0000000709500000, 0x0000000709500000, 0x0000000709600000|  0%| F|  |TS 15|AC  0|TAMS 0x0000000709500000, 0x0000000709500000|
| 150|0x0000000709600000, 0x0000000709600000, 0x0000000709700000|  0%| F|  |TS 15|AC  0|TAMS 0x0000000709600000, 0x0000000709600000|
| 151|0x0000000709700000, 0x0000000709700000, 0x0000000709800000|  0%| F|  |TS 15|AC  0|TAMS 0x0000000709700000, 0x0000000709700000|
| 152|0x0000000709800000, 0x0000000709800000, 0x0000000709900000|  0%| F|  |TS 15|AC  0|TAMS 0x0000000709800000, 0x0000000709800000|
| 153|0x0000000709900000, 0x0000000709900000, 0x0000000709a00000|  0%| F|  |TS 15|AC  0|TAMS 0x0000000709900000, 0x0000000709900000|
| 154|0x0000000709a00000, 0x0000000709a00000, 0x0000000709b00000|  0%| F|  |TS 15|AC  0|TAMS 0x0000000709a00000, 0x0000000709a00000|
| 155|0x0000000709b00000, 0x0000000709b00000, 0x0000000709c00000|  0%| F|  |TS 15|AC  0|TAMS 0x0000000709b00000, 0x0000000709b00000|
| 156|0x0000000709c00000, 0x0000000709c00000, 0x0000000709d00000|  0%| F|  |TS 15|AC  0|TAMS 0x0000000709c00000, 0x0000000709c00000|
| 157|0x0000000709d00000, 0x0000000709d00000, 0x0000000709e00000|  0%| F|  |TS 15|AC  0|TAMS 0x0000000709d00000, 0x0000000709d00000|
| 158|0x0000000709e00000, 0x0000000709e00000, 0x0000000709f00000|  0%| F|  |TS 15|AC  0|TAMS 0x0000000709e00000, 0x0000000709e00000|
| 159|0x0000000709f00000, 0x0000000709f00000, 0x000000070a000000|  0%| F|  |TS 15|AC  0|TAMS 0x0000000709f00000, 0x0000000709f00000|
| 160|0x000000070a000000, 0x000000070a000000, 0x000000070a100000|  0%| F|  |TS 15|AC  0|TAMS 0x000000070a000000, 0x000000070a000000|
| 161|0x000000070a100000, 0x000000070a100000, 0x000000070a200000|  0%| F|  |TS 15|AC  0|TAMS 0x000000070a100000, 0x000000070a100000|
| 162|0x000000070a200000, 0x000000070a200000, 0x000000070a300000|  0%| F|  |TS 15|AC  0|TAMS 0x000000070a200000, 0x000000070a200000|
| 163|0x000000070a300000, 0x000000070a300000, 0x000000070a400000|  0%| F|  |TS 15|AC  0|TAMS 0x000000070a300000, 0x000000070a300000|
| 164|0x000000070a400000, 0x000000070a400000, 0x000000070a500000|  0%| F|  |TS 15|AC  0|TAMS 0x000000070a400000, 0x000000070a400000|
| 165|0x000000070a500000, 0x000000070a500000, 0x000000070a600000|  0%| F|  |TS 15|AC  0|TAMS 0x000000070a500000, 0x000000070a500000|
| 166|0x000000070a600000, 0x000000070a600000, 0x000000070a700000|  0%| F|  |TS 15|AC  0|TAMS 0x000000070a600000, 0x000000070a600000|
| 167|0x000000070a700000, 0x000000070a700000, 0x000000070a800000|  0%| F|  |TS 15|AC  0|TAMS 0x000000070a700000, 0x000000070a700000|
| 168|0x000000070a800000, 0x000000070a800000, 0x000000070a900000|  0%| F|  |TS 15|AC  0|TAMS 0x000000070a800000, 0x000000070a800000|
| 169|0x000000070a900000, 0x000000070a900000, 0x000000070aa00000|  0%| F|  |TS 15|AC  0|TAMS 0x000000070a900000, 0x000000070a900000|
| 170|0x000000070aa00000, 0x000000070aa00000, 0x000000070ab00000|  0%| F|  |TS 15|AC  0|TAMS 0x000000070aa00000, 0x000000070aa00000|
| 171|0x000000070ab00000, 0x000000070ab00000, 0x000000070ac00000|  0%| F|  |TS 15|AC  0|TAMS 0x000000070ab00000, 0x000000070ab00000|
| 172|0x000000070ac00000, 0x000000070ac00000, 0x000000070ad00000|  0%| F|  |TS 15|AC  0|TAMS 0x000000070ac00000, 0x000000070ac00000|
| 173|0x000000070ad00000, 0x000000070ad00000, 0x000000070ae00000|  0%| F|  |TS 15|AC  0|TAMS 0x000000070ad00000, 0x000000070ad00000|
| 174|0x000000070ae00000, 0x000000070ae01840, 0x000000070af00000|  0%| E|  |TS 15|AC  0|TAMS 0x000000070ae00000, 0x000000070ae00000|
| 175|0x000000070af00000, 0x000000070b000000, 0x000000070b000000|100%| E|CS|TS 15|AC  0|TAMS 0x000000070af00000, 0x000000070af00000|
| 176|0x000000070b000000, 0x000000070b100000, 0x000000070b100000|100%| E|CS|TS 15|AC  0|TAMS 0x000000070b000000, 0x000000070b000000|
| 177|0x000000070b100000, 0x000000070b200000, 0x000000070b200000|100%| E|CS|TS 15|AC  0|TAMS 0x000000070b100000, 0x000000070b100000|
| 178|0x000000070b200000, 0x000000070b300000, 0x000000070b300000|100%| E|CS|TS 15|AC  0|TAMS 0x000000070b200000, 0x000000070b200000|
| 179|0x000000070b300000, 0x000000070b400000, 0x000000070b400000|100%| E|CS|TS 15|AC  0|TAMS 0x000000070b300000, 0x000000070b300000|
| 180|0x000000070b400000, 0x000000070b500000, 0x000000070b500000|100%| E|CS|TS 15|AC  0|TAMS 0x000000070b400000, 0x000000070b400000|
| 181|0x000000070b500000, 0x000000070b600000, 0x000000070b600000|100%| E|CS|TS 15|AC  0|TAMS 0x000000070b500000, 0x000000070b500000|
| 182|0x000000070b600000, 0x000000070b700000, 0x000000070b700000|100%| E|CS|TS 15|AC  0|TAMS 0x000000070b600000, 0x000000070b600000|
| 183|0x000000070b700000, 0x000000070b800000, 0x000000070b800000|100%| E|CS|TS 15|AC  0|TAMS 0x000000070b700000, 0x000000070b700000|
| 184|0x000000070b800000, 0x000000070b900000, 0x000000070b900000|100%| E|CS|TS 15|AC  0|TAMS 0x000000070b800000, 0x000000070b800000|
| 185|0x000000070b900000, 0x000000070ba00000, 0x000000070ba00000|100%| E|CS|TS 15|AC  0|TAMS 0x000000070b900000, 0x000000070b900000|
| 186|0x000000070ba00000, 0x000000070bb00000, 0x000000070bb00000|100%| E|CS|TS 15|AC  0|TAMS 0x000000070ba00000, 0x000000070ba00000|
| 187|0x000000070bb00000, 0x000000070bc00000, 0x000000070bc00000|100%| E|CS|TS 15|AC  0|TAMS 0x000000070bb00000, 0x000000070bb00000|
| 188|0x000000070bc00000, 0x000000070bd00000, 0x000000070bd00000|100%| E|CS|TS 15|AC  0|TAMS 0x000000070bc00000, 0x000000070bc00000|
| 189|0x000000070bd00000, 0x000000070be00000, 0x000000070be00000|100%| E|CS|TS 15|AC  0|TAMS 0x000000070bd00000, 0x000000070bd00000|
| 190|0x000000070be00000, 0x000000070bf00000, 0x000000070bf00000|100%| E|CS|TS 15|AC  0|TAMS 0x000000070be00000, 0x000000070be00000|

Card table byte_map: [0x0000020f79f50000,0x0000020f7a550000] byte_map_base: 0x0000020f76750000

Marking Bits (Prev, Next): (CMBitMap*) 0x0000020f703118a0, (CMBitMap*) 0x0000020f703118d8
 Prev Bits: [0x0000020f7ab50000, 0x0000020f7db50000)
 Next Bits: [0x0000020f0f000000, 0x0000020f12000000)

Polling page: 0x0000020f69d50000

CodeHeap 'non-profiled nmethods': size=120000Kb used=10883Kb max_used=10883Kb free=109116Kb
 bounds [0x0000020f07ad0000, 0x0000020f08580000, 0x0000020f0f000000]
CodeHeap 'profiled nmethods': size=120000Kb used=32609Kb max_used=32833Kb free=87390Kb
 bounds [0x0000020f005a0000, 0x0000020f025c0000, 0x0000020f07ad0000]
CodeHeap 'non-nmethods': size=5760Kb used=1718Kb max_used=1760Kb free=4041Kb
 bounds [0x0000020f00000000, 0x0000020f00270000, 0x0000020f005a0000]
 total_blobs=18805 nmethods=12236 adapters=1028
 compilation: enabled

Compilation events (10 events):
Event: 79.486 Thread 0x0000020f7051f000 13390       3       ui.utils.p.a::e (6 bytes)
Event: 79.486 Thread 0x0000020f7051f000 nmethod 13390 0x0000020f0109df10 code [0x0000020f0109e0e0, 0x0000020f0109e3f0]
Event: 79.486 Thread 0x0000020f7051f000 13391       3       java.lang.management.ManagementFactory$PlatformMBeanFinder$$Lambda$236/945924048::test (12 bytes)
Event: 79.487 Thread 0x0000020f7051f000 nmethod 13391 0x0000020f0109d790 code [0x0000020f0109d960, 0x0000020f0109ddc0]
Event: 79.487 Thread 0x0000020f7051f000 13392       3       java.lang.management.ManagementFactory$PlatformMBeanFinder::lambda$findSingleton$5 (13 bytes)
Event: 79.487 Thread 0x0000020f7051f000 nmethod 13392 0x0000020f0109d190 code [0x0000020f0109d360, 0x0000020f0109d640]
Event: 79.487 Thread 0x0000020f7051f000 13393       3       java.lang.Long::toString (55 bytes)
Event: 79.487 Thread 0x0000020f7051f000 nmethod 13393 0x0000020f0109ca90 code [0x0000020f0109cc60, 0x0000020f0109d020]
Event: 79.487 Thread 0x0000020f7051f000 13388       3       ui.utils.aT::compare (32 bytes)
Event: 79.488 Thread 0x0000020f7051f000 nmethod 13388 0x0000020f0109b490 code [0x0000020f0109b740, 0x0000020f0109c6b0]

GC Heap History (10 events):
Event: 23.816 GC heap before
{Heap before GC invocations=24 (full 1):
 garbage-first heap   total 157696K, used 115314K [0x0000000700000000, 0x00000007001004d0, 0x00000007c0000000)
  region size 1024K, 60 young (61440K), 1 survivors (1024K)
 Metaspace       used 68833K, capacity 72513K, committed 72732K, reserved 1112064K
  class space    used 9584K, capacity 10239K, committed 10268K, reserved 1048576K
}
Event: 23.822 GC heap after
{Heap after GC invocations=25 (full 1):
 garbage-first heap   total 157696K, used 55120K [0x0000000700000000, 0x00000007001004d0, 0x00000007c0000000)
  region size 1024K, 1 young (1024K), 1 survivors (1024K)
 Metaspace       used 68833K, capacity 72513K, committed 72732K, reserved 1112064K
  class space    used 9584K, capacity 10239K, committed 10268K, reserved 1048576K
}
Event: 26.413 GC heap before
{Heap before GC invocations=25 (full 1):
 garbage-first heap   total 157696K, used 115536K [0x0000000700000000, 0x00000007001004d0, 0x00000007c0000000)
  region size 1024K, 60 young (61440K), 1 survivors (1024K)
 Metaspace       used 69045K, capacity 72705K, committed 72988K, reserved 1112064K
  class space    used 9584K, capacity 10239K, committed 10268K, reserved 1048576K
}
Event: 26.415 GC heap after
{Heap after GC invocations=26 (full 1):
 garbage-first heap   total 157696K, used 55015K [0x0000000700000000, 0x00000007001004d0, 0x00000007c0000000)
  region size 1024K, 1 young (1024K), 1 survivors (1024K)
 Metaspace       used 69045K, capacity 72705K, committed 72988K, reserved 1112064K
  class space    used 9584K, capacity 10239K, committed 10268K, reserved 1048576K
}
Event: 29.756 GC heap before
{Heap before GC invocations=26 (full 1):
 garbage-first heap   total 157696K, used 115431K [0x0000000700000000, 0x00000007001004d0, 0x00000007c0000000)
  region size 1024K, 60 young (61440K), 1 survivors (1024K)
 Metaspace       used 70080K, capacity 74099K, committed 74268K, reserved 1114112K
  class space    used 9727K, capacity 10470K, committed 10524K, reserved 1048576K
}
Event: 29.762 GC heap after
{Heap after GC invocations=27 (full 1):
 garbage-first heap   total 195584K, used 57587K [0x0000000700000000, 0x00000007001005f8, 0x00000007c0000000)
  region size 1024K, 4 young (4096K), 4 survivors (4096K)
 Metaspace       used 70080K, capacity 74099K, committed 74268K, reserved 1114112K
  class space    used 9727K, capacity 10470K, committed 10524K, reserved 1048576K
}
Event: 31.991 GC heap before
{Heap before GC invocations=27 (full 1):
 garbage-first heap   total 195584K, used 114931K [0x0000000700000000, 0x00000007001005f8, 0x00000007c0000000)
  region size 1024K, 60 young (61440K), 4 survivors (4096K)
 Metaspace       used 70811K, capacity 74903K, committed 75036K, reserved 1114112K
  class space    used 9748K, capacity 10492K, committed 10524K, reserved 1048576K
}
Event: 31.996 GC heap after
{Heap after GC invocations=28 (full 1):
 garbage-first heap   total 195584K, used 57484K [0x0000000700000000, 0x00000007001005f8, 0x00000007c0000000)
  region size 1024K, 3 young (3072K), 3 survivors (3072K)
 Metaspace       used 70811K, capacity 74903K, committed 75036K, reserved 1114112K
  class space    used 9748K, capacity 10492K, committed 10524K, reserved 1048576K
}
Event: 76.282 GC heap before
{Heap before GC invocations=28 (full 1):
 garbage-first heap   total 195584K, used 115852K [0x0000000700000000, 0x00000007001005f8, 0x00000007c0000000)
  region size 1024K, 60 young (61440K), 3 survivors (3072K)
 Metaspace       used 71050K, capacity 75101K, committed 75292K, reserved 1114112K
  class space    used 9750K, capacity 10493K, committed 10524K, reserved 1048576K
}
Event: 76.287 GC heap after
{Heap after GC invocations=29 (full 1):
 garbage-first heap   total 195584K, used 57576K [0x0000000700000000, 0x00000007001005f8, 0x00000007c0000000)
  region size 1024K, 4 young (4096K), 4 survivors (4096K)
 Metaspace       used 71050K, capacity 75101K, committed 75292K, reserved 1114112K
  class space    used 9750K, capacity 10493K, committed 10524K, reserved 1048576K
}

Deoptimization events (10 events):
Event: 78.661 Thread 0x0000020f146cc800 Uncommon trap: reason=unstable_if action=reinterpret pc=0x0000020f07c7392c method=java.lang.ThreadLocal$ThreadLocalMap.getEntry(Ljava/lang/ThreadLocal;)Ljava/lang/ThreadLocal$ThreadLocalMap$Entry; @ 29 c2
Event: 78.664 Thread 0x0000020f146cc800 Uncommon trap: reason=unstable_if action=reinterpret pc=0x0000020f07c4a5b0 method=java.lang.ThreadLocal$ThreadLocalMap.getEntry(Ljava/lang/ThreadLocal;)Ljava/lang/ThreadLocal$ThreadLocalMap$Entry; @ 29 c2
Event: 78.687 Thread 0x0000020f146cc800 Uncommon trap: reason=class_check action=maybe_recompile pc=0x0000020f0817b38c method=javax.swing.text.Utilities.getTabbedTextWidth(Ljavax/swing/text/View;Ljavax/swing/text/Segment;Ljava/awt/FontMetrics;FLjavax/swing/text/TabExpander;I[IZ)F @ 220 c2
Event: 78.687 Thread 0x0000020f146cc800 Uncommon trap: reason=class_check action=maybe_recompile pc=0x0000020f0817b38c method=javax.swing.text.Utilities.getTabbedTextWidth(Ljavax/swing/text/View;Ljavax/swing/text/Segment;Ljava/awt/FontMetrics;FLjavax/swing/text/TabExpander;I[IZ)F @ 220 c2
Event: 78.687 Thread 0x0000020f146cc800 Uncommon trap: reason=class_check action=maybe_recompile pc=0x0000020f0817b38c method=javax.swing.text.Utilities.getTabbedTextWidth(Ljavax/swing/text/View;Ljavax/swing/text/Segment;Ljava/awt/FontMetrics;FLjavax/swing/text/TabExpander;I[IZ)F @ 220 c2
Event: 78.687 Thread 0x0000020f146cc800 Uncommon trap: reason=class_check action=maybe_recompile pc=0x0000020f0817b38c method=javax.swing.text.Utilities.getTabbedTextWidth(Ljavax/swing/text/View;Ljavax/swing/text/Segment;Ljava/awt/FontMetrics;FLjavax/swing/text/TabExpander;I[IZ)F @ 220 c2
Event: 78.702 Thread 0x0000020f146cc800 Uncommon trap: reason=class_check action=maybe_recompile pc=0x0000020f0816bde0 method=java.awt.Component.addNotify()V @ 200 c2
Event: 78.702 Thread 0x0000020f146cc800 Uncommon trap: reason=class_check action=maybe_recompile pc=0x0000020f0816cdf4 method=java.awt.dnd.DropTarget.addNotify()V @ 43 c2
Event: 78.704 Thread 0x0000020f146cc800 Uncommon trap: reason=array_check action=maybe_recompile pc=0x0000020f08307590 method=java.util.AbstractCollection.toArray([Ljava/lang/Object;)[Ljava/lang/Object; @ 116 c2
Event: 79.466 Thread 0x0000020f19610000 Uncommon trap: reason=unstable_if action=reinterpret pc=0x0000020f07e9b278 method=java.io.WinNTFileSystem.prefixLength(Ljava/lang/String;)I @ 42 c2

Classes redefined (0 events):
No events

Internal exceptions (10 events):
Event: 31.371 Thread 0x0000020f146cc800 Exception <a 'java/lang/NoSuchMethodError'{0x000000070bc96870}: java.lang.invoke.DelegatingMethodHandle$Holder.reinvoke_L(Ljava/lang/Object;Ljava/lang/Object;J)Ljava/lang/Object;> (0x000000070bc96870) thrown at [t:/workspace/hotspot/src/share/vm/interpret
Event: 31.575 Thread 0x0000020f146cc800 Exception <a 'java/io/FileNotFoundException'{0x000000070a3e4768}> (0x000000070a3e4768) thrown at [t:/workspace/hotspot/src/share/vm/prims/jni.cpp, line 604]
Event: 31.575 Thread 0x0000020f146cc800 Exception <a 'java/io/FileNotFoundException'{0x000000070a3e5008}> (0x000000070a3e5008) thrown at [t:/workspace/hotspot/src/share/vm/prims/jni.cpp, line 604]
Event: 33.174 Thread 0x0000020f19610000 Exception <a 'java/lang/InterruptedException'{0x000000070a80cfd8}: sleep interrupted> (0x000000070a80cfd8) thrown at [t:/workspace/hotspot/src/share/vm/prims/jvm.cpp, line 2984]
Event: 33.175 Thread 0x0000020f19610000 Implicit null exception at 0x0000020f082f3ead to 0x0000020f082f467d
Event: 33.183 Thread 0x0000020f19610000 Exception <a 'java/lang/InterruptedException'{0x000000070a81a098}: sleep interrupted> (0x000000070a81a098) thrown at [t:/workspace/hotspot/src/share/vm/prims/jvm.cpp, line 2984]
Event: 46.552 Thread 0x0000020f19610000 Exception <a 'java/lang/InterruptedException'{0x000000070a10cfd8}: sleep interrupted> (0x000000070a10cfd8) thrown at [t:/workspace/hotspot/src/share/vm/prims/jvm.cpp, line 2984]
Event: 46.565 Thread 0x0000020f19610000 Exception <a 'java/lang/InterruptedException'{0x000000070a11a198}: sleep interrupted> (0x000000070a11a198) thrown at [t:/workspace/hotspot/src/share/vm/prims/jvm.cpp, line 2984]
Event: 78.467 Thread 0x0000020f19616000 Exception <a 'ui/frmwork/COutOfMemoryException'{0x000000070b813b30}: Out of memory> (0x000000070b813b30) thrown at [t:/workspace/hotspot/src/share/vm/prims/jni.cpp, line 625]
Event: 79.466 Thread 0x0000020f19610000 Exception <a 'ui/frmwork/COutOfMemoryException'{0x000000070b08bb40}: Out of memory> (0x000000070b08bb40) thrown at [t:/workspace/hotspot/src/share/vm/prims/jni.cpp, line 625]

Events (10 events):
Event: 79.468 Executing VM operation: RevokeBias done
Event: 79.468 Executing VM operation: RevokeBias
Event: 79.468 Executing VM operation: RevokeBias done
Event: 79.468 Executing VM operation: RevokeBias
Event: 79.468 Executing VM operation: RevokeBias done
Event: 79.468 Thread 0x0000020f19610000 Thread exited: 0x0000020f19610000
Event: 79.478 Executing VM operation: ThreadDump
Event: 79.478 Executing VM operation: ThreadDump done
Event: 79.480 Executing VM operation: ThreadDump
Event: 79.480 Executing VM operation: ThreadDump done


Dynamic libraries:
0x00007ff629e80000 - 0x00007ff629eb0000 	D:\Xilinx\Vivado\2019.1\bin\unwrapped\win64.o\vivado.exe
0x00007ff8ee5d0000 - 0x00007ff8ee7c5000 	C:\WINDOWS\SYSTEM32\ntdll.dll
0x00007ff8ee180000 - 0x00007ff8ee23e000 	C:\WINDOWS\System32\KERNEL32.DLL
0x00007ff8ec240000 - 0x00007ff8ec508000 	C:\WINDOWS\System32\KERNELBASE.dll
0x00007ff8ec140000 - 0x00007ff8ec240000 	C:\WINDOWS\System32\ucrtbase.dll
0x00007ff8d9820000 - 0x00007ff8d98ad000 	C:\WINDOWS\SYSTEM32\MSVCP140.dll
0x00007ff8d9e00000 - 0x00007ff8d9e14000 	D:\Xilinx\Vivado\2019.1\lib\win64.o\libboost_signals.dll
0x00007ff89dbd0000 - 0x00007ff89eab2000 	D:\Xilinx\Vivado\2019.1\lib\win64.o\librdi_common.dll
0x00007ff8d9de0000 - 0x00007ff8d9df4000 	D:\Xilinx\Vivado\2019.1\lib\win64.o\librdi_commonmain.dll
0x00007ff8d9800000 - 0x00007ff8d981b000 	C:\WINDOWS\SYSTEM32\VCRUNTIME140.dll
0x00007ff8ee350000 - 0x00007ff8ee4f1000 	C:\WINDOWS\System32\USER32.dll
0x00007ff8ec000000 - 0x00007ff8ec022000 	C:\WINDOWS\System32\win32u.dll
0x00007ff8ec840000 - 0x00007ff8ec86b000 	C:\WINDOWS\System32\GDI32.dll
0x00007ff8ec030000 - 0x00007ff8ec13b000 	C:\WINDOWS\System32\gdi32full.dll
0x00007ff8ebee0000 - 0x00007ff8ebf7d000 	C:\WINDOWS\System32\msvcp_win.dll
0x00007ff8da370000 - 0x00007ff8da37c000 	C:\WINDOWS\SYSTEM32\VCRUNTIME140_1.dll
0x00007ff8edeb0000 - 0x00007ff8edf5c000 	C:\WINDOWS\System32\ADVAPI32.dll
0x00007ff8ec6f0000 - 0x00007ff8ec78e000 	C:\WINDOWS\System32\msvcrt.dll
0x00007ff8ede10000 - 0x00007ff8edeab000 	C:\WINDOWS\System32\sechost.dll
0x00007ff8ed530000 - 0x00007ff8ed65a000 	C:\WINDOWS\System32\RPCRT4.dll
0x00007ff89f430000 - 0x00007ff89f79e000 	D:\Xilinx\Vivado\2019.1\lib\win64.o\libCOIN-all.dll
0x00007ff8ec870000 - 0x00007ff8ecfaf000 	C:\WINDOWS\System32\SHELL32.dll
0x00007ff8ce720000 - 0x00007ff8ce734000 	D:\Xilinx\Vivado\2019.1\lib\win64.o\libboost_date_time.dll
0x00007ff8cdec0000 - 0x00007ff8cdee6000 	D:\Xilinx\Vivado\2019.1\lib\win64.o\libboost_filesystem.dll
0x00007ff8bd1a0000 - 0x00007ff8bd21f000 	D:\Xilinx\Vivado\2019.1\lib\win64.o\libboost_program_options.dll
0x00007ff8de920000 - 0x00007ff8de92b000 	D:\Xilinx\Vivado\2019.1\lib\win64.o\libboost_system.dll
0x00007ff8aa980000 - 0x00007ff8aaa94000 	D:\Xilinx\Vivado\2019.1\lib\win64.o\libboost_regex.dll
0x00007ff8caa70000 - 0x00007ff8caa91000 	D:\Xilinx\Vivado\2019.1\lib\win64.o\libboost_thread.dll
0x00007ff8de580000 - 0x00007ff8de58f000 	D:\Xilinx\Vivado\2019.1\lib\win64.o\libboost_xilinx.dll
0x00007ff8b4250000 - 0x00007ff8b42d2000 	D:\Xilinx\Vivado\2019.1\lib\win64.o\libhdlpsolve.dll
0x00007ff88e0a0000 - 0x00007ff88ec4f400 	D:\Xilinx\Vivado\2019.1\lib\win64.o\libisl_iostreams.dll
0x00007ff8ab990000 - 0x00007ff8aba35000 	D:\Xilinx\Vivado\2019.1\lib\win64.o\libhdxml.dll
0x00007ff8bbf30000 - 0x00007ff8bbf95000 	D:\Xilinx\Vivado\2019.1\lib\win64.o\liblmx6.0.dll
0x00007ff8c04c0000 - 0x00007ff8c04ee000 	D:\Xilinx\Vivado\2019.1\lib\win64.o\libisl_sysinfo.dll
0x00007ff8ed8e0000 - 0x00007ff8ed94b000 	C:\WINDOWS\System32\WS2_32.dll
0x00007ff8cc940000 - 0x00007ff8cc95a000 	D:\Xilinx\Vivado\2019.1\lib\win64.o\pthreadVC2.dll
0x00007ff8e1b70000 - 0x00007ff8e1b7a000 	D:\Xilinx\Vivado\2019.1\lib\win64.o\librdi_commonversion.dll
0x00007ff8aba40000 - 0x00007ff8abb61000 	D:\Xilinx\Vivado\2019.1\lib\win64.o\librdi_commonxillic.dll
0x00000000515d0000 - 0x00000000516fb000 	D:\Xilinx\Vivado\2019.1\lib\win64.o\tcl85t.dll
0x00007ff8caa20000 - 0x00007ff8caa3c000 	D:\Xilinx\Vivado\2019.1\lib\win64.o\librdiconfig.dll
0x00007ff8c0080000 - 0x00007ff8c00a1000 	D:\Xilinx\Vivado\2019.1\lib\win64.o\librdizlib.dll
0x0000000012000000 - 0x0000000012270000 	D:\Xilinx\Vivado\2019.1\lib\win64.o\xerces-c_3_1.dll
0x00007ff8db410000 - 0x00007ff8db428000 	C:\WINDOWS\SYSTEM32\NETAPI32.dll
0x00007ff8d6e90000 - 0x00007ff8d7368000 	C:\WINDOWS\SYSTEM32\WININET.dll
0x00007ff8e3970000 - 0x00007ff8e3a7c000 	C:\WINDOWS\SYSTEM32\WINHTTP.dll
0x00007ff8dc7c0000 - 0x00007ff8dc9ab000 	C:\WINDOWS\SYSTEM32\urlmon.dll
0x00007ff8d87b0000 - 0x00007ff8d87b9000 	C:\WINDOWS\SYSTEM32\WSOCK32.dll
0x00007ff8bcf30000 - 0x00007ff8bcf61000 	C:\WINDOWS\SYSTEM32\VCOMP140.DLL
0x00007ff880fe0000 - 0x00007ff881e71000 	D:\Xilinx\Vivado\2019.1\lib\win64.o\gurobi65.dll
0x00007ff8de540000 - 0x00007ff8de54d000 	D:\Xilinx\Vivado\2019.1\lib\win64.o\libboost_chrono.dll
0x00007ff8c7510000 - 0x00007ff8c752b000 	D:\Xilinx\Vivado\2019.1\lib\win64.o\libboost_iostreams.dll
0x00007ff8c0000000 - 0x00007ff8c0025000 	D:\Xilinx\Vivado\2019.1\lib\win64.o\libisl_iosutils.dll
0x00007ff89f150000 - 0x00007ff89f428000 	D:\Xilinx\Vivado\2019.1\lib\win64.o\libXil_lmgr11.dll
0x00007ff8dd730000 - 0x00007ff8dd9e0000 	C:\WINDOWS\SYSTEM32\iertutil.dll
0x00007ff8edd30000 - 0x00007ff8ede0a000 	C:\WINDOWS\System32\COMDLG32.dll
0x00007ff8dc700000 - 0x00007ff8dc728000 	C:\WINDOWS\SYSTEM32\srvcli.dll
0x00007ff8eb1e0000 - 0x00007ff8eb1ec000 	C:\WINDOWS\SYSTEM32\netutils.dll
0x00007ff8ed9d0000 - 0x00007ff8edd25000 	C:\WINDOWS\System32\combase.dll
0x00007ff8ec790000 - 0x00007ff8ec83d000 	C:\WINDOWS\System32\shcore.dll
0x00007ff8ee2f0000 - 0x00007ff8ee345000 	C:\WINDOWS\System32\SHLWAPI.dll
0x00007ff8ec620000 - 0x00007ff8ec6ed000 	C:\WINDOWS\System32\OLEAUT32.dll
0x00007ff8ed780000 - 0x00007ff8ed8aa000 	C:\WINDOWS\System32\ole32.dll
0x00007ff8da4c0000 - 0x00007ff8da570000 	C:\WINDOWS\WinSxS\amd64_microsoft.windows.common-controls_6595b64144ccf1df_5.82.19041.1110_none_792d1c772443f647\COMCTL32.dll
0x00007ff8ec5c0000 - 0x00007ff8ec620000 	C:\WINDOWS\System32\WINTRUST.dll
0x00007ff8ebcf0000 - 0x00007ff8ebe46000 	C:\WINDOWS\System32\CRYPT32.dll
0x00007ff8e18f0000 - 0x00007ff8e190d000 	C:\WINDOWS\SYSTEM32\dhcpcsvc.DLL
0x00007ff8ee500000 - 0x00007ff8ee530000 	C:\WINDOWS\System32\IMM32.DLL
0x00007ff8eb860000 - 0x00007ff8eb872000 	C:\WINDOWS\SYSTEM32\MSASN1.dll
0x00007ff8ea500000 - 0x00007ff8ea512000 	C:\WINDOWS\SYSTEM32\kernel.appcore.dll
0x00007ff89d6b0000 - 0x00007ff89dbc7000 	D:\Xilinx\Vivado\2019.1\lib\win64.o\librdi_commontasks.dll
0x00007ff8eba30000 - 0x00007ff8eba3a000 	C:\WINDOWS\SYSTEM32\VERSION.dll
0x00007ff8a0960000 - 0x00007ff8a0be6000 	D:\Xilinx\Vivado\2019.1\lib\win64.o\librdi_sio.dll
0x0000000050ba0000 - 0x00000000515c5000 	D:\Xilinx\Vivado\2019.1\tps\win64\jre9.0.4\bin\server\jvm.dll
0x00007ff8eb0d0000 - 0x00007ff8eb10b000 	C:\WINDOWS\SYSTEM32\IPHLPAPI.DLL
0x00007ff8ed520000 - 0x00007ff8ed528000 	C:\WINDOWS\System32\PSAPI.DLL
0x00007ff8da380000 - 0x00007ff8da3a7000 	C:\WINDOWS\SYSTEM32\WINMM.dll
0x00007ff8cefe0000 - 0x00007ff8cf0cf000 	C:\WINDOWS\SYSTEM32\MSVCR120.dll
0x00007ff8eb430000 - 0x00007ff8eb49a000 	C:\WINDOWS\SYSTEM32\MSWSOCK.DLL
0x00007ff8e99a0000 - 0x00007ff8ea130000 	C:\WINDOWS\SYSTEM32\windows.storage.dll
0x00007ff8eb6d0000 - 0x00007ff8eb6fe000 	C:\WINDOWS\SYSTEM32\Wldp.dll
0x00007ff86b460000 - 0x00007ff86d91c000 	D:\Xilinx\Vivado\2019.1\lib\win64.o\librdi_tcltasks.dll
0x00007ff89c2a0000 - 0x00007ff89c6a8000 	D:\Xilinx\Vivado\2019.1\lib\win64.o\librdi_bitstream.dll
0x00007ff89c100000 - 0x00007ff89c291000 	D:\Xilinx\Vivado\2019.1\lib\win64.o\librdi_board.dll
0x00007ff8b35d0000 - 0x00007ff8b3648000 	D:\Xilinx\Vivado\2019.1\lib\win64.o\librdi_boarddep.dll
0x00007ff8aa780000 - 0x00007ff8aa86b000 	D:\Xilinx\Vivado\2019.1\lib\win64.o\librdi_chipscope.dll
0x00007ff8986e0000 - 0x00007ff89889d000 	D:\Xilinx\Vivado\2019.1\lib\win64.o\librdi_chipscopeimpl.dll
0x00007ff8784b0000 - 0x00007ff879e9a000 	D:\Xilinx\Vivado\2019.1\lib\win64.o\librdi_constraints.dll
0x00007ff89d550000 - 0x00007ff89d6a6000 	D:\Xilinx\Vivado\2019.1\lib\win64.o\librdi_containers.dll
0x00007ff867450000 - 0x00007ff869301000 	D:\Xilinx\Vivado\2019.1\lib\win64.o\librdi_coregen.dll
0x00007ff889340000 - 0x00007ff889a1a000 	D:\Xilinx\Vivado\2019.1\lib\win64.o\librdi_coregenipxact.dll
0x00007ff861b60000 - 0x00007ff865ba3000 	D:\Xilinx\Vivado\2019.1\lib\win64.o\librdi_designutils.dll
0x00007ff845190000 - 0x00007ff8575bc000 	D:\Xilinx\Vivado\2019.1\lib\win64.o\librdi_device.dll
0x00007ff894bb0000 - 0x00007ff89514a000 	D:\Xilinx\Vivado\2019.1\lib\win64.o\librdi_drc.dll
0x00007ff896230000 - 0x00007ff89654e000 	D:\Xilinx\Vivado\2019.1\lib\win64.o\librdi_dlyest.dll
0x00007ff8997a0000 - 0x00007ff899864000 	D:\Xilinx\Vivado\2019.1\lib\win64.o\librdi_dsp.dll
0x00007ff893f00000 - 0x00007ff89454d000 	D:\Xilinx\Vivado\2019.1\lib\win64.o\librdi_filemgmt.dll
0x00007ff895780000 - 0x00007ff895a63000 	D:\Xilinx\Vivado\2019.1\lib\win64.o\librdi_guitools.dll
0x00007ff8b2fb0000 - 0x00007ff8b3015000 	D:\Xilinx\Vivado\2019.1\lib\win64.o\librdi_hdf.dll
0x00007ff87fa20000 - 0x00007ff880fe0000 	D:\Xilinx\Vivado\2019.1\lib\win64.o\librdi_implflow.dll
0x00007ff8851c0000 - 0x00007ff8857d5000 	D:\Xilinx\Vivado\2019.1\lib\win64.o\librdi_memdata.dll
0x00007ff8aa700000 - 0x00007ff8aa773000 	D:\Xilinx\Vivado\2019.1\lib\win64.o\librdi_memoryarray.dll
0x00007ff85ee70000 - 0x00007ff861b56000 	D:\Xilinx\Vivado\2019.1\lib\win64.o\librdi_mig.dll
0x00007ff884b10000 - 0x00007ff8851b2000 	D:\Xilinx\Vivado\2019.1\lib\win64.o\librdi_netlist.dll
0x00007ff8b4770000 - 0x00007ff8b47bb000 	D:\Xilinx\Vivado\2019.1\lib\win64.o\librdi_pfi.dll
0x00007ff85b8c0000 - 0x00007ff85df36000 	D:\Xilinx\Vivado\2019.1\lib\win64.o\librdi_place.dll
0x00007ff892240000 - 0x00007ff89254f000 	D:\Xilinx\Vivado\2019.1\lib\win64.o\librdi_platform.dll
0x00007ff87cd90000 - 0x00007ff87d4da000 	D:\Xilinx\Vivado\2019.1\lib\win64.o\librdi_power.dll
0x00007ff882730000 - 0x00007ff882caf000 	D:\Xilinx\Vivado\2019.1\lib\win64.o\librdi_project.dll
0x00007ff890140000 - 0x00007ff890531000 	D:\Xilinx\Vivado\2019.1\lib\win64.o\librdi_runs.dll
0x00007ff876c60000 - 0x00007ff877369000 	D:\Xilinx\Vivado\2019.1\lib\win64.o\librdi_psta.dll
0x00007ff875ac0000 - 0x00007ff8761c6000 	D:\Xilinx\Vivado\2019.1\lib\win64.o\librdi_rsb.dll
0x00007ff896900000 - 0x00007ff8969fa000 	D:\Xilinx\Vivado\2019.1\lib\win64.o\librdi_runsbase.dll
0x00007ff8702a0000 - 0x00007ff8710b1000 	D:\Xilinx\Vivado\2019.1\lib\win64.o\librdi_timing.dll
0x00007ff895330000 - 0x00007ff895586000 	D:\Xilinx\Vivado\2019.1\lib\win64.o\librdi_simdata.dll
0x00007ff8960b0000 - 0x00007ff896222000 	D:\Xilinx\Vivado\2019.1\lib\win64.o\librdi_advchipscopeimpl.dll
0x00007ff8b3910000 - 0x00007ff8b395c000 	D:\Xilinx\Vivado\2019.1\lib\win64.o\libboost_serialization.dll
0x00007ff894660000 - 0x00007ff8947ff000 	D:\Xilinx\Vivado\2019.1\lib\win64.o\librdi_hip_devdesign.dll
0x00007ff896de0000 - 0x00007ff896ea2000 	D:\Xilinx\Vivado\2019.1\lib\win64.o\librdi_ipconfig_readwrite.dll
0x00007ff8b3440000 - 0x00007ff8b3483000 	D:\Xilinx\Vivado\2019.1\lib\win64.o\librdi_noc_frameworks.dll
0x00007ff874f70000 - 0x00007ff875ab7000 	D:\Xilinx\Vivado\2019.1\lib\win64.o\libverific.dll
0x00007ff88ed70000 - 0x00007ff88f155000 	D:\Xilinx\Vivado\2019.1\lib\win64.o\librdi_hip_config.dll
0x00007ff877f60000 - 0x00007ff8784ae000 	D:\Xilinx\Vivado\2019.1\lib\win64.o\librdi_xdm.dll
0x00007ff89fbf0000 - 0x00007ff89fc8e000 	D:\Xilinx\Vivado\2019.1\lib\win64.o\libise.dll
0x00007ff8743f0000 - 0x00007ff8749ec000 	D:\Xilinx\Vivado\2019.1\lib\win64.o\librdi_wavedata.dll
0x00007ff8b5030000 - 0x00007ff8b5070000 	D:\Xilinx\Vivado\2019.1\lib\win64.o\librdi_wavedata_SimpleApi.dll
0x00007ff85a730000 - 0x00007ff85b8bd000 	D:\Xilinx\Vivado\2019.1\lib\win64.o\librdi_route.dll
0x00007ff8b2290000 - 0x00007ff8b22cf000 	D:\Xilinx\Vivado\2019.1\lib\win64.o\librdi_schedmon.dll
0x00007ff858760000 - 0x00007ff85a72d000 	D:\Xilinx\Vivado\2019.1\lib\win64.o\librdi_synth.dll

VM Arguments:
jvm_args: -Dsun.java2d.pmoffscreen=false -Dsun.java2d.xrender=false -Dsun.java2d.d3d=false -Dsun.awt.nopixfmt=true -Dsun.java2d.dpiaware=true -Dsun.java2d.uiScale.enabled=false -Xverify:none -Dswing.aatext=true -XX:-UsePerfData -Djdk.map.althashing.threshold=512 -XX:StringTableSize=4072 --add-opens=java.base/java.nio=ALL-UNNAMED --add-opens=java.desktop/sun.swing=ALL-UNNAMED --add-opens=java.desktop/javax.swing=ALL-UNNAMED --add-opens=java.desktop/javax.swing.tree=ALL-UNNAMED --add-opens=java.desktop/javax.swing.plaf.basic=ALL-UNNAMED --add-opens=java.desktop/javax.swing.plaf.synth=ALL-UNNAMED --add-opens=java.desktop/com.sun.awt=ALL-UNNAMED -XX:NewSize=60m -XX:MaxNewSize=60m -Xms128m -Xmx3072m -Xss5m 
java_command: <unknown>
java_class_path (initial): D:/Xilinx/Vivado/2019.1\lib\classes\alloy.jar;D:/Xilinx/Vivado/2019.1\lib\classes\autopilot.scelaborator.jar;D:/Xilinx/Vivado/2019.1\lib\classes\autopilot.sourceprocessor.jar;D:/Xilinx/Vivado/2019.1\lib\classes\autopilot.tbprocessor.jar;D:/Xilinx/Vivado/2019.1\lib\classes\batik-anim.jar;D:/Xilinx/Vivado/2019.1\lib\classes\batik-awt-util.jar;D:/Xilinx/Vivado/2019.1\lib\classes\batik-bridge.jar;D:/Xilinx/Vivado/2019.1\lib\classes\batik-codec.jar;D:/Xilinx/Vivado/2019.1\lib\classes\batik-css.jar;D:/Xilinx/Vivado/2019.1\lib\classes\batik-dom.jar;D:/Xilinx/Vivado/2019.1\lib\classes\batik-ext.jar;D:/Xilinx/Vivado/2019.1\lib\classes\batik-gui-util.jar;D:/Xilinx/Vivado/2019.1\lib\classes\batik-gvt.jar;D:/Xilinx/Vivado/2019.1\lib\classes\batik-parser.jar;D:/Xilinx/Vivado/2019.1\lib\classes\batik-script.jar;D:/Xilinx/Vivado/2019.1\lib\classes\batik-svg-dom.jar;D:/Xilinx/Vivado/2019.1\lib\classes\batik-swing.jar;D:/Xilinx/Vivado/2019.1\lib\classes\batik-transcoder.jar;D:/Xilinx/Vivado/2019.1\lib\classes\batik-util.jar;D:/Xilinx/Vivado/2019.1\lib\classes\batik-xml.jar;D:/Xilinx/Vivado/2019.1\lib\classes\com.google.gson_2.7.0.v20170129-0911.jar;D:/Xilinx/Vivado/2019.1\lib\classes\com.google.guava_21.0.0.v20170206-1425.jar;D:/Xilinx/Vivado/2019.1\lib\classes\com.google.inject_3.0.0.v201605172100.jar;D:/Xilinx/Vivado/2019.1\lib\classes\com.ibm.icu_4.4.2.v20110208.jar;D:/Xilinx/Vivado/2019.1\lib\classes\com.sigasi.hdt.annotations.runtime_4.3.0.201903071210.jar;D:/Xilinx/Vivado/2019.1\lib\classes\com.sigasi.hdt.blockdiagram.model_4.3.0.201903071210.jar;D:/Xilinx/Vivado/2019.1\lib\classes\com.sigasi.hdt.connection_4.3.0.201903071210.jar;D:/Xilinx/Vivado/2019.1\lib\classes\com.sigasi.hdt.dependencies.model_4.3.0.201903071210.jar;D:/Xilinx/Vivado/2019.1\lib\classes\com.sigasi.hdt.epl_4.3.0.201903071210.jar;D:/Xilinx/Vivado/2019.1\lib\classes\com.sigasi.hdt.graphics.model_4.3.0.201903071210.jar;D:/Xilinx/Vivado/2019.1\lib\classes\com.sigasi.hdt.project_4.3.0
Launcher Type: generic

Logging:
Log output configuration:
#0: stdout all=warning uptime,level,tags
#1: stderr all=off uptime,level,tags

Environment Variables:
PATH=D:/Xilinx/Vivado/2019.1/bin;D:/Xilinx/Vivado/2019.1/lib/win64.o;D:/Xilinx/Vivado/2019.1/tps/win64/jre9.0.4/bin/server;D:/Xilinx/Vivado/2019.1/tps/win64/jre9.0.4/bin;D:/Xilinx/Vivado/2019.1/ids_lite/ISE/bin/nt64;D:/Xilinx/Vivado/2019.1/ids_lite/ISE/lib/nt64;C:\Windows\system32;C:\Windows;C:\Windows\System32\Wbem;C:\Windows\System32\WindowsPowerShell\v1.0\;C:\Windows\System32\OpenSSH\;C:\Program Files (x86)\NVIDIA Corporation\PhysX\Common;C:\Program Files\NVIDIA Corporation\NVIDIA NvDLISR;C:\Program Files\Microsoft SQL Server\Client SDK\ODBC\110\Tools\Binn\;C:\Program Files (x86)\Microsoft SQL Server\120\Tools\Binn\;C:\Program Files\Microsoft SQL Server\120\Tools\Binn\;C:\Program Files\Microsoft SQL Server\120\DTS\Binn\;C:\Program Files (x86)\Windows Kits\8.1\Windows Performance Toolkit\;D:\Microsoft VS Code\bin;D:\web\mingw64\bin;C:\Program Files\dotnet\;C:\Program Files\Microsoft SQL Server\130\Tools\Binn\;C:\Program Files\Microsoft SQL Server\Client SDK\ODBC\170\Tools\Binn\;D:\Git\cmd;C:\Users\zhh\AppData\Local\Microsoft\WindowsApps;;%CLion%;C:\Users\zhh\.dotnet\tools;D:/Xilinx/Vivado/2019.1\tps\mingw\6.2.0\win64.o\nt\bin;D:/Xilinx/Vivado/2019.1\tps\mingw\6.2.0\win64.o\nt\libexec\gcc\x86_64-w64-mingw32\6.2.0;D:/Xilinx/Vivado/2019.1\tps\win64\python-2.7.5;D:/Xilinx/Vivado/2019.1\tps\win64\python-2.7.5\lib;D:/Xilinx/Vivado/2019.1\tps\win64\python-2.7.5\Lib\lib-tk;D:/Xilinx/Vivado/2019.1\tps\win64\python-2.7.5\lib\site-packages
USERNAME=zhh
OS=Windows_NT
PROCESSOR_IDENTIFIER=Intel64 Family 6 Model 142 Stepping 12, GenuineIntel



---------------  S Y S T E M  ---------------

OS: Windows 10 , 64 bit Build 19041 (10.0.19041.1348)

CPU:total 8 (initial active 8) (4 cores per cpu, 2 threads per core) family 6 model 142 stepping 12, cmov, cx8, fxsr, mmx, sse, sse2, sse3, ssse3, sse4.1, sse4.2, popcnt, avx, avx2, aes, clmul, erms, 3dnowpref, lzcnt, ht, tsc, tscinvbit, bmi1, bmi2, adx, fma

Memory: 4k page, physical 8167684k(565444k free), swap 26186752k(224k free)

vm_info: Java HotSpot(TM) 64-Bit Server VM (9.0.4+11) for windows-amd64 JRE (9.0.4+11), built on Dec 20 2017 02:18:54 by "mach5one" with MS VC++ 12.0 (VS2013)

END.
