
*** Running vivado
    with args -log DIO.vds -m64 -product Vivado -mode batch -messageDb vivado.pb -notrace -source DIO.tcl


****** Vivado v2019.1 (64-bit)
  **** SW Build 2552052 on Fri May 24 14:49:42 MDT 2019
  **** IP Build 2548770 on Fri May 24 18:01:18 MDT 2019
    ** Copyright 1986-2019 Xilinx, Inc. All Rights Reserved.

source DIO.tcl -notrace
Command: synth_design -top DIO -part xc7a100tcsg324-1
Starting synth_design
Attempting to get a license for feature 'Synthesis' and/or device 'xc7a100t'
INFO: [Common 17-349] Got license for feature 'Synthesis' and/or device 'xc7a100t'
INFO: [Device 21-403] Loading part xc7a100tcsg324-1
INFO: Launching helper process for spawning children vivado processes
INFO: Helper process launched with PID 10184 
---------------------------------------------------------------------------------
Starting RTL Elaboration : Time (s): cpu = 00:00:02 ; elapsed = 00:00:03 . Memory (MB): peak = 689.820 ; gain = 177.578
---------------------------------------------------------------------------------
INFO: [Synth 8-6157] synthesizing module 'DIO' [D:/moshushiyan/lab5_1/DIO/DIO.srcs/sources_1/new/DIO.v:23]
INFO: [Synth 8-6157] synthesizing module 'db' [D:/moshushiyan/lab5_1/DIO/DIO.srcs/sources_1/new/db.v:43]
ERROR: [Synth 8-439] module 'counter20' not found [D:/moshushiyan/lab5_1/DIO/DIO.srcs/sources_1/new/db.v:53]
ERROR: [Synth 8-6156] failed synthesizing module 'db' [D:/moshushiyan/lab5_1/DIO/DIO.srcs/sources_1/new/db.v:43]
ERROR: [Synth 8-6156] failed synthesizing module 'DIO' [D:/moshushiyan/lab5_1/DIO/DIO.srcs/sources_1/new/DIO.v:23]
---------------------------------------------------------------------------------
Finished RTL Elaboration : Time (s): cpu = 00:00:03 ; elapsed = 00:00:04 . Memory (MB): peak = 754.059 ; gain = 241.816
---------------------------------------------------------------------------------
RTL Elaboration failed
INFO: [Common 17-83] Releasing license: Synthesis
5 Infos, 0 Warnings, 0 Critical Warnings and 4 Errors encountered.
synth_design failed
ERROR: [Common 17-69] Command failed: Synthesis failed - please see the console or run log file for details
INFO: [Common 17-206] Exiting Vivado at Tue Nov 23 08:48:56 2021...
