#-----------------------------------------------------------
# Vivado v2019.1 (64-bit)
# SW Build 2552052 on Fri May 24 14:49:42 MDT 2019
# IP Build 2548770 on Fri May 24 18:01:18 MDT 2019
# Start of session at: Sun Nov 21 20:19:54 2021
# Process ID: 3808
# Current directory: F:/桌面文件/我的文件夹/模拟与数字电路/DIO
# Command line: vivado.exe -gui_launcher_event rodinguilauncherevent23004 F:\桌面文件\我的文件夹\模拟与数字电路\DIO\DIO.xpr
# Log file: F:/桌面文件/我的文件夹/模拟与数字电路/DIO/vivado.log
# Journal file: F:/桌面文件/我的文件夹/模拟与数字电路/DIO\vivado.jou
#-----------------------------------------------------------
start_gui
open_project F:/桌面文件/我的文件夹/模拟与数字电路/DIO/DIO.xpr
INFO: [Project 1-313] Project file moved from 'Y:/Programs/vivado_project/DIO' since last save.
Scanning sources...
Finished scanning sources
INFO: [IP_Flow 19-234] Refreshing IP repositories
INFO: [IP_Flow 19-1704] No user IP repositories specified
INFO: [IP_Flow 19-2313] Loaded Vivado IP repository 'D:/Xilinx/Vivado/2019.1/data/ip'.
open_project: Time (s): cpu = 00:00:26 ; elapsed = 00:00:09 . Memory (MB): peak = 735.836 ; gain = 113.234
update_compile_order -fileset sources_1
WARNING: [Common 17-9] Error reading message records.
WARNING: [Common 17-9] Error reading message records.
WARNING: [Common 17-9] Error reading message records.
WARNING: [Common 17-9] Error reading message records.
WARNING: [Common 17-9] Error reading message records.
WARNING: [Common 17-9] Error reading message records.
WARNING: [Common 17-9] Error reading message records.
WARNING: [Common 17-9] Error reading message records.
exit
INFO: [Common 17-206] Exiting Vivado at Sun Nov 21 20:25:06 2021...
