#-----------------------------------------------------------
# Vivado v2019.1 (64-bit)
# SW Build 2552052 on Fri May 24 14:49:42 MDT 2019
# IP Build 2548770 on Fri May 24 18:01:18 MDT 2019
# Start of session at: Sat May 14 19:55:41 2022
# Process ID: 3364
# Current directory: F:/jisuanjizuchengyuanli/study/Analog_and_digital_circuit_experiment_improvement_class/labh6
# Command line: vivado.exe -gui_launcher_event rodinguilauncherevent17596 F:\jisuanjizuchengyuanli\study\Analog_and_digital_circuit_experiment_improvement_class\labh6\labh6.xpr
# Log file: F:/jisuanjizuchengyuanli/study/Analog_and_digital_circuit_experiment_improvement_class/labh6/vivado.log
# Journal file: F:/jisuanjizuchengyuanli/study/Analog_and_digital_circuit_experiment_improvement_class/labh6\vivado.jou
#-----------------------------------------------------------
start_gui
open_project F:/jisuanjizuchengyuanli/study/Analog_and_digital_circuit_experiment_improvement_class/labh6/labh6.xpr
INFO: [ProjectBase 1-489] The host OS only allows 260 characters in a normal path. The project is stored in a path with more than 80 characters. If you experience issues with IP, Block Designs, or files not being found, please consider moving the project to a location with a shorter path. Alternately consider using the OS subst command to map part of the path to a drive letter.
Current project path is 'F:/jisuanjizuchengyuanli/study/Analog_and_digital_circuit_experiment_improvement_class/labh6'
INFO: [Project 1-313] Project file moved from 'D:/moshushiyan/labh6' since last save.
Scanning sources...
Finished scanning sources
INFO: [IP_Flow 19-234] Refreshing IP repositories
INFO: [IP_Flow 19-1704] No user IP repositories specified
INFO: [IP_Flow 19-2313] Loaded Vivado IP repository 'D:/Xilinx/Vivado/2019.1/data/ip'.
open_project: Time (s): cpu = 00:00:11 ; elapsed = 00:00:06 . Memory (MB): peak = 691.488 ; gain = 103.914
update_compile_order -fileset sources_1
WARNING: [IP_Flow 19-4067] Ignoring invalid widget type specified checkbox.Providing a default widget
WARNING: [IP_Flow 19-4067] Ignoring invalid widget type specified checkbox.Providing a default widget
open_hw
connect_hw_server
INFO: [Labtools 27-2285] Connecting to hw_server url TCP:localhost:3121
INFO: [Labtools 27-2222] Launching hw_server...
INFO: [Labtools 27-2221] Launch Output:

****** Xilinx hw_server v2019.1
  **** Build date : May 24 2019 at 15:13:31
    ** Copyright 1986-2019 Xilinx, Inc. All Rights Reserved.


open_hw_target
INFO: [Labtoolstcl 44-466] Opening hw_target localhost:3121/xilinx_tcf/Digilent/210292A6ED46A
set_property PROGRAM.FILE {F:/jisuanjizuchengyuanli/study/Analog_and_digital_circuit_experiment_improvement_class/labh6/labh6.runs/impl_1/Print.bit} [get_hw_devices xc7a100t_0]
current_hw_device [get_hw_devices xc7a100t_0]
refresh_hw_device -update_hw_probes false [lindex [get_hw_devices xc7a100t_0] 0]
INFO: [Labtools 27-1435] Device xc7a100t (JTAG device index = 0) is not programmed (DONE status = 0).
set_property PROBES.FILE {} [get_hw_devices xc7a100t_0]
set_property FULL_PROBES.FILE {} [get_hw_devices xc7a100t_0]
set_property PROGRAM.FILE {F:/jisuanjizuchengyuanli/study/Analog_and_digital_circuit_experiment_improvement_class/labh6/labh6.runs/impl_1/Print.bit} [get_hw_devices xc7a100t_0]
program_hw_devices [get_hw_devices xc7a100t_0]
INFO: [Labtools 27-3164] End of startup status: HIGH
refresh_hw_device [lindex [get_hw_devices xc7a100t_0] 0]
INFO: [Labtools 27-1434] Device xc7a100t (JTAG device index = 0) is programmed with a design that has no supported debug core(s) in it.
WARNING: [IP_Flow 19-4067] Ignoring invalid widget type specified checkbox.Providing a default widget
WARNING: [IP_Flow 19-4067] Ignoring invalid widget type specified checkbox.Providing a default widget
WARNING: [IP_Flow 19-4067] Ignoring invalid widget type specified checkbox.Providing a default widget
WARNING: [IP_Flow 19-4067] Ignoring invalid widget type specified checkbox.Providing a default widget
WARNING: [IP_Flow 19-4067] Ignoring invalid widget type specified checkbox.Providing a default widget
WARNING: [IP_Flow 19-4067] Ignoring invalid widget type specified checkbox.Providing a default widget
WARNING: [IP_Flow 19-4067] Ignoring invalid widget type specified checkbox.Providing a default widget
WARNING: [IP_Flow 19-4067] Ignoring invalid widget type specified checkbox.Providing a default widget
ERROR: [Labtoolstcl 44-513] HW Target shutdown. Closing target: localhost:3121/xilinx_tcf/Digilent/210292A6ED46A
WARNING: [IP_Flow 19-4067] Ignoring invalid widget type specified checkbox.Providing a default widget
WARNING: [IP_Flow 19-4067] Ignoring invalid widget type specified checkbox.Providing a default widget
WARNING: [IP_Flow 19-4067] Ignoring invalid widget type specified checkbox.Providing a default widget
WARNING: [IP_Flow 19-4067] Ignoring invalid widget type specified checkbox.Providing a default widget
WARNING: [IP_Flow 19-4067] Ignoring invalid widget type specified checkbox.Providing a default widget
WARNING: [IP_Flow 19-4067] Ignoring invalid widget type specified checkbox.Providing a default widget
INFO: [Labtoolstcl 44-466] Opening hw_target localhost:3121/xilinx_tcf/Digilent/210292A6ED46A
INFO: [Labtools 27-1435] Device xc7a100t (JTAG device index = 0) is not programmed (DONE status = 0).
WARNING: [Labtoolstcl 44-129] No matching hw_ila_data was found.
ERROR: [Labtoolstcl 44-513] HW Target shutdown. Closing target: localhost:3121/xilinx_tcf/Digilent/210292A6ED46A
INFO: [Labtoolstcl 44-466] Opening hw_target localhost:3121/xilinx_tcf/Digilent/210292A6ED46A
INFO: [Labtools 27-1435] Device xc7a100t (JTAG device index = 0) is not programmed (DONE status = 0).
WARNING: [Labtoolstcl 44-129] No matching hw_ila_data was found.
set_property PROBES.FILE {} [get_hw_devices xc7a100t_0]
set_property FULL_PROBES.FILE {} [get_hw_devices xc7a100t_0]
set_property PROGRAM.FILE {F:/jisuanjizuchengyuanli/study/Analog_and_digital_circuit_experiment_improvement_class/labh6/labh6.runs/impl_1/Print.bit} [get_hw_devices xc7a100t_0]
program_hw_devices [get_hw_devices xc7a100t_0]
INFO: [Labtools 27-3164] End of startup status: HIGH
refresh_hw_device [lindex [get_hw_devices xc7a100t_0] 0]
INFO: [Labtools 27-1434] Device xc7a100t (JTAG device index = 0) is programmed with a design that has no supported debug core(s) in it.
ERROR: [Labtoolstcl 44-513] HW Target shutdown. Closing target: localhost:3121/xilinx_tcf/Digilent/210292A6ED46A
INFO: [Labtoolstcl 44-466] Opening hw_target localhost:3121/xilinx_tcf/Digilent/210292A6ED46A
INFO: [Labtools 27-1434] Device xc7a100t (JTAG device index = 0) is programmed with a design that has no supported debug core(s) in it.
WARNING: [Labtoolstcl 44-129] No matching hw_ila_data was found.
ERROR: [Labtoolstcl 44-513] HW Target shutdown. Closing target: localhost:3121/xilinx_tcf/Digilent/210292A6ED46A
INFO: [Labtoolstcl 44-466] Opening hw_target localhost:3121/xilinx_tcf/Digilent/210292A6ED46A
INFO: [Labtools 27-1434] Device xc7a100t (JTAG device index = 0) is programmed with a design that has no supported debug core(s) in it.
WARNING: [Labtoolstcl 44-129] No matching hw_ila_data was found.
ERROR: [Labtoolstcl 44-513] HW Target shutdown. Closing target: localhost:3121/xilinx_tcf/Digilent/210292A6ED46A
WARNING: [IP_Flow 19-4067] Ignoring invalid widget type specified checkbox.Providing a default widget
WARNING: [IP_Flow 19-4067] Ignoring invalid widget type specified checkbox.Providing a default widget
update_compile_order -fileset sources_1
reset_run synth_1
reset_run VRAM_synth_1
launch_runs impl_1 -to_step write_bitstream -jobs 4
INFO: [IP_Flow 19-1686] Generating 'Synthesis' target for IP 'VRAM'...
[Sun May 15 09:16:11 2022] Launched VRAM_synth_1, synth_1...
Run output will be captured here:
VRAM_synth_1: F:/jisuanjizuchengyuanli/study/Analog_and_digital_circuit_experiment_improvement_class/labh6/labh6.runs/VRAM_synth_1/runme.log
synth_1: F:/jisuanjizuchengyuanli/study/Analog_and_digital_circuit_experiment_improvement_class/labh6/labh6.runs/synth_1/runme.log
[Sun May 15 09:16:11 2022] Launched impl_1...
Run output will be captured here: F:/jisuanjizuchengyuanli/study/Analog_and_digital_circuit_experiment_improvement_class/labh6/labh6.runs/impl_1/runme.log
INFO: [Labtoolstcl 44-466] Opening hw_target localhost:3121/xilinx_tcf/Digilent/210292A6ED46A
INFO: [Labtools 27-1435] Device xc7a100t (JTAG device index = 0) is not programmed (DONE status = 0).
WARNING: [Labtoolstcl 44-129] No matching hw_ila_data was found.
set_property PROBES.FILE {} [get_hw_devices xc7a100t_0]
set_property FULL_PROBES.FILE {} [get_hw_devices xc7a100t_0]
set_property PROGRAM.FILE {F:/jisuanjizuchengyuanli/study/Analog_and_digital_circuit_experiment_improvement_class/labh6/labh6.runs/impl_1/Print.bit} [get_hw_devices xc7a100t_0]
program_hw_devices [get_hw_devices xc7a100t_0]
INFO: [Labtools 27-3164] End of startup status: HIGH
refresh_hw_device [lindex [get_hw_devices xc7a100t_0] 0]
INFO: [Labtools 27-1434] Device xc7a100t (JTAG device index = 0) is programmed with a design that has no supported debug core(s) in it.
ERROR: [Labtoolstcl 44-513] HW Target shutdown. Closing target: localhost:3121/xilinx_tcf/Digilent/210292A6ED46A
INFO: [Labtoolstcl 44-466] Opening hw_target localhost:3121/xilinx_tcf/Digilent/210292A6ED46A
INFO: [Labtools 27-1434] Device xc7a100t (JTAG device index = 0) is programmed with a design that has no supported debug core(s) in it.
WARNING: [Labtoolstcl 44-129] No matching hw_ila_data was found.
reset_run impl_1 -prev_step 
launch_runs impl_1 -to_step write_bitstream -jobs 8
WARNING: [Vivado 12-872] Run step 'Design Initialization' is out-of-date.
[Sun May 15 09:24:21 2022] Launched impl_1...
Run output will be captured here: F:/jisuanjizuchengyuanli/study/Analog_and_digital_circuit_experiment_improvement_class/labh6/labh6.runs/impl_1/runme.log
set_property PROBES.FILE {} [get_hw_devices xc7a100t_0]
set_property FULL_PROBES.FILE {} [get_hw_devices xc7a100t_0]
set_property PROGRAM.FILE {F:/jisuanjizuchengyuanli/study/Analog_and_digital_circuit_experiment_improvement_class/labh6/labh6.runs/impl_1/Print.bit} [get_hw_devices xc7a100t_0]
program_hw_devices [get_hw_devices xc7a100t_0]
INFO: [Labtools 27-3164] End of startup status: HIGH
refresh_hw_device [lindex [get_hw_devices xc7a100t_0] 0]
INFO: [Labtools 27-1434] Device xc7a100t (JTAG device index = 0) is programmed with a design that has no supported debug core(s) in it.
reset_run synth_1
launch_runs impl_1 -to_step write_bitstream -jobs 8
[Sun May 15 09:26:37 2022] Launched synth_1...
Run output will be captured here: F:/jisuanjizuchengyuanli/study/Analog_and_digital_circuit_experiment_improvement_class/labh6/labh6.runs/synth_1/runme.log
[Sun May 15 09:26:37 2022] Launched impl_1...
Run output will be captured here: F:/jisuanjizuchengyuanli/study/Analog_and_digital_circuit_experiment_improvement_class/labh6/labh6.runs/impl_1/runme.log
set_property PROBES.FILE {} [get_hw_devices xc7a100t_0]
set_property FULL_PROBES.FILE {} [get_hw_devices xc7a100t_0]
set_property PROGRAM.FILE {F:/jisuanjizuchengyuanli/study/Analog_and_digital_circuit_experiment_improvement_class/labh6/labh6.runs/impl_1/Print.bit} [get_hw_devices xc7a100t_0]
program_hw_devices [get_hw_devices xc7a100t_0]
INFO: [Labtools 27-3164] End of startup status: HIGH
refresh_hw_device [lindex [get_hw_devices xc7a100t_0] 0]
INFO: [Labtools 27-1434] Device xc7a100t (JTAG device index = 0) is programmed with a design that has no supported debug core(s) in it.
WARNING: [IP_Flow 19-4067] Ignoring invalid widget type specified checkbox.Providing a default widget
WARNING: [IP_Flow 19-4067] Ignoring invalid widget type specified checkbox.Providing a default widget
INFO: [IP_Flow 19-3484] Absolute path of file 'f:/jisuanjizuchengyuanli/study/Analog_and_digital_circuit_experiment_improvement_class/labh6/labh6.srcs/sources_1/ip/coe.coe' provided. It will be converted relative to IP Instance files '../../../../labh6.srcs/sources_1/ip/coe.coe'
INFO: [IP_Flow 19-3484] Absolute path of file 'f:/jisuanjizuchengyuanli/study/Analog_and_digital_circuit_experiment_improvement_class/labh6/labh6.srcs/sources_1/ip/coe.coe' provided. It will be converted relative to IP Instance files '../../../../labh6.srcs/sources_1/ip/coe.coe'
set_property -dict [list CONFIG.Coe_File {f:/jisuanjizuchengyuanli/study/Analog_and_digital_circuit_experiment_improvement_class/labh6/labh6.srcs/sources_1/ip/coe.coe}] [get_ips VRAM]
INFO: [IP_Flow 19-3484] Absolute path of file 'f:/jisuanjizuchengyuanli/study/Analog_and_digital_circuit_experiment_improvement_class/labh6/labh6.srcs/sources_1/ip/coe.coe' provided. It will be converted relative to IP Instance files '../coe.coe'
generate_target all [get_files  F:/jisuanjizuchengyuanli/study/Analog_and_digital_circuit_experiment_improvement_class/labh6/labh6.srcs/sources_1/ip/VRAM_1/VRAM.xci]
INFO: [IP_Flow 19-1686] Generating 'Instantiation Template' target for IP 'VRAM'...
INFO: [IP_Flow 19-1686] Generating 'Synthesis' target for IP 'VRAM'...
INFO: [IP_Flow 19-1686] Generating 'Simulation' target for IP 'VRAM'...
INFO: [IP_Flow 19-1686] Generating 'Miscellaneous' target for IP 'VRAM'...
INFO: [IP_Flow 19-1686] Generating 'Change Log' target for IP 'VRAM'...
catch { config_ip_cache -export [get_ips -all VRAM] }
export_ip_user_files -of_objects [get_files F:/jisuanjizuchengyuanli/study/Analog_and_digital_circuit_experiment_improvement_class/labh6/labh6.srcs/sources_1/ip/VRAM_1/VRAM.xci] -no_script -sync -force -quiet
reset_run VRAM_synth_1
launch_runs -jobs 8 VRAM_synth_1
[Sun May 15 09:30:01 2022] Launched VRAM_synth_1...
Run output will be captured here: F:/jisuanjizuchengyuanli/study/Analog_and_digital_circuit_experiment_improvement_class/labh6/labh6.runs/VRAM_synth_1/runme.log
export_simulation -of_objects [get_files F:/jisuanjizuchengyuanli/study/Analog_and_digital_circuit_experiment_improvement_class/labh6/labh6.srcs/sources_1/ip/VRAM_1/VRAM.xci] -directory F:/jisuanjizuchengyuanli/study/Analog_and_digital_circuit_experiment_improvement_class/labh6/labh6.ip_user_files/sim_scripts -ip_user_files_dir F:/jisuanjizuchengyuanli/study/Analog_and_digital_circuit_experiment_improvement_class/labh6/labh6.ip_user_files -ipstatic_source_dir F:/jisuanjizuchengyuanli/study/Analog_and_digital_circuit_experiment_improvement_class/labh6/labh6.ip_user_files/ipstatic -lib_map_path [list {modelsim=F:/jisuanjizuchengyuanli/study/Analog_and_digital_circuit_experiment_improvement_class/labh6/labh6.cache/compile_simlib/modelsim} {questa=F:/jisuanjizuchengyuanli/study/Analog_and_digital_circuit_experiment_improvement_class/labh6/labh6.cache/compile_simlib/questa} {riviera=F:/jisuanjizuchengyuanli/study/Analog_and_digital_circuit_experiment_improvement_class/labh6/labh6.cache/compile_simlib/riviera} {activehdl=F:/jisuanjizuchengyuanli/study/Analog_and_digital_circuit_experiment_improvement_class/labh6/labh6.cache/compile_simlib/activehdl}] -use_ip_compiled_libs -force -quiet
reset_run synth_1
WARNING: [Vivado 12-1017] Problems encountered:
1. Failed to delete one or more files in run directory F:/jisuanjizuchengyuanli/study/Analog_and_digital_circuit_experiment_improvement_class/labh6/labh6.runs/synth_1

launch_runs impl_1 -to_step write_bitstream -jobs 8
[Sun May 15 09:31:03 2022] Launched VRAM_synth_1, synth_1...
Run output will be captured here:
VRAM_synth_1: F:/jisuanjizuchengyuanli/study/Analog_and_digital_circuit_experiment_improvement_class/labh6/labh6.runs/VRAM_synth_1/runme.log
synth_1: F:/jisuanjizuchengyuanli/study/Analog_and_digital_circuit_experiment_improvement_class/labh6/labh6.runs/synth_1/runme.log
[Sun May 15 09:31:03 2022] Launched impl_1...
Run output will be captured here: F:/jisuanjizuchengyuanli/study/Analog_and_digital_circuit_experiment_improvement_class/labh6/labh6.runs/impl_1/runme.log
ERROR: [Labtoolstcl 44-513] HW Target shutdown. Closing target: localhost:3121/xilinx_tcf/Digilent/210292A6ED46A
INFO: [Labtoolstcl 44-466] Opening hw_target localhost:3121/xilinx_tcf/Digilent/210292A6ED46A
INFO: [Labtools 27-1434] Device xc7a100t (JTAG device index = 0) is programmed with a design that has no supported debug core(s) in it.
WARNING: [Labtoolstcl 44-129] No matching hw_ila_data was found.
ERROR: [Labtoolstcl 44-513] HW Target shutdown. Closing target: localhost:3121/xilinx_tcf/Digilent/210292A6ED46A
INFO: [Labtoolstcl 44-466] Opening hw_target localhost:3121/xilinx_tcf/Digilent/210292A6ED46A
INFO: [Labtools 27-1435] Device xc7a100t (JTAG device index = 0) is not programmed (DONE status = 0).
WARNING: [Labtoolstcl 44-129] No matching hw_ila_data was found.
set_property PROBES.FILE {} [get_hw_devices xc7a100t_0]
set_property FULL_PROBES.FILE {} [get_hw_devices xc7a100t_0]
set_property PROGRAM.FILE {F:/jisuanjizuchengyuanli/study/Analog_and_digital_circuit_experiment_improvement_class/labh6/labh6.runs/impl_1/Print.bit} [get_hw_devices xc7a100t_0]
program_hw_devices [get_hw_devices xc7a100t_0]
INFO: [Labtools 27-3164] End of startup status: HIGH
refresh_hw_device [lindex [get_hw_devices xc7a100t_0] 0]
INFO: [Labtools 27-1434] Device xc7a100t (JTAG device index = 0) is programmed with a design that has no supported debug core(s) in it.
reset_run impl_1 -prev_step 
launch_runs impl_1 -to_step write_bitstream -jobs 8
WARNING: [Vivado 12-872] Run step 'Design Initialization' is out-of-date.
[Sun May 15 09:35:04 2022] Launched impl_1...
Run output will be captured here: F:/jisuanjizuchengyuanli/study/Analog_and_digital_circuit_experiment_improvement_class/labh6/labh6.runs/impl_1/runme.log
update_compile_order -fileset sources_1
set_property PROBES.FILE {} [get_hw_devices xc7a100t_0]
set_property FULL_PROBES.FILE {} [get_hw_devices xc7a100t_0]
set_property PROGRAM.FILE {F:/jisuanjizuchengyuanli/study/Analog_and_digital_circuit_experiment_improvement_class/labh6/labh6.runs/impl_1/Print.bit} [get_hw_devices xc7a100t_0]
program_hw_devices [get_hw_devices xc7a100t_0]
INFO: [Labtools 27-3164] End of startup status: HIGH
refresh_hw_device [lindex [get_hw_devices xc7a100t_0] 0]
INFO: [Labtools 27-1434] Device xc7a100t (JTAG device index = 0) is programmed with a design that has no supported debug core(s) in it.
reset_run synth_1
launch_runs impl_1 -to_step write_bitstream -jobs 8
[Sun May 15 09:38:55 2022] Launched synth_1...
Run output will be captured here: F:/jisuanjizuchengyuanli/study/Analog_and_digital_circuit_experiment_improvement_class/labh6/labh6.runs/synth_1/runme.log
[Sun May 15 09:38:55 2022] Launched impl_1...
Run output will be captured here: F:/jisuanjizuchengyuanli/study/Analog_and_digital_circuit_experiment_improvement_class/labh6/labh6.runs/impl_1/runme.log
set_property PROBES.FILE {} [get_hw_devices xc7a100t_0]
set_property FULL_PROBES.FILE {} [get_hw_devices xc7a100t_0]
set_property PROGRAM.FILE {F:/jisuanjizuchengyuanli/study/Analog_and_digital_circuit_experiment_improvement_class/labh6/labh6.runs/impl_1/Print.bit} [get_hw_devices xc7a100t_0]
program_hw_devices [get_hw_devices xc7a100t_0]
INFO: [Labtools 27-3164] End of startup status: HIGH
refresh_hw_device [lindex [get_hw_devices xc7a100t_0] 0]
INFO: [Labtools 27-1434] Device xc7a100t (JTAG device index = 0) is programmed with a design that has no supported debug core(s) in it.
reset_run synth_1
launch_runs impl_1 -to_step write_bitstream -jobs 8
[Sun May 15 09:45:28 2022] Launched synth_1...
Run output will be captured here: F:/jisuanjizuchengyuanli/study/Analog_and_digital_circuit_experiment_improvement_class/labh6/labh6.runs/synth_1/runme.log
[Sun May 15 09:45:28 2022] Launched impl_1...
Run output will be captured here: F:/jisuanjizuchengyuanli/study/Analog_and_digital_circuit_experiment_improvement_class/labh6/labh6.runs/impl_1/runme.log
WARNING: [IP_Flow 19-4067] Ignoring invalid widget type specified checkbox.Providing a default widget
WARNING: [IP_Flow 19-4067] Ignoring invalid widget type specified checkbox.Providing a default widget
INFO: [IP_Flow 19-3484] Absolute path of file 'f:/jisuanjizuchengyuanli/study/Analog_and_digital_circuit_experiment_improvement_class/labh6/labh6.srcs/sources_1/ip/coe.coe' provided. It will be converted relative to IP Instance files '../../../../labh6.srcs/sources_1/ip/coe.coe'
ERROR: [Labtoolstcl 44-513] HW Target shutdown. Closing target: localhost:3121/xilinx_tcf/Digilent/210292A6ED46A
INFO: [Labtoolstcl 44-466] Opening hw_target localhost:3121/xilinx_tcf/Digilent/210292A6ED46A
INFO: [Labtools 27-1434] Device xc7a100t (JTAG device index = 0) is programmed with a design that has no supported debug core(s) in it.
WARNING: [Labtoolstcl 44-129] No matching hw_ila_data was found.
reset_run impl_1 -prev_step 
launch_runs impl_1 -to_step write_bitstream -jobs 8
[Sun May 15 09:52:59 2022] Launched impl_1...
Run output will be captured here: F:/jisuanjizuchengyuanli/study/Analog_and_digital_circuit_experiment_improvement_class/labh6/labh6.runs/impl_1/runme.log
set_property PROBES.FILE {} [get_hw_devices xc7a100t_0]
set_property FULL_PROBES.FILE {} [get_hw_devices xc7a100t_0]
set_property PROGRAM.FILE {F:/jisuanjizuchengyuanli/study/Analog_and_digital_circuit_experiment_improvement_class/labh6/labh6.runs/impl_1/Print.bit} [get_hw_devices xc7a100t_0]
program_hw_devices [get_hw_devices xc7a100t_0]
INFO: [Labtools 27-3164] End of startup status: HIGH
refresh_hw_device [lindex [get_hw_devices xc7a100t_0] 0]
INFO: [Labtools 27-1434] Device xc7a100t (JTAG device index = 0) is programmed with a design that has no supported debug core(s) in it.
reset_run synth_1
launch_runs impl_1 -to_step write_bitstream -jobs 8
[Sun May 15 09:57:16 2022] Launched synth_1...
Run output will be captured here: F:/jisuanjizuchengyuanli/study/Analog_and_digital_circuit_experiment_improvement_class/labh6/labh6.runs/synth_1/runme.log
[Sun May 15 09:57:16 2022] Launched impl_1...
Run output will be captured here: F:/jisuanjizuchengyuanli/study/Analog_and_digital_circuit_experiment_improvement_class/labh6/labh6.runs/impl_1/runme.log
ERROR: [Labtoolstcl 44-513] HW Target shutdown. Closing target: localhost:3121/xilinx_tcf/Digilent/210292A6ED46A
INFO: [Labtoolstcl 44-466] Opening hw_target localhost:3121/xilinx_tcf/Digilent/210292A6ED46A
INFO: [Labtools 27-1434] Device xc7a100t (JTAG device index = 0) is programmed with a design that has no supported debug core(s) in it.
WARNING: [Labtoolstcl 44-129] No matching hw_ila_data was found.
reset_run impl_1
launch_runs impl_1 -to_step write_bitstream -jobs 8
[Sun May 15 10:02:32 2022] Launched impl_1...
Run output will be captured here: F:/jisuanjizuchengyuanli/study/Analog_and_digital_circuit_experiment_improvement_class/labh6/labh6.runs/impl_1/runme.log
ERROR: [Labtoolstcl 44-513] HW Target shutdown. Closing target: localhost:3121/xilinx_tcf/Digilent/210292A6ED46A
INFO: [Labtoolstcl 44-466] Opening hw_target localhost:3121/xilinx_tcf/Digilent/210292A6ED46A
INFO: [Labtools 27-1434] Device xc7a100t (JTAG device index = 0) is programmed with a design that has no supported debug core(s) in it.
WARNING: [Labtoolstcl 44-129] No matching hw_ila_data was found.
ERROR: [Labtoolstcl 44-513] HW Target shutdown. Closing target: localhost:3121/xilinx_tcf/Digilent/210292A6ED46A
INFO: [Labtoolstcl 44-466] Opening hw_target localhost:3121/xilinx_tcf/Digilent/210292A6ED46A
INFO: [Labtools 27-1434] Device xc7a100t (JTAG device index = 0) is programmed with a design that has no supported debug core(s) in it.
WARNING: [Labtoolstcl 44-129] No matching hw_ila_data was found.
ERROR: [Labtoolstcl 44-513] HW Target shutdown. Closing target: localhost:3121/xilinx_tcf/Digilent/210292A6ED46A
INFO: [Labtoolstcl 44-466] Opening hw_target localhost:3121/xilinx_tcf/Digilent/210292A6ED46A
INFO: [Labtools 27-1434] Device xc7a100t (JTAG device index = 0) is programmed with a design that has no supported debug core(s) in it.
WARNING: [Labtoolstcl 44-129] No matching hw_ila_data was found.
ERROR: [Labtoolstcl 44-513] HW Target shutdown. Closing target: localhost:3121/xilinx_tcf/Digilent/210292A6ED46A
INFO: [Labtoolstcl 44-466] Opening hw_target localhost:3121/xilinx_tcf/Digilent/210292A6ED46A
INFO: [Labtools 27-1434] Device xc7a100t (JTAG device index = 0) is programmed with a design that has no supported debug core(s) in it.
WARNING: [Labtoolstcl 44-129] No matching hw_ila_data was found.
ERROR: [Labtoolstcl 44-513] HW Target shutdown. Closing target: localhost:3121/xilinx_tcf/Digilent/210292A6ED46A
reset_run impl_1
INFO: [Labtoolstcl 44-466] Opening hw_target localhost:3121/xilinx_tcf/Digilent/210292A6ED46A
INFO: [Labtools 27-1435] Device xc7a100t (JTAG device index = 0) is not programmed (DONE status = 0).
WARNING: [Labtoolstcl 44-129] No matching hw_ila_data was found.
ERROR: [Labtoolstcl 44-513] HW Target shutdown. Closing target: localhost:3121/xilinx_tcf/Digilent/210292A6ED46A
INFO: [Labtoolstcl 44-466] Opening hw_target localhost:3121/xilinx_tcf/Digilent/210292A6ED46A
INFO: [Labtools 27-1434] Device xc7a100t (JTAG device index = 0) is programmed with a design that has no supported debug core(s) in it.
WARNING: [Labtoolstcl 44-129] No matching hw_ila_data was found.
ERROR: [Labtoolstcl 44-513] HW Target shutdown. Closing target: localhost:3121/xilinx_tcf/Digilent/210292A6ED46A
INFO: [Labtoolstcl 44-466] Opening hw_target localhost:3121/xilinx_tcf/Digilent/210292A6ED46A
INFO: [Labtools 27-1435] Device xc7a100t (JTAG device index = 0) is not programmed (DONE status = 0).
WARNING: [Labtoolstcl 44-129] No matching hw_ila_data was found.
ERROR: [Labtoolstcl 44-513] HW Target shutdown. Closing target: localhost:3121/xilinx_tcf/Digilent/210292A6ED46A
INFO: [Labtoolstcl 44-466] Opening hw_target localhost:3121/xilinx_tcf/Digilent/210292A6ED46A
INFO: [Labtools 27-1434] Device xc7a100t (JTAG device index = 0) is programmed with a design that has no supported debug core(s) in it.
WARNING: [Labtoolstcl 44-129] No matching hw_ila_data was found.
ERROR: [Labtoolstcl 44-513] HW Target shutdown. Closing target: localhost:3121/xilinx_tcf/Digilent/210292A6ED46A
INFO: [Labtoolstcl 44-466] Opening hw_target localhost:3121/xilinx_tcf/Digilent/210292A6ED46A
INFO: [Labtools 27-1435] Device xc7a100t (JTAG device index = 0) is not programmed (DONE status = 0).
WARNING: [Labtoolstcl 44-129] No matching hw_ila_data was found.
ERROR: [Labtoolstcl 44-513] HW Target shutdown. Closing target: localhost:3121/xilinx_tcf/Digilent/210292A6ED46A
exit
INFO: [Common 17-206] Exiting Vivado at Sun May 15 15:07:51 2022...
