#-----------------------------------------------------------
# Vivado v2019.1 (64-bit)
# SW Build 2552052 on Fri May 24 14:49:42 MDT 2019
# IP Build 2548770 on Fri May 24 18:01:18 MDT 2019
# Start of session at: Wed Dec 22 20:46:21 2021
# Process ID: 16440
# Current directory: D:/moshushiyan/labh6_3/lab7_1
# Command line: vivado.exe -gui_launcher_event rodinguilauncherevent9436 D:\moshushiyan\labh6_3\lab7_1\lab7.xpr
# Log file: D:/moshushiyan/labh6_3/lab7_1/vivado.log
# Journal file: D:/moshushiyan/labh6_3/lab7_1\vivado.jou
#-----------------------------------------------------------
start_gui
open_project D:/moshushiyan/labh6_3/lab7_1/lab7.xpr
INFO: [Project 1-313] Project file moved from 'D:/moshushiyan/lab7_1' since last save.
Scanning sources...
Finished scanning sources
INFO: [IP_Flow 19-234] Refreshing IP repositories
INFO: [IP_Flow 19-1704] No user IP repositories specified
INFO: [IP_Flow 19-2313] Loaded Vivado IP repository 'D:/Xilinx/Vivado/2019.1/data/ip'.
open_project: Time (s): cpu = 00:00:20 ; elapsed = 00:00:08 . Memory (MB): peak = 753.258 ; gain = 126.805
update_compile_order -fileset sources_1
close [ open D:/moshushiyan/labh6_3/lab7_1/lab7.srcs/sources_1/new/mux_music.v w ]
add_files D:/moshushiyan/labh6_3/lab7_1/lab7.srcs/sources_1/new/mux_music.v
update_compile_order -fileset sources_1
update_compile_order -fileset sources_1
close [ open D:/moshushiyan/labh6_3/lab7_1/lab7.srcs/sources_1/new/Bpmusic2.v w ]
add_files D:/moshushiyan/labh6_3/lab7_1/lab7.srcs/sources_1/new/Bpmusic2.v
update_compile_order -fileset sources_1
close [ open D:/moshushiyan/labh6_3/lab7_1/lab7.srcs/sources_1/new/Bpmusic3.v w ]
add_files D:/moshushiyan/labh6_3/lab7_1/lab7.srcs/sources_1/new/Bpmusic3.v
update_compile_order -fileset sources_1
close [ open D:/moshushiyan/labh6_3/lab7_1/lab7.srcs/sources_1/new/Bpmusic4.v w ]
add_files D:/moshushiyan/labh6_3/lab7_1/lab7.srcs/sources_1/new/Bpmusic4.v
update_compile_order -fileset sources_1
update_compile_order -fileset sources_1
reset_run synth_1
launch_runs impl_1 -to_step write_bitstream -jobs 8
[Wed Dec 22 21:08:06 2021] Launched synth_1...
Run output will be captured here: D:/moshushiyan/labh6_3/lab7_1/lab7.runs/synth_1/runme.log
[Wed Dec 22 21:08:06 2021] Launched impl_1...
Run output will be captured here: D:/moshushiyan/labh6_3/lab7_1/lab7.runs/impl_1/runme.log
open_hw
connect_hw_server
INFO: [Labtools 27-2285] Connecting to hw_server url TCP:localhost:3121
open_hw_target
INFO: [Labtoolstcl 44-466] Opening hw_target localhost:3121/xilinx_tcf/Digilent/210292A8B5E3A
open_hw_target: Time (s): cpu = 00:00:06 ; elapsed = 00:00:07 . Memory (MB): peak = 1940.320 ; gain = 878.367
set_property PROGRAM.FILE {D:/moshushiyan/labh6_3/lab7_1/lab7.runs/impl_1/project_all.bit} [get_hw_devices xc7a100t_0]
current_hw_device [get_hw_devices xc7a100t_0]
refresh_hw_device -update_hw_probes false [lindex [get_hw_devices xc7a100t_0] 0]
INFO: [Labtools 27-1434] Device xc7a100t (JTAG device index = 0) is programmed with a design that has no supported debug core(s) in it.
set_property PROBES.FILE {} [get_hw_devices xc7a100t_0]
set_property FULL_PROBES.FILE {} [get_hw_devices xc7a100t_0]
set_property PROGRAM.FILE {D:/moshushiyan/labh6_3/lab7_1/lab7.runs/impl_1/project_all.bit} [get_hw_devices xc7a100t_0]
program_hw_devices [get_hw_devices xc7a100t_0]
INFO: [Labtools 27-3164] End of startup status: HIGH
refresh_hw_device [lindex [get_hw_devices xc7a100t_0] 0]
INFO: [Labtools 27-1434] Device xc7a100t (JTAG device index = 0) is programmed with a design that has no supported debug core(s) in it.
ERROR: [Labtoolstcl 44-513] HW Target shutdown. Closing target: localhost:3121/xilinx_tcf/Digilent/210292A8B5E3A
INFO: [Labtoolstcl 44-466] Opening hw_target localhost:3121/xilinx_tcf/Digilent/210292A8B5E3A
INFO: [Labtools 27-1434] Device xc7a100t (JTAG device index = 0) is programmed with a design that has no supported debug core(s) in it.
WARNING: [Labtoolstcl 44-129] No matching hw_ila_data was found.
ERROR: [Labtoolstcl 44-513] HW Target shutdown. Closing target: localhost:3121/xilinx_tcf/Digilent/210292A8B5E3A
INFO: [Labtoolstcl 44-466] Opening hw_target localhost:3121/xilinx_tcf/Digilent/210292A8B5E3A
INFO: [Labtools 27-1434] Device xc7a100t (JTAG device index = 0) is programmed with a design that has no supported debug core(s) in it.
WARNING: [Labtoolstcl 44-129] No matching hw_ila_data was found.
ERROR: [Labtoolstcl 44-513] HW Target shutdown. Closing target: localhost:3121/xilinx_tcf/Digilent/210292A8B5E3A
INFO: [Labtoolstcl 44-466] Opening hw_target localhost:3121/xilinx_tcf/Digilent/210292A8B5E3A
INFO: [Labtools 27-1434] Device xc7a100t (JTAG device index = 0) is programmed with a design that has no supported debug core(s) in it.
WARNING: [Labtoolstcl 44-129] No matching hw_ila_data was found.
ERROR: [Labtoolstcl 44-513] HW Target shutdown. Closing target: localhost:3121/xilinx_tcf/Digilent/210292A8B5E3A
