#-----------------------------------------------------------
# Vivado v2019.1 (64-bit)
# SW Build 2552052 on Fri May 24 14:49:42 MDT 2019
# IP Build 2548770 on Fri May 24 18:01:18 MDT 2019
# Start of session at: Thu Dec 23 12:38:00 2021
# Process ID: 6768
# Current directory: D:/moshushiyan/labh6_3/labh6
# Command line: vivado.exe -gui_launcher_event rodinguilauncherevent1396 D:\moshushiyan\labh6_3\labh6\labh6.xpr
# Log file: D:/moshushiyan/labh6_3/labh6/vivado.log
# Journal file: D:/moshushiyan/labh6_3/labh6\vivado.jou
#-----------------------------------------------------------
start_gui
open_project D:/moshushiyan/labh6_3/labh6/labh6.xpr
Scanning sources...
Finished scanning sources
INFO: [IP_Flow 19-234] Refreshing IP repositories
INFO: [IP_Flow 19-1704] No user IP repositories specified
INFO: [IP_Flow 19-2313] Loaded Vivado IP repository 'D:/Xilinx/Vivado/2019.1/data/ip'.
open_project: Time (s): cpu = 00:00:28 ; elapsed = 00:00:11 . Memory (MB): peak = 731.492 ; gain = 130.336
update_compile_order -fileset sources_1
exit
INFO: [Common 17-206] Exiting Vivado at Thu Dec 23 19:11:09 2021...
