#-----------------------------------------------------------
# Vivado v2019.1 (64-bit)
# SW Build 2552052 on Fri May 24 14:49:42 MDT 2019
# IP Build 2548770 on Fri May 24 18:01:18 MDT 2019
# Start of session at: Sun Apr 24 09:07:24 2022
# Process ID: 19276
# Current directory: F:/jisuanjizuchengyuanli/vivado2.2/lab5
# Command line: vivado.exe -gui_launcher_event rodinguilauncherevent23388 F:\jisuanjizuchengyuanli\vivado2.2\lab5\lab5.xpr
# Log file: F:/jisuanjizuchengyuanli/vivado2.2/lab5/vivado.log
# Journal file: F:/jisuanjizuchengyuanli/vivado2.2/lab5\vivado.jou
#-----------------------------------------------------------
start_gui
open_project F:/jisuanjizuchengyuanli/vivado2.2/lab5/lab5.xpr
Scanning sources...
Finished scanning sources
INFO: [IP_Flow 19-234] Refreshing IP repositories
INFO: [IP_Flow 19-1704] No user IP repositories specified
INFO: [IP_Flow 19-2313] Loaded Vivado IP repository 'D:/Xilinx/Vivado/2019.1/data/ip'.
update_compile_order -fileset sources_1
launch_simulation
INFO: [Vivado 12-5698] Checking validity of IPs in the design for the 'XSim' simulator...
INFO: [Vivado 12-5682] Launching behavioral simulation in 'F:/jisuanjizuchengyuanli/vivado2.2/lab5/lab5.sim/sim_1/behav/xsim'
INFO: [Vivado 12-4795] Using compiled simulation libraries for IPs
INFO: [SIM-utils-51] Simulation object is 'sim_1'
INFO: [USF-XSim-7] Finding pre-compiled libraries...
INFO: [USF-XSim-11] File 'D:/Xilinx/Vivado/2019.1/data/xsim/xsim.ini' copied to run dir:'F:/jisuanjizuchengyuanli/vivado2.2/lab5/lab5.sim/sim_1/behav/xsim'
INFO: [SIM-utils-54] Inspecting design source files for 'pdu_cpu_tb' in fileset 'sim_1'...
INFO: [SIM-utils-43] Exported 'F:/jisuanjizuchengyuanli/vivado2.2/lab5/lab5.sim/sim_1/behav/xsim/data_memory.mif'
INFO: [SIM-utils-43] Exported 'F:/jisuanjizuchengyuanli/vivado2.2/lab5/lab5.sim/sim_1/behav/xsim/data.coe'
INFO: [SIM-utils-43] Exported 'F:/jisuanjizuchengyuanli/vivado2.2/lab5/lab5.sim/sim_1/behav/xsim/instrcution_memory.mif'
INFO: [SIM-utils-43] Exported 'F:/jisuanjizuchengyuanli/vivado2.2/lab5/lab5.sim/sim_1/behav/xsim/hazards_test.coe'
INFO: [USF-XSim-97] Finding global include files...
INFO: [USF-XSim-98] Fetching design files from 'sim_1'...
INFO: [USF-XSim-2] XSim::Compile design
INFO: [USF-XSim-61] Executing 'COMPILE and ANALYZE' step in 'F:/jisuanjizuchengyuanli/vivado2.2/lab5/lab5.sim/sim_1/behav/xsim'
"xvlog --incr --relax -prj pdu_cpu_tb_vlog.prj"
INFO: [USF-XSim-69] 'compile' step finished in '2' seconds
INFO: [USF-XSim-3] XSim::Elaborate design
INFO: [USF-XSim-61] Executing 'ELABORATE' step in 'F:/jisuanjizuchengyuanli/vivado2.2/lab5/lab5.sim/sim_1/behav/xsim'
"xelab -wto 9d6eb58619af4e29ac0b3a9d2303dc13 --incr --debug typical --relax --mt 2 -L dist_mem_gen_v8_0_13 -L xil_defaultlib -L unisims_ver -L unimacro_ver -L secureip -L xpm --snapshot pdu_cpu_tb_behav xil_defaultlib.pdu_cpu_tb xil_defaultlib.glbl -log elaborate.log"
Vivado Simulator 2019.1
Copyright 1986-1999, 2001-2019 Xilinx, Inc. All Rights Reserved.
Running: D:/Xilinx/Vivado/2019.1/bin/unwrapped/win64.o/xelab.exe -wto 9d6eb58619af4e29ac0b3a9d2303dc13 --incr --debug typical --relax --mt 2 -L dist_mem_gen_v8_0_13 -L xil_defaultlib -L unisims_ver -L unimacro_ver -L secureip -L xpm --snapshot pdu_cpu_tb_behav xil_defaultlib.pdu_cpu_tb xil_defaultlib.glbl -log elaborate.log 
Using 2 slave threads.
Starting static elaboration
WARNING: [VRFC 10-3091] actual bit length 32 differs from formal bit length 8 for port 'a' [F:/jisuanjizuchengyuanli/vivado2.2/lab5/lab5.srcs/sources_1/new/cpu_pl.v:79]
WARNING: [VRFC 10-3091] actual bit length 8 differs from formal bit length 5 for port 'ra2' [F:/jisuanjizuchengyuanli/vivado2.2/lab5/lab5.srcs/sources_1/new/cpu_pl.v:109]
WARNING: [VRFC 10-3091] actual bit length 5 differs from formal bit length 1 for port 'rd' [F:/jisuanjizuchengyuanli/vivado2.2/lab5/lab5.srcs/sources_1/new/cpu_pl.v:110]
WARNING: [VRFC 10-3091] actual bit length 32 differs from formal bit length 8 for port 'a' [F:/jisuanjizuchengyuanli/vivado2.2/lab5/lab5.srcs/sources_1/new/cpu_pl.v:187]
Completed static elaboration
INFO: [XSIM 43-4323] No Change in HDL. Linking previously generated obj files to create kernel
INFO: [USF-XSim-69] 'elaborate' step finished in '1' seconds
INFO: [USF-XSim-4] XSim::Simulate design
INFO: [USF-XSim-61] Executing 'SIMULATE' step in 'F:/jisuanjizuchengyuanli/vivado2.2/lab5/lab5.sim/sim_1/behav/xsim'
INFO: [USF-XSim-98] *** Running xsim
   with args "pdu_cpu_tb_behav -key {Behavioral:sim_1:Functional:pdu_cpu_tb} -tclbatch {pdu_cpu_tb.tcl} -log {simulate.log}"
INFO: [USF-XSim-8] Loading simulator feature
Vivado Simulator 2019.1
Time resolution is 1 ps
source pdu_cpu_tb.tcl
# set curr_wave [current_wave_config]
# if { [string length $curr_wave] == 0 } {
#   if { [llength [get_objects]] > 0} {
#     add_wave /
#     set_property needs_save false [current_wave_config]
#   } else {
#      send_msg_id Add_Wave-1 WARNING "No top level signals found. Simulator will start without a wave window. If you want to open a wave window go to 'File->New Waveform Configuration' or type 'create_wave_config' in the TCL console."
#   }
# }
# run 1000ns
WARNING: This core is supplied with a behavioral model. To model cycle-accurate behavior you must run timing simulation.
WARNING: This core is supplied with a behavioral model. To model cycle-accurate behavior you must run timing simulation.
WARNING: Too many words specified in data file data_memory.mif
WARNING in pdu_cpu_tb.p4.c1.d1.inst at time               325000 ns: 
Reading from out-of-range address. Max address in pdu_cpu_tb.p4.c1.d1.inst is         255
INFO: [USF-XSim-96] XSim completed. Design snapshot 'pdu_cpu_tb_behav' loaded.
INFO: [USF-XSim-97] XSim simulation ran for 1000ns
launch_simulation: Time (s): cpu = 00:00:09 ; elapsed = 00:00:07 . Memory (MB): peak = 749.102 ; gain = 21.949
relaunch_sim
INFO: [Vivado 12-5698] Checking validity of IPs in the design for the 'XSim' simulator...
INFO: [Vivado 12-5682] Launching behavioral simulation in 'F:/jisuanjizuchengyuanli/vivado2.2/lab5/lab5.sim/sim_1/behav/xsim'
INFO: [Vivado 12-4795] Using compiled simulation libraries for IPs
INFO: [SIM-utils-51] Simulation object is 'sim_1'
INFO: [USF-XSim-7] Finding pre-compiled libraries...
INFO: [USF-XSim-11] File 'D:/Xilinx/Vivado/2019.1/data/xsim/xsim.ini' copied to run dir:'F:/jisuanjizuchengyuanli/vivado2.2/lab5/lab5.sim/sim_1/behav/xsim'
INFO: [SIM-utils-54] Inspecting design source files for 'pdu_cpu_tb' in fileset 'sim_1'...
INFO: [SIM-utils-43] Exported 'F:/jisuanjizuchengyuanli/vivado2.2/lab5/lab5.sim/sim_1/behav/xsim/data_memory.mif'
INFO: [SIM-utils-43] Exported 'F:/jisuanjizuchengyuanli/vivado2.2/lab5/lab5.sim/sim_1/behav/xsim/data.coe'
INFO: [SIM-utils-43] Exported 'F:/jisuanjizuchengyuanli/vivado2.2/lab5/lab5.sim/sim_1/behav/xsim/instrcution_memory.mif'
INFO: [SIM-utils-43] Exported 'F:/jisuanjizuchengyuanli/vivado2.2/lab5/lab5.sim/sim_1/behav/xsim/hazards_test.coe'
INFO: [USF-XSim-97] Finding global include files...
INFO: [USF-XSim-98] Fetching design files from 'sim_1'...
INFO: [USF-XSim-2] XSim::Compile design
INFO: [USF-XSim-61] Executing 'COMPILE and ANALYZE' step in 'F:/jisuanjizuchengyuanli/vivado2.2/lab5/lab5.sim/sim_1/behav/xsim'
"xvlog --incr --relax -prj pdu_cpu_tb_vlog.prj"
INFO: [VRFC 10-2263] Analyzing Verilog file "F:/jisuanjizuchengyuanli/vivado2.2/lab5/lab5.srcs/sources_1/ip/data_memory/sim/data_memory.v" into library xil_defaultlib
INFO: [VRFC 10-311] analyzing module data_memory
INFO: [VRFC 10-2263] Analyzing Verilog file "F:/jisuanjizuchengyuanli/vivado2.2/lab5/lab5.srcs/sources_1/ip/instrcution_memory/sim/instrcution_memory.v" into library xil_defaultlib
INFO: [VRFC 10-311] analyzing module instrcution_memory
INFO: [VRFC 10-2263] Analyzing Verilog file "F:/jisuanjizuchengyuanli/vivado2.2/lab5/lab5.srcs/sources_1/new/Forwarding_unit.v" into library xil_defaultlib
INFO: [VRFC 10-311] analyzing module Forwarding_unit
INFO: [VRFC 10-2263] Analyzing Verilog file "F:/jisuanjizuchengyuanli/vivado2.2/lab5/lab5.srcs/sources_1/new/Hazard_detection_unit.v" into library xil_defaultlib
INFO: [VRFC 10-311] analyzing module Hazard_detection_unit
INFO: [VRFC 10-2263] Analyzing Verilog file "F:/jisuanjizuchengyuanli/vivado2.2/lab5/lab5.srcs/sources_1/new/RF.v" into library xil_defaultlib
INFO: [VRFC 10-311] analyzing module RF
INFO: [VRFC 10-2263] Analyzing Verilog file "F:/jisuanjizuchengyuanli/vivado2.2/lab5/lab5.srcs/sources_1/new/alu.v" into library xil_defaultlib
INFO: [VRFC 10-311] analyzing module alu
INFO: [VRFC 10-2263] Analyzing Verilog file "F:/jisuanjizuchengyuanli/vivado2.2/lab5/lab5.srcs/sources_1/new/control.v" into library xil_defaultlib
INFO: [VRFC 10-311] analyzing module control
INFO: [VRFC 10-2263] Analyzing Verilog file "F:/jisuanjizuchengyuanli/vivado2.2/lab5/lab5.srcs/sources_1/new/cpu_pl.v" into library xil_defaultlib
INFO: [VRFC 10-311] analyzing module cpu_pl
INFO: [VRFC 10-2263] Analyzing Verilog file "F:/jisuanjizuchengyuanli/vivado2.2/lab5/lab5.srcs/sources_1/new/imm_gen.v" into library xil_defaultlib
INFO: [VRFC 10-311] analyzing module imm_gen
INFO: [VRFC 10-2263] Analyzing Verilog file "F:/jisuanjizuchengyuanli/vivado2.2/lab5/lab5.srcs/sources_1/new/mux_2_32.v" into library xil_defaultlib
INFO: [VRFC 10-311] analyzing module mux_2_32
INFO: [VRFC 10-2263] Analyzing Verilog file "F:/jisuanjizuchengyuanli/vivado2.2/lab5/lab5.srcs/sources_1/new/mux_3_32.v" into library xil_defaultlib
INFO: [VRFC 10-311] analyzing module mux_3_32
INFO: [VRFC 10-2263] Analyzing Verilog file "F:/jisuanjizuchengyuanli/vivado2.2/lab5/lab5.srcs/sources_1/new/pc.v" into library xil_defaultlib
INFO: [VRFC 10-311] analyzing module pc
INFO: [VRFC 10-2263] Analyzing Verilog file "F:/jisuanjizuchengyuanli/vivado2.2/lab5/lab5.srcs/sources_1/new/pdu.v" into library xil_defaultlib
INFO: [VRFC 10-311] analyzing module pdu
INFO: [VRFC 10-2263] Analyzing Verilog file "F:/jisuanjizuchengyuanli/vivado2.2/lab5/lab5.srcs/sources_1/new/pdu_cpu.v" into library xil_defaultlib
INFO: [VRFC 10-311] analyzing module pdu_cpu
INFO: [VRFC 10-2263] Analyzing Verilog file "F:/jisuanjizuchengyuanli/vivado2.2/lab5/lab5.srcs/sim_1/new/pdu_cpu_tb.v" into library xil_defaultlib
INFO: [VRFC 10-311] analyzing module pdu_cpu_tb
INFO: [USF-XSim-69] 'compile' step finished in '1' seconds
INFO: [Vivado 12-5698] Checking validity of IPs in the design for the 'XSim' simulator...
INFO: [Vivado 12-5682] Launching behavioral simulation in 'F:/jisuanjizuchengyuanli/vivado2.2/lab5/lab5.sim/sim_1/behav/xsim'
INFO: [Vivado 12-4795] Using compiled simulation libraries for IPs
INFO: [USF-XSim-3] XSim::Elaborate design
INFO: [USF-XSim-61] Executing 'ELABORATE' step in 'F:/jisuanjizuchengyuanli/vivado2.2/lab5/lab5.sim/sim_1/behav/xsim'
"xelab -wto 9d6eb58619af4e29ac0b3a9d2303dc13 --incr --debug typical --relax --mt 2 -L dist_mem_gen_v8_0_13 -L xil_defaultlib -L unisims_ver -L unimacro_ver -L secureip -L xpm --snapshot pdu_cpu_tb_behav xil_defaultlib.pdu_cpu_tb xil_defaultlib.glbl -log elaborate.log"
Vivado Simulator 2019.1
Copyright 1986-1999, 2001-2019 Xilinx, Inc. All Rights Reserved.
Running: D:/Xilinx/Vivado/2019.1/bin/unwrapped/win64.o/xelab.exe -wto 9d6eb58619af4e29ac0b3a9d2303dc13 --incr --debug typical --relax --mt 2 -L dist_mem_gen_v8_0_13 -L xil_defaultlib -L unisims_ver -L unimacro_ver -L secureip -L xpm --snapshot pdu_cpu_tb_behav xil_defaultlib.pdu_cpu_tb xil_defaultlib.glbl -log elaborate.log 
Using 2 slave threads.
Starting static elaboration
WARNING: [VRFC 10-3091] actual bit length 32 differs from formal bit length 8 for port 'a' [F:/jisuanjizuchengyuanli/vivado2.2/lab5/lab5.srcs/sources_1/new/cpu_pl.v:79]
WARNING: [VRFC 10-3091] actual bit length 8 differs from formal bit length 5 for port 'ra2' [F:/jisuanjizuchengyuanli/vivado2.2/lab5/lab5.srcs/sources_1/new/cpu_pl.v:109]
WARNING: [VRFC 10-3091] actual bit length 5 differs from formal bit length 1 for port 'rd' [F:/jisuanjizuchengyuanli/vivado2.2/lab5/lab5.srcs/sources_1/new/cpu_pl.v:110]
WARNING: [VRFC 10-3091] actual bit length 32 differs from formal bit length 8 for port 'a' [F:/jisuanjizuchengyuanli/vivado2.2/lab5/lab5.srcs/sources_1/new/cpu_pl.v:187]
Completed static elaboration
Starting simulation data flow analysis
Completed simulation data flow analysis
Time Resolution for simulation is 1ps
Compiling module xil_defaultlib.pdu
Compiling module xil_defaultlib.pc
Compiling module dist_mem_gen_v8_0_13.dist_mem_gen_v8_0_13(C_FAMILY="a...
Compiling module xil_defaultlib.instrcution_memory
Compiling module xil_defaultlib.RF
Compiling module xil_defaultlib.Hazard_detection_unit
Compiling module xil_defaultlib.control
Compiling module xil_defaultlib.imm_gen
Compiling module xil_defaultlib.mux_2_32
Compiling module xil_defaultlib.Forwarding_unit
Compiling module xil_defaultlib.mux_3_32
Compiling module xil_defaultlib.alu
Compiling module dist_mem_gen_v8_0_13.dist_mem_gen_v8_0_13(C_FAMILY="a...
Compiling module xil_defaultlib.data_memory
Compiling module xil_defaultlib.cpu_pl
Compiling module xil_defaultlib.pdu_cpu
Compiling module xil_defaultlib.pdu_cpu_tb
Compiling module xil_defaultlib.glbl
Built simulation snapshot pdu_cpu_tb_behav
INFO: [USF-XSim-69] 'elaborate' step finished in '2' seconds
Vivado Simulator 2019.1
Time resolution is 1 ps
WARNING: This core is supplied with a behavioral model. To model cycle-accurate behavior you must run timing simulation.
WARNING: This core is supplied with a behavioral model. To model cycle-accurate behavior you must run timing simulation.
WARNING: Too many words specified in data file data_memory.mif
WARNING in pdu_cpu_tb.p4.c1.d1.inst at time               325000 ns: 
Reading from out-of-range address. Max address in pdu_cpu_tb.p4.c1.d1.inst is         255
relaunch_sim: Time (s): cpu = 00:00:02 ; elapsed = 00:00:07 . Memory (MB): peak = 768.750 ; gain = 0.000
relaunch_sim
INFO: [Vivado 12-5698] Checking validity of IPs in the design for the 'XSim' simulator...
INFO: [Vivado 12-5682] Launching behavioral simulation in 'F:/jisuanjizuchengyuanli/vivado2.2/lab5/lab5.sim/sim_1/behav/xsim'
INFO: [Vivado 12-4795] Using compiled simulation libraries for IPs
INFO: [SIM-utils-51] Simulation object is 'sim_1'
INFO: [USF-XSim-7] Finding pre-compiled libraries...
INFO: [USF-XSim-11] File 'D:/Xilinx/Vivado/2019.1/data/xsim/xsim.ini' copied to run dir:'F:/jisuanjizuchengyuanli/vivado2.2/lab5/lab5.sim/sim_1/behav/xsim'
INFO: [SIM-utils-54] Inspecting design source files for 'pdu_cpu_tb' in fileset 'sim_1'...
INFO: [SIM-utils-43] Exported 'F:/jisuanjizuchengyuanli/vivado2.2/lab5/lab5.sim/sim_1/behav/xsim/data_memory.mif'
INFO: [SIM-utils-43] Exported 'F:/jisuanjizuchengyuanli/vivado2.2/lab5/lab5.sim/sim_1/behav/xsim/data.coe'
INFO: [SIM-utils-43] Exported 'F:/jisuanjizuchengyuanli/vivado2.2/lab5/lab5.sim/sim_1/behav/xsim/instrcution_memory.mif'
INFO: [SIM-utils-43] Exported 'F:/jisuanjizuchengyuanli/vivado2.2/lab5/lab5.sim/sim_1/behav/xsim/hazards_test.coe'
INFO: [USF-XSim-97] Finding global include files...
INFO: [USF-XSim-98] Fetching design files from 'sim_1'...
INFO: [USF-XSim-2] XSim::Compile design
INFO: [USF-XSim-61] Executing 'COMPILE and ANALYZE' step in 'F:/jisuanjizuchengyuanli/vivado2.2/lab5/lab5.sim/sim_1/behav/xsim'
"xvlog --incr --relax -prj pdu_cpu_tb_vlog.prj"
INFO: [USF-XSim-69] 'compile' step finished in '1' seconds
INFO: [Vivado 12-5698] Checking validity of IPs in the design for the 'XSim' simulator...
INFO: [Vivado 12-5682] Launching behavioral simulation in 'F:/jisuanjizuchengyuanli/vivado2.2/lab5/lab5.sim/sim_1/behav/xsim'
INFO: [Vivado 12-4795] Using compiled simulation libraries for IPs
INFO: [USF-XSim-3] XSim::Elaborate design
INFO: [USF-XSim-61] Executing 'ELABORATE' step in 'F:/jisuanjizuchengyuanli/vivado2.2/lab5/lab5.sim/sim_1/behav/xsim'
"xelab -wto 9d6eb58619af4e29ac0b3a9d2303dc13 --incr --debug typical --relax --mt 2 -L dist_mem_gen_v8_0_13 -L xil_defaultlib -L unisims_ver -L unimacro_ver -L secureip -L xpm --snapshot pdu_cpu_tb_behav xil_defaultlib.pdu_cpu_tb xil_defaultlib.glbl -log elaborate.log"
Vivado Simulator 2019.1
Copyright 1986-1999, 2001-2019 Xilinx, Inc. All Rights Reserved.
Running: D:/Xilinx/Vivado/2019.1/bin/unwrapped/win64.o/xelab.exe -wto 9d6eb58619af4e29ac0b3a9d2303dc13 --incr --debug typical --relax --mt 2 -L dist_mem_gen_v8_0_13 -L xil_defaultlib -L unisims_ver -L unimacro_ver -L secureip -L xpm --snapshot pdu_cpu_tb_behav xil_defaultlib.pdu_cpu_tb xil_defaultlib.glbl -log elaborate.log 
Using 2 slave threads.
Starting static elaboration
WARNING: [VRFC 10-3091] actual bit length 32 differs from formal bit length 8 for port 'a' [F:/jisuanjizuchengyuanli/vivado2.2/lab5/lab5.srcs/sources_1/new/cpu_pl.v:79]
WARNING: [VRFC 10-3091] actual bit length 8 differs from formal bit length 5 for port 'ra2' [F:/jisuanjizuchengyuanli/vivado2.2/lab5/lab5.srcs/sources_1/new/cpu_pl.v:109]
WARNING: [VRFC 10-3091] actual bit length 5 differs from formal bit length 1 for port 'rd' [F:/jisuanjizuchengyuanli/vivado2.2/lab5/lab5.srcs/sources_1/new/cpu_pl.v:110]
WARNING: [VRFC 10-3091] actual bit length 32 differs from formal bit length 8 for port 'a' [F:/jisuanjizuchengyuanli/vivado2.2/lab5/lab5.srcs/sources_1/new/cpu_pl.v:187]
Completed static elaboration
INFO: [XSIM 43-4323] No Change in HDL. Linking previously generated obj files to create kernel
INFO: [USF-XSim-69] 'elaborate' step finished in '1' seconds
Vivado Simulator 2019.1
Time resolution is 1 ps
WARNING: This core is supplied with a behavioral model. To model cycle-accurate behavior you must run timing simulation.
WARNING: This core is supplied with a behavioral model. To model cycle-accurate behavior you must run timing simulation.
WARNING: Too many words specified in data file data_memory.mif
WARNING in pdu_cpu_tb.p4.c1.d1.inst at time               325000 ns: 
Reading from out-of-range address. Max address in pdu_cpu_tb.p4.c1.d1.inst is         255
relaunch_sim: Time (s): cpu = 00:00:02 ; elapsed = 00:00:06 . Memory (MB): peak = 771.230 ; gain = 0.000
relaunch_sim
INFO: [Vivado 12-5698] Checking validity of IPs in the design for the 'XSim' simulator...
INFO: [Vivado 12-5682] Launching behavioral simulation in 'F:/jisuanjizuchengyuanli/vivado2.2/lab5/lab5.sim/sim_1/behav/xsim'
INFO: [Vivado 12-4795] Using compiled simulation libraries for IPs
INFO: [SIM-utils-51] Simulation object is 'sim_1'
INFO: [USF-XSim-7] Finding pre-compiled libraries...
INFO: [USF-XSim-11] File 'D:/Xilinx/Vivado/2019.1/data/xsim/xsim.ini' copied to run dir:'F:/jisuanjizuchengyuanli/vivado2.2/lab5/lab5.sim/sim_1/behav/xsim'
INFO: [SIM-utils-54] Inspecting design source files for 'pdu_cpu_tb' in fileset 'sim_1'...
INFO: [SIM-utils-43] Exported 'F:/jisuanjizuchengyuanli/vivado2.2/lab5/lab5.sim/sim_1/behav/xsim/data_memory.mif'
INFO: [SIM-utils-43] Exported 'F:/jisuanjizuchengyuanli/vivado2.2/lab5/lab5.sim/sim_1/behav/xsim/data.coe'
INFO: [SIM-utils-43] Exported 'F:/jisuanjizuchengyuanli/vivado2.2/lab5/lab5.sim/sim_1/behav/xsim/instrcution_memory.mif'
INFO: [SIM-utils-43] Exported 'F:/jisuanjizuchengyuanli/vivado2.2/lab5/lab5.sim/sim_1/behav/xsim/hazards_test.coe'
INFO: [USF-XSim-97] Finding global include files...
INFO: [USF-XSim-98] Fetching design files from 'sim_1'...
INFO: [USF-XSim-2] XSim::Compile design
INFO: [USF-XSim-61] Executing 'COMPILE and ANALYZE' step in 'F:/jisuanjizuchengyuanli/vivado2.2/lab5/lab5.sim/sim_1/behav/xsim'
"xvlog --incr --relax -prj pdu_cpu_tb_vlog.prj"
INFO: [USF-XSim-69] 'compile' step finished in '1' seconds
INFO: [Vivado 12-5698] Checking validity of IPs in the design for the 'XSim' simulator...
INFO: [Vivado 12-5682] Launching behavioral simulation in 'F:/jisuanjizuchengyuanli/vivado2.2/lab5/lab5.sim/sim_1/behav/xsim'
INFO: [Vivado 12-4795] Using compiled simulation libraries for IPs
INFO: [USF-XSim-3] XSim::Elaborate design
INFO: [USF-XSim-61] Executing 'ELABORATE' step in 'F:/jisuanjizuchengyuanli/vivado2.2/lab5/lab5.sim/sim_1/behav/xsim'
"xelab -wto 9d6eb58619af4e29ac0b3a9d2303dc13 --incr --debug typical --relax --mt 2 -L dist_mem_gen_v8_0_13 -L xil_defaultlib -L unisims_ver -L unimacro_ver -L secureip -L xpm --snapshot pdu_cpu_tb_behav xil_defaultlib.pdu_cpu_tb xil_defaultlib.glbl -log elaborate.log"
Vivado Simulator 2019.1
Copyright 1986-1999, 2001-2019 Xilinx, Inc. All Rights Reserved.
Running: D:/Xilinx/Vivado/2019.1/bin/unwrapped/win64.o/xelab.exe -wto 9d6eb58619af4e29ac0b3a9d2303dc13 --incr --debug typical --relax --mt 2 -L dist_mem_gen_v8_0_13 -L xil_defaultlib -L unisims_ver -L unimacro_ver -L secureip -L xpm --snapshot pdu_cpu_tb_behav xil_defaultlib.pdu_cpu_tb xil_defaultlib.glbl -log elaborate.log 
Using 2 slave threads.
Starting static elaboration
WARNING: [VRFC 10-3091] actual bit length 32 differs from formal bit length 8 for port 'a' [F:/jisuanjizuchengyuanli/vivado2.2/lab5/lab5.srcs/sources_1/new/cpu_pl.v:79]
WARNING: [VRFC 10-3091] actual bit length 8 differs from formal bit length 5 for port 'ra2' [F:/jisuanjizuchengyuanli/vivado2.2/lab5/lab5.srcs/sources_1/new/cpu_pl.v:109]
WARNING: [VRFC 10-3091] actual bit length 5 differs from formal bit length 1 for port 'rd' [F:/jisuanjizuchengyuanli/vivado2.2/lab5/lab5.srcs/sources_1/new/cpu_pl.v:110]
WARNING: [VRFC 10-3091] actual bit length 32 differs from formal bit length 8 for port 'a' [F:/jisuanjizuchengyuanli/vivado2.2/lab5/lab5.srcs/sources_1/new/cpu_pl.v:187]
Completed static elaboration
INFO: [XSIM 43-4323] No Change in HDL. Linking previously generated obj files to create kernel
INFO: [USF-XSim-69] 'elaborate' step finished in '2' seconds
Vivado Simulator 2019.1
Time resolution is 1 ps
WARNING: This core is supplied with a behavioral model. To model cycle-accurate behavior you must run timing simulation.
WARNING: This core is supplied with a behavioral model. To model cycle-accurate behavior you must run timing simulation.
WARNING: Too many words specified in data file data_memory.mif
WARNING in pdu_cpu_tb.p4.c1.d1.inst at time               325000 ns: 
Reading from out-of-range address. Max address in pdu_cpu_tb.p4.c1.d1.inst is         255
relaunch_sim: Time (s): cpu = 00:00:02 ; elapsed = 00:00:06 . Memory (MB): peak = 773.758 ; gain = 0.000
relaunch_sim
INFO: [Vivado 12-5698] Checking validity of IPs in the design for the 'XSim' simulator...
INFO: [Vivado 12-5682] Launching behavioral simulation in 'F:/jisuanjizuchengyuanli/vivado2.2/lab5/lab5.sim/sim_1/behav/xsim'
INFO: [Vivado 12-4795] Using compiled simulation libraries for IPs
INFO: [SIM-utils-51] Simulation object is 'sim_1'
INFO: [USF-XSim-7] Finding pre-compiled libraries...
INFO: [USF-XSim-11] File 'D:/Xilinx/Vivado/2019.1/data/xsim/xsim.ini' copied to run dir:'F:/jisuanjizuchengyuanli/vivado2.2/lab5/lab5.sim/sim_1/behav/xsim'
INFO: [SIM-utils-54] Inspecting design source files for 'pdu_cpu_tb' in fileset 'sim_1'...
INFO: [SIM-utils-43] Exported 'F:/jisuanjizuchengyuanli/vivado2.2/lab5/lab5.sim/sim_1/behav/xsim/data_memory.mif'
INFO: [SIM-utils-43] Exported 'F:/jisuanjizuchengyuanli/vivado2.2/lab5/lab5.sim/sim_1/behav/xsim/data.coe'
INFO: [SIM-utils-43] Exported 'F:/jisuanjizuchengyuanli/vivado2.2/lab5/lab5.sim/sim_1/behav/xsim/instrcution_memory.mif'
INFO: [SIM-utils-43] Exported 'F:/jisuanjizuchengyuanli/vivado2.2/lab5/lab5.sim/sim_1/behav/xsim/hazards_test.coe'
INFO: [USF-XSim-97] Finding global include files...
INFO: [USF-XSim-98] Fetching design files from 'sim_1'...
INFO: [USF-XSim-2] XSim::Compile design
INFO: [USF-XSim-61] Executing 'COMPILE and ANALYZE' step in 'F:/jisuanjizuchengyuanli/vivado2.2/lab5/lab5.sim/sim_1/behav/xsim'
"xvlog --incr --relax -prj pdu_cpu_tb_vlog.prj"
INFO: [VRFC 10-2263] Analyzing Verilog file "F:/jisuanjizuchengyuanli/vivado2.2/lab5/lab5.srcs/sources_1/ip/data_memory/sim/data_memory.v" into library xil_defaultlib
INFO: [VRFC 10-311] analyzing module data_memory
INFO: [VRFC 10-2263] Analyzing Verilog file "F:/jisuanjizuchengyuanli/vivado2.2/lab5/lab5.srcs/sources_1/ip/instrcution_memory/sim/instrcution_memory.v" into library xil_defaultlib
INFO: [VRFC 10-311] analyzing module instrcution_memory
INFO: [VRFC 10-2263] Analyzing Verilog file "F:/jisuanjizuchengyuanli/vivado2.2/lab5/lab5.srcs/sources_1/new/Forwarding_unit.v" into library xil_defaultlib
INFO: [VRFC 10-311] analyzing module Forwarding_unit
INFO: [VRFC 10-2263] Analyzing Verilog file "F:/jisuanjizuchengyuanli/vivado2.2/lab5/lab5.srcs/sources_1/new/Hazard_detection_unit.v" into library xil_defaultlib
INFO: [VRFC 10-311] analyzing module Hazard_detection_unit
INFO: [VRFC 10-2263] Analyzing Verilog file "F:/jisuanjizuchengyuanli/vivado2.2/lab5/lab5.srcs/sources_1/new/RF.v" into library xil_defaultlib
INFO: [VRFC 10-311] analyzing module RF
INFO: [VRFC 10-2263] Analyzing Verilog file "F:/jisuanjizuchengyuanli/vivado2.2/lab5/lab5.srcs/sources_1/new/alu.v" into library xil_defaultlib
INFO: [VRFC 10-311] analyzing module alu
INFO: [VRFC 10-2263] Analyzing Verilog file "F:/jisuanjizuchengyuanli/vivado2.2/lab5/lab5.srcs/sources_1/new/control.v" into library xil_defaultlib
INFO: [VRFC 10-311] analyzing module control
INFO: [VRFC 10-2263] Analyzing Verilog file "F:/jisuanjizuchengyuanli/vivado2.2/lab5/lab5.srcs/sources_1/new/cpu_pl.v" into library xil_defaultlib
INFO: [VRFC 10-311] analyzing module cpu_pl
INFO: [VRFC 10-2263] Analyzing Verilog file "F:/jisuanjizuchengyuanli/vivado2.2/lab5/lab5.srcs/sources_1/new/imm_gen.v" into library xil_defaultlib
INFO: [VRFC 10-311] analyzing module imm_gen
INFO: [VRFC 10-2263] Analyzing Verilog file "F:/jisuanjizuchengyuanli/vivado2.2/lab5/lab5.srcs/sources_1/new/mux_2_32.v" into library xil_defaultlib
INFO: [VRFC 10-311] analyzing module mux_2_32
INFO: [VRFC 10-2263] Analyzing Verilog file "F:/jisuanjizuchengyuanli/vivado2.2/lab5/lab5.srcs/sources_1/new/mux_3_32.v" into library xil_defaultlib
INFO: [VRFC 10-311] analyzing module mux_3_32
INFO: [VRFC 10-2263] Analyzing Verilog file "F:/jisuanjizuchengyuanli/vivado2.2/lab5/lab5.srcs/sources_1/new/pc.v" into library xil_defaultlib
INFO: [VRFC 10-311] analyzing module pc
INFO: [VRFC 10-2263] Analyzing Verilog file "F:/jisuanjizuchengyuanli/vivado2.2/lab5/lab5.srcs/sources_1/new/pdu.v" into library xil_defaultlib
INFO: [VRFC 10-311] analyzing module pdu
INFO: [VRFC 10-2263] Analyzing Verilog file "F:/jisuanjizuchengyuanli/vivado2.2/lab5/lab5.srcs/sources_1/new/pdu_cpu.v" into library xil_defaultlib
INFO: [VRFC 10-311] analyzing module pdu_cpu
INFO: [VRFC 10-2263] Analyzing Verilog file "F:/jisuanjizuchengyuanli/vivado2.2/lab5/lab5.srcs/sim_1/new/pdu_cpu_tb.v" into library xil_defaultlib
INFO: [VRFC 10-311] analyzing module pdu_cpu_tb
INFO: [USF-XSim-69] 'compile' step finished in '2' seconds
INFO: [Vivado 12-5698] Checking validity of IPs in the design for the 'XSim' simulator...
INFO: [Vivado 12-5682] Launching behavioral simulation in 'F:/jisuanjizuchengyuanli/vivado2.2/lab5/lab5.sim/sim_1/behav/xsim'
INFO: [Vivado 12-4795] Using compiled simulation libraries for IPs
INFO: [USF-XSim-3] XSim::Elaborate design
INFO: [USF-XSim-61] Executing 'ELABORATE' step in 'F:/jisuanjizuchengyuanli/vivado2.2/lab5/lab5.sim/sim_1/behav/xsim'
"xelab -wto 9d6eb58619af4e29ac0b3a9d2303dc13 --incr --debug typical --relax --mt 2 -L dist_mem_gen_v8_0_13 -L xil_defaultlib -L unisims_ver -L unimacro_ver -L secureip -L xpm --snapshot pdu_cpu_tb_behav xil_defaultlib.pdu_cpu_tb xil_defaultlib.glbl -log elaborate.log"
Vivado Simulator 2019.1
Copyright 1986-1999, 2001-2019 Xilinx, Inc. All Rights Reserved.
Running: D:/Xilinx/Vivado/2019.1/bin/unwrapped/win64.o/xelab.exe -wto 9d6eb58619af4e29ac0b3a9d2303dc13 --incr --debug typical --relax --mt 2 -L dist_mem_gen_v8_0_13 -L xil_defaultlib -L unisims_ver -L unimacro_ver -L secureip -L xpm --snapshot pdu_cpu_tb_behav xil_defaultlib.pdu_cpu_tb xil_defaultlib.glbl -log elaborate.log 
Using 2 slave threads.
Starting static elaboration
WARNING: [VRFC 10-3091] actual bit length 32 differs from formal bit length 8 for port 'a' [F:/jisuanjizuchengyuanli/vivado2.2/lab5/lab5.srcs/sources_1/new/cpu_pl.v:79]
WARNING: [VRFC 10-3091] actual bit length 8 differs from formal bit length 5 for port 'ra2' [F:/jisuanjizuchengyuanli/vivado2.2/lab5/lab5.srcs/sources_1/new/cpu_pl.v:109]
WARNING: [VRFC 10-3091] actual bit length 32 differs from formal bit length 8 for port 'a' [F:/jisuanjizuchengyuanli/vivado2.2/lab5/lab5.srcs/sources_1/new/cpu_pl.v:187]
Completed static elaboration
Starting simulation data flow analysis
Completed simulation data flow analysis
Time Resolution for simulation is 1ps
Compiling module xil_defaultlib.pdu
Compiling module xil_defaultlib.pc
Compiling module dist_mem_gen_v8_0_13.dist_mem_gen_v8_0_13(C_FAMILY="a...
Compiling module xil_defaultlib.instrcution_memory
Compiling module xil_defaultlib.RF
Compiling module xil_defaultlib.Hazard_detection_unit
Compiling module xil_defaultlib.control
Compiling module xil_defaultlib.imm_gen
Compiling module xil_defaultlib.mux_2_32
Compiling module xil_defaultlib.Forwarding_unit
Compiling module xil_defaultlib.mux_3_32
Compiling module xil_defaultlib.alu
Compiling module dist_mem_gen_v8_0_13.dist_mem_gen_v8_0_13(C_FAMILY="a...
Compiling module xil_defaultlib.data_memory
Compiling module xil_defaultlib.cpu_pl
Compiling module xil_defaultlib.pdu_cpu
Compiling module xil_defaultlib.pdu_cpu_tb
Compiling module xil_defaultlib.glbl
Built simulation snapshot pdu_cpu_tb_behav
INFO: [USF-XSim-69] 'elaborate' step finished in '1' seconds
Vivado Simulator 2019.1
Time resolution is 1 ps
WARNING: This core is supplied with a behavioral model. To model cycle-accurate behavior you must run timing simulation.
WARNING: This core is supplied with a behavioral model. To model cycle-accurate behavior you must run timing simulation.
WARNING: Too many words specified in data file data_memory.mif
WARNING in pdu_cpu_tb.p4.c1.d1.inst at time               165000 ns: 
Reading from out-of-range address. Max address in pdu_cpu_tb.p4.c1.d1.inst is         255
WARNING in pdu_cpu_tb.p4.c1.d1.inst at time               365000 ns: 
Reading from out-of-range address. Max address in pdu_cpu_tb.p4.c1.d1.inst is         255
relaunch_sim: Time (s): cpu = 00:00:02 ; elapsed = 00:00:07 . Memory (MB): peak = 795.137 ; gain = 0.000
reset_run synth_1
WARNING: [Vivado 12-1017] Problems encountered:
1. Failed to delete one or more files in run directory F:/jisuanjizuchengyuanli/vivado2.2/lab5/lab5.runs/synth_1

launch_runs impl_1 -to_step write_bitstream -jobs 8
[Sun Apr 24 09:23:57 2022] Launched synth_1...
Run output will be captured here: F:/jisuanjizuchengyuanli/vivado2.2/lab5/lab5.runs/synth_1/runme.log
[Sun Apr 24 09:23:57 2022] Launched impl_1...
Run output will be captured here: F:/jisuanjizuchengyuanli/vivado2.2/lab5/lab5.runs/impl_1/runme.log
open_hw
connect_hw_server
INFO: [Labtools 27-2285] Connecting to hw_server url TCP:localhost:3121
INFO: [Labtools 27-2222] Launching hw_server...
INFO: [Labtools 27-2221] Launch Output:

****** Xilinx hw_server v2019.1
  **** Build date : May 24 2019 at 15:13:31
    ** Copyright 1986-2019 Xilinx, Inc. All Rights Reserved.


open_hw_target
INFO: [Labtoolstcl 44-466] Opening hw_target localhost:3121/xilinx_tcf/Digilent/210292A6ED46A
set_property PROGRAM.FILE {F:/jisuanjizuchengyuanli/vivado2.2/lab5/lab5.runs/impl_1/pdu_cpu.bit} [get_hw_devices xc7a100t_0]
current_hw_device [get_hw_devices xc7a100t_0]
refresh_hw_device -update_hw_probes false [lindex [get_hw_devices xc7a100t_0] 0]
INFO: [Labtools 27-1435] Device xc7a100t (JTAG device index = 0) is not programmed (DONE status = 0).
set_property PROBES.FILE {} [get_hw_devices xc7a100t_0]
set_property FULL_PROBES.FILE {} [get_hw_devices xc7a100t_0]
set_property PROGRAM.FILE {F:/jisuanjizuchengyuanli/vivado2.2/lab5/lab5.runs/impl_1/pdu_cpu.bit} [get_hw_devices xc7a100t_0]
program_hw_devices [get_hw_devices xc7a100t_0]
INFO: [Labtools 27-3164] End of startup status: HIGH
refresh_hw_device [lindex [get_hw_devices xc7a100t_0] 0]
INFO: [Labtools 27-1434] Device xc7a100t (JTAG device index = 0) is programmed with a design that has no supported debug core(s) in it.
close_hw
reset_run impl_1 -prev_step 
launch_runs impl_1 -to_step write_bitstream -jobs 8
[Sun Apr 24 09:36:22 2022] Launched impl_1...
Run output will be captured here: F:/jisuanjizuchengyuanli/vivado2.2/lab5/lab5.runs/impl_1/runme.log
reset_run impl_1 -prev_step 
WARNING: [Vivado 12-1017] Problems encountered:
1. PID not specified

reset_run impl_1 -prev_step 
WARNING: [Vivado 12-1017] Problems encountered:
1. PID not specified

launch_runs impl_1 -to_step write_bitstream -jobs 8
[Sun Apr 24 09:38:12 2022] Launched impl_1...
Run output will be captured here: F:/jisuanjizuchengyuanli/vivado2.2/lab5/lab5.runs/impl_1/runme.log
reset_run impl_1 -prev_step 
WARNING: [Vivado 12-1017] Problems encountered:
1. PID not specified

open_hw
connect_hw_server
INFO: [Labtools 27-2285] Connecting to hw_server url TCP:localhost:3121
INFO: [Labtools 27-2222] Launching hw_server...
INFO: [Labtools 27-2221] Launch Output:

****** Xilinx hw_server v2019.1
  **** Build date : May 24 2019 at 15:13:31
    ** Copyright 1986-2019 Xilinx, Inc. All Rights Reserved.


open_hw_target
INFO: [Labtoolstcl 44-466] Opening hw_target localhost:3121/xilinx_tcf/Digilent/210292A6ED46A
current_hw_device [get_hw_devices xc7a100t_0]
refresh_hw_device -update_hw_probes false [lindex [get_hw_devices xc7a100t_0] 0]
INFO: [Labtools 27-1434] Device xc7a100t (JTAG device index = 0) is programmed with a design that has no supported debug core(s) in it.
reset_run impl_1 -prev_step 
WARNING: [Vivado 12-1017] Problems encountered:
1. PID not specified

set_property -dict [list CONFIG.coefficient_file {D:/rars/zuyuan/lab5/hazards_test.coe}] [get_ips instrcution_memory]
generate_target all [get_files  F:/jisuanjizuchengyuanli/vivado2.2/lab5/lab5.srcs/sources_1/ip/instrcution_memory/instrcution_memory.xci]
INFO: [IP_Flow 19-1686] Generating 'Instantiation Template' target for IP 'instrcution_memory'...
INFO: [IP_Flow 19-1686] Generating 'Synthesis' target for IP 'instrcution_memory'...
INFO: [IP_Flow 19-1686] Generating 'Simulation' target for IP 'instrcution_memory'...
INFO: [IP_Flow 19-1686] Generating 'Change Log' target for IP 'instrcution_memory'...
catch { config_ip_cache -export [get_ips -all instrcution_memory] }
export_ip_user_files -of_objects [get_files F:/jisuanjizuchengyuanli/vivado2.2/lab5/lab5.srcs/sources_1/ip/instrcution_memory/instrcution_memory.xci] -no_script -sync -force -quiet
reset_run instrcution_memory_synth_1
WARNING: [Vivado 12-1017] Problems encountered:
1. Failed to delete one or more files in run directory F:/jisuanjizuchengyuanli/vivado2.2/lab5/lab5.runs/instrcution_memory_synth_1

launch_runs -jobs 8 instrcution_memory_synth_1
[Sun Apr 24 09:42:15 2022] Launched instrcution_memory_synth_1...
Run output will be captured here: F:/jisuanjizuchengyuanli/vivado2.2/lab5/lab5.runs/instrcution_memory_synth_1/runme.log
export_simulation -of_objects [get_files F:/jisuanjizuchengyuanli/vivado2.2/lab5/lab5.srcs/sources_1/ip/instrcution_memory/instrcution_memory.xci] -directory F:/jisuanjizuchengyuanli/vivado2.2/lab5/lab5.ip_user_files/sim_scripts -ip_user_files_dir F:/jisuanjizuchengyuanli/vivado2.2/lab5/lab5.ip_user_files -ipstatic_source_dir F:/jisuanjizuchengyuanli/vivado2.2/lab5/lab5.ip_user_files/ipstatic -lib_map_path [list {modelsim=F:/jisuanjizuchengyuanli/vivado2.2/lab5/lab5.cache/compile_simlib/modelsim} {questa=F:/jisuanjizuchengyuanli/vivado2.2/lab5/lab5.cache/compile_simlib/questa} {riviera=F:/jisuanjizuchengyuanli/vivado2.2/lab5/lab5.cache/compile_simlib/riviera} {activehdl=F:/jisuanjizuchengyuanli/vivado2.2/lab5/lab5.cache/compile_simlib/activehdl}] -use_ip_compiled_libs -force -quiet
reset_run synth_1
WARNING: [Vivado 12-1017] Problems encountered:
1. Failed to delete one or more files in run directory F:/jisuanjizuchengyuanli/vivado2.2/lab5/lab5.runs/synth_1

launch_runs impl_1 -to_step write_bitstream -jobs 8
[Sun Apr 24 09:43:12 2022] Launched synth_1...
Run output will be captured here: F:/jisuanjizuchengyuanli/vivado2.2/lab5/lab5.runs/synth_1/runme.log
[Sun Apr 24 09:43:12 2022] Launched impl_1...
Run output will be captured here: F:/jisuanjizuchengyuanli/vivado2.2/lab5/lab5.runs/impl_1/runme.log
set_property PROBES.FILE {} [get_hw_devices xc7a100t_0]
set_property FULL_PROBES.FILE {} [get_hw_devices xc7a100t_0]
set_property PROGRAM.FILE {F:/jisuanjizuchengyuanli/vivado2.2/lab5/lab5.runs/impl_1/pdu_cpu.bit} [get_hw_devices xc7a100t_0]
program_hw_devices [get_hw_devices xc7a100t_0]
INFO: [Labtools 27-3164] End of startup status: HIGH
refresh_hw_device [lindex [get_hw_devices xc7a100t_0] 0]
INFO: [Labtools 27-1434] Device xc7a100t (JTAG device index = 0) is programmed with a design that has no supported debug core(s) in it.
set_property -dict [list CONFIG.coefficient_file {D:/rars/zuyuan/lab5/fib_test.coe}] [get_ips instrcution_memory]
generate_target all [get_files  F:/jisuanjizuchengyuanli/vivado2.2/lab5/lab5.srcs/sources_1/ip/instrcution_memory/instrcution_memory.xci]
INFO: [IP_Flow 19-1686] Generating 'Instantiation Template' target for IP 'instrcution_memory'...
INFO: [IP_Flow 19-1686] Generating 'Synthesis' target for IP 'instrcution_memory'...
INFO: [IP_Flow 19-1686] Generating 'Simulation' target for IP 'instrcution_memory'...
INFO: [IP_Flow 19-1686] Generating 'Change Log' target for IP 'instrcution_memory'...
catch { config_ip_cache -export [get_ips -all instrcution_memory] }
export_ip_user_files -of_objects [get_files F:/jisuanjizuchengyuanli/vivado2.2/lab5/lab5.srcs/sources_1/ip/instrcution_memory/instrcution_memory.xci] -no_script -sync -force -quiet
reset_run instrcution_memory_synth_1
WARNING: [Vivado 12-1017] Problems encountered:
1. Failed to delete one or more files in run directory F:/jisuanjizuchengyuanli/vivado2.2/lab5/lab5.runs/instrcution_memory_synth_1

launch_runs -jobs 8 instrcution_memory_synth_1
[Sun Apr 24 09:50:27 2022] Launched instrcution_memory_synth_1...
Run output will be captured here: F:/jisuanjizuchengyuanli/vivado2.2/lab5/lab5.runs/instrcution_memory_synth_1/runme.log
export_simulation -of_objects [get_files F:/jisuanjizuchengyuanli/vivado2.2/lab5/lab5.srcs/sources_1/ip/instrcution_memory/instrcution_memory.xci] -directory F:/jisuanjizuchengyuanli/vivado2.2/lab5/lab5.ip_user_files/sim_scripts -ip_user_files_dir F:/jisuanjizuchengyuanli/vivado2.2/lab5/lab5.ip_user_files -ipstatic_source_dir F:/jisuanjizuchengyuanli/vivado2.2/lab5/lab5.ip_user_files/ipstatic -lib_map_path [list {modelsim=F:/jisuanjizuchengyuanli/vivado2.2/lab5/lab5.cache/compile_simlib/modelsim} {questa=F:/jisuanjizuchengyuanli/vivado2.2/lab5/lab5.cache/compile_simlib/questa} {riviera=F:/jisuanjizuchengyuanli/vivado2.2/lab5/lab5.cache/compile_simlib/riviera} {activehdl=F:/jisuanjizuchengyuanli/vivado2.2/lab5/lab5.cache/compile_simlib/activehdl}] -use_ip_compiled_libs -force -quiet
reset_run synth_1
WARNING: [Vivado 12-1017] Problems encountered:
1. Failed to delete one or more files in run directory F:/jisuanjizuchengyuanli/vivado2.2/lab5/lab5.runs/synth_1

launch_runs impl_1 -to_step write_bitstream -jobs 8
[Sun Apr 24 09:51:23 2022] Launched synth_1...
Run output will be captured here: F:/jisuanjizuchengyuanli/vivado2.2/lab5/lab5.runs/synth_1/runme.log
[Sun Apr 24 09:51:23 2022] Launched impl_1...
Run output will be captured here: F:/jisuanjizuchengyuanli/vivado2.2/lab5/lab5.runs/impl_1/runme.log
set_property PROBES.FILE {} [get_hw_devices xc7a100t_0]
set_property FULL_PROBES.FILE {} [get_hw_devices xc7a100t_0]
set_property PROGRAM.FILE {F:/jisuanjizuchengyuanli/vivado2.2/lab5/lab5.runs/impl_1/pdu_cpu.bit} [get_hw_devices xc7a100t_0]
program_hw_devices [get_hw_devices xc7a100t_0]
INFO: [Labtools 27-3164] End of startup status: HIGH
refresh_hw_device [lindex [get_hw_devices xc7a100t_0] 0]
INFO: [Labtools 27-1434] Device xc7a100t (JTAG device index = 0) is programmed with a design that has no supported debug core(s) in it.
ERROR: [Labtoolstcl 44-513] HW Target shutdown. Closing target: localhost:3121/xilinx_tcf/Digilent/210292A6ED46A
save_wave_config {F:/jisuanjizuchengyuanli/vivado2.2/lab5/pdu_cpu_tb_behav.wcfg}
add_files -fileset sim_1 -norecurse F:/jisuanjizuchengyuanli/vivado2.2/lab5/pdu_cpu_tb_behav.wcfg
set_property xsim.view F:/jisuanjizuchengyuanli/vivado2.2/lab5/pdu_cpu_tb_behav.wcfg [get_filesets sim_1]
close_sim
INFO: [Simtcl 6-16] Simulation closed
exit
INFO: [Common 17-206] Exiting Vivado at Sun Apr 24 10:04:18 2022...
