Copyright 1986-2019 Xilinx, Inc. All Rights Reserved.
--------------------------------------------------------------------------------------------------------------------------------------------------------------------------------
| Tool Version : Vivado v.2019.1 (win64) Build 2552052 Fri May 24 14:49:42 MDT 2019
| Date         : Thu Mar 17 09:24:33 2022
| Host         : DESKTOP-LEJH40V running 64-bit major release  (build 9200)
| Command      : report_timing_summary -max_paths 10 -file fls_timing_summary_routed.rpt -pb fls_timing_summary_routed.pb -rpx fls_timing_summary_routed.rpx -warn_on_violation
| Design       : fls
| Device       : 7a100ti-csg324
| Speed File   : -1L  PRODUCTION 1.23 2018-06-13
--------------------------------------------------------------------------------------------------------------------------------------------------------------------------------

Timing Summary Report

------------------------------------------------------------------------------------------------
| Timer Settings
| --------------
------------------------------------------------------------------------------------------------

  Enable Multi Corner Analysis               :  Yes
  Enable Pessimism Removal                   :  Yes
  Pessimism Removal Resolution               :  Nearest Common Node
  Enable Input Delay Default Clock           :  No
  Enable Preset / Clear Arcs                 :  No
  Disable Flight Delays                      :  No
  Ignore I/O Paths                           :  No
  Timing Early Launch at Borrowing Latches   :  No
  Borrow Time for Max Delay Exceptions       :  Yes

  Corner  Analyze    Analyze    
  Name    Max Paths  Min Paths  
  ------  ---------  ---------  
  Slow    Yes        Yes        
  Fast    Yes        Yes        



check_timing report

Table of Contents
-----------------
1. checking no_clock
2. checking constant_clock
3. checking pulse_width_clock
4. checking unconstrained_internal_endpoints
5. checking no_input_delay
6. checking no_output_delay
7. checking multiple_clock
8. checking generated_clocks
9. checking loops
10. checking partial_input_delay
11. checking partial_output_delay
12. checking latch_loops

1. checking no_clock
--------------------
 There are 14 register/latch pins with no clock driven by root clock pin: clk (HIGH)

 There is 1 register/latch pin with no clock driven by root clock pin: t2/b0/cnt_reg[0]/Q (HIGH)

 There is 1 register/latch pin with no clock driven by root clock pin: t2/b0/cnt_reg[10]/Q (HIGH)

 There is 1 register/latch pin with no clock driven by root clock pin: t2/b0/cnt_reg[11]/Q (HIGH)

 There is 1 register/latch pin with no clock driven by root clock pin: t2/b0/cnt_reg[12]/Q (HIGH)

 There is 1 register/latch pin with no clock driven by root clock pin: t2/b0/cnt_reg[1]/Q (HIGH)

 There is 1 register/latch pin with no clock driven by root clock pin: t2/b0/cnt_reg[2]/Q (HIGH)

 There is 1 register/latch pin with no clock driven by root clock pin: t2/b0/cnt_reg[3]/Q (HIGH)

 There is 1 register/latch pin with no clock driven by root clock pin: t2/b0/cnt_reg[4]/Q (HIGH)

 There is 1 register/latch pin with no clock driven by root clock pin: t2/b0/cnt_reg[5]/Q (HIGH)

 There is 1 register/latch pin with no clock driven by root clock pin: t2/b0/cnt_reg[6]/Q (HIGH)

 There is 1 register/latch pin with no clock driven by root clock pin: t2/b0/cnt_reg[7]/Q (HIGH)

 There is 1 register/latch pin with no clock driven by root clock pin: t2/b0/cnt_reg[8]/Q (HIGH)

 There is 1 register/latch pin with no clock driven by root clock pin: t2/b0/cnt_reg[9]/Q (HIGH)


2. checking constant_clock
--------------------------
 There are 0 register/latch pins with constant_clock.


3. checking pulse_width_clock
-----------------------------
 There are 0 register/latch pins which need pulse_width check


4. checking unconstrained_internal_endpoints
--------------------------------------------
 There are 39 pins that are not constrained for maximum delay. (HIGH)

 There are 0 pins that are not constrained for maximum delay due to constant clock.


5. checking no_input_delay
--------------------------
 There are 8 input ports with no input delay specified. (HIGH)

 There are 0 input ports with no input delay but user has a false path constraint.


6. checking no_output_delay
---------------------------
 There are 10 ports with no output delay specified. (HIGH)

 There are 0 ports with no output delay but user has a false path constraint

 There are 0 ports with no output delay but with a timing clock defined on it or propagating through it


7. checking multiple_clock
--------------------------
 There are 0 register/latch pins with multiple clocks.


8. checking generated_clocks
----------------------------
 There are 0 generated clocks that are not connected to a clock source.


9. checking loops
-----------------
 There are 0 combinational loops in the design.


10. checking partial_input_delay
--------------------------------
 There are 0 input ports with partial input delay specified.


11. checking partial_output_delay
---------------------------------
 There are 0 ports with partial output delay specified.


12. checking latch_loops
------------------------
 There are 0 combinational latch loops in the design through latch input



------------------------------------------------------------------------------------------------
| Design Timing Summary
| ---------------------
------------------------------------------------------------------------------------------------

    WNS(ns)      TNS(ns)  TNS Failing Endpoints  TNS Total Endpoints      WHS(ns)      THS(ns)  THS Failing Endpoints  THS Total Endpoints     WPWS(ns)     TPWS(ns)  TPWS Failing Endpoints  TPWS Total Endpoints  
    -------      -------  ---------------------  -------------------      -------      -------  ---------------------  -------------------     --------     --------  ----------------------  --------------------  
      7.651        0.000                      0                   13        0.336        0.000                      0                   13        4.500        0.000                       0                    14  


All user specified timing constraints are met.


------------------------------------------------------------------------------------------------
| Clock Summary
| -------------
------------------------------------------------------------------------------------------------

Clock        Waveform(ns)       Period(ns)      Frequency(MHz)
-----        ------------       ----------      --------------
sys_clk_pin  {0.000 5.000}      10.000          100.000         


------------------------------------------------------------------------------------------------
| Intra Clock Table
| -----------------
------------------------------------------------------------------------------------------------

Clock             WNS(ns)      TNS(ns)  TNS Failing Endpoints  TNS Total Endpoints      WHS(ns)      THS(ns)  THS Failing Endpoints  THS Total Endpoints     WPWS(ns)     TPWS(ns)  TPWS Failing Endpoints  TPWS Total Endpoints  
-----             -------      -------  ---------------------  -------------------      -------      -------  ---------------------  -------------------     --------     --------  ----------------------  --------------------  
sys_clk_pin         7.651        0.000                      0                   13        0.336        0.000                      0                   13        4.500        0.000                       0                    14  


------------------------------------------------------------------------------------------------
| Inter Clock Table
| -----------------
------------------------------------------------------------------------------------------------

From Clock    To Clock          WNS(ns)      TNS(ns)  TNS Failing Endpoints  TNS Total Endpoints      WHS(ns)      THS(ns)  THS Failing Endpoints  THS Total Endpoints  
----------    --------          -------      -------  ---------------------  -------------------      -------      -------  ---------------------  -------------------  


------------------------------------------------------------------------------------------------
| Other Path Groups Table
| -----------------------
------------------------------------------------------------------------------------------------

Path Group    From Clock    To Clock          WNS(ns)      TNS(ns)  TNS Failing Endpoints  TNS Total Endpoints      WHS(ns)      THS(ns)  THS Failing Endpoints  THS Total Endpoints  
----------    ----------    --------          -------      -------  ---------------------  -------------------      -------      -------  ---------------------  -------------------  


------------------------------------------------------------------------------------------------
| Timing Details
| --------------
------------------------------------------------------------------------------------------------


---------------------------------------------------------------------------------------------------
From Clock:  sys_clk_pin
  To Clock:  sys_clk_pin

Setup :            0  Failing Endpoints,  Worst Slack        7.651ns,  Total Violation        0.000ns
Hold  :            0  Failing Endpoints,  Worst Slack        0.336ns,  Total Violation        0.000ns
PW    :            0  Failing Endpoints,  Worst Slack        4.500ns,  Total Violation        0.000ns
---------------------------------------------------------------------------------------------------


Max Delay Paths
--------------------------------------------------------------------------------------
Slack (MET) :             7.651ns  (required time - arrival time)
  Source:                 t2/b0/cnt_reg[1]/C
                            (rising edge-triggered cell FDRE clocked by sys_clk_pin  {rise@0.000ns fall@5.000ns period=10.000ns})
  Destination:            t2/b0/cnt_reg[12]/D
                            (rising edge-triggered cell FDRE clocked by sys_clk_pin  {rise@0.000ns fall@5.000ns period=10.000ns})
  Path Group:             sys_clk_pin
  Path Type:              Setup (Max at Slow Process Corner)
  Requirement:            10.000ns  (sys_clk_pin rise@10.000ns - sys_clk_pin rise@0.000ns)
  Data Path Delay:        2.354ns  (logic 1.581ns (67.163%)  route 0.773ns (32.837%))
  Logic Levels:           4  (CARRY4=4)
  Clock Path Skew:        -0.022ns (DCD - SCD + CPR)
    Destination Clock Delay (DCD):    5.026ns = ( 15.026 - 10.000 ) 
    Source Clock Delay      (SCD):    5.323ns
    Clock Pessimism Removal (CPR):    0.275ns
  Clock Uncertainty:      0.035ns  ((TSJ^2 + TIJ^2)^1/2 + DJ) / 2 + PE
    Total System Jitter     (TSJ):    0.071ns
    Total Input Jitter      (TIJ):    0.000ns
    Discrete Jitter          (DJ):    0.000ns
    Phase Error              (PE):    0.000ns

    Location             Delay type                Incr(ns)  Path(ns)    Netlist Resource(s)
  -------------------------------------------------------------------    -------------------
                         (clock sys_clk_pin rise edge)
                                                      0.000     0.000 r  
    E3                                                0.000     0.000 r  clk_100 (IN)
                         net (fo=0)                   0.000     0.000    clk_100
    E3                   IBUF (Prop_ibuf_I_O)         1.482     1.482 r  clk_100_IBUF_inst/O
                         net (fo=1, routed)           2.025     3.506    clk_100_IBUF
    BUFGCTRL_X0Y16       BUFG (Prop_bufg_I_O)         0.096     3.602 r  clk_100_IBUF_BUFG_inst/O
                         net (fo=13, routed)          1.720     5.323    t2/b0/clk_100
    SLICE_X0Y86          FDRE                                         r  t2/b0/cnt_reg[1]/C
  -------------------------------------------------------------------    -------------------
    SLICE_X0Y86          FDRE (Prop_fdre_C_Q)         0.456     5.779 r  t2/b0/cnt_reg[1]/Q
                         net (fo=2, routed)           0.773     6.552    t2/b0/cnt_reg[1]
    SLICE_X0Y86          CARRY4 (Prop_carry4_S[1]_CO[3])
                                                      0.674     7.226 r  t2/b0/cnt_reg[0]_i_1/CO[3]
                         net (fo=1, routed)           0.000     7.226    t2/b0/cnt_reg[0]_i_1_n_0
    SLICE_X0Y87          CARRY4 (Prop_carry4_CI_CO[3])
                                                      0.114     7.340 r  t2/b0/cnt_reg[4]_i_1/CO[3]
                         net (fo=1, routed)           0.000     7.340    t2/b0/cnt_reg[4]_i_1_n_0
    SLICE_X0Y88          CARRY4 (Prop_carry4_CI_CO[3])
                                                      0.114     7.454 r  t2/b0/cnt_reg[8]_i_1/CO[3]
                         net (fo=1, routed)           0.000     7.454    t2/b0/cnt_reg[8]_i_1_n_0
    SLICE_X0Y89          CARRY4 (Prop_carry4_CI_O[0])
                                                      0.223     7.677 r  t2/b0/cnt_reg[12]_i_1/O[0]
                         net (fo=1, routed)           0.000     7.677    t2/b0/cnt_reg[12]_i_1_n_7
    SLICE_X0Y89          FDRE                                         r  t2/b0/cnt_reg[12]/D
  -------------------------------------------------------------------    -------------------

                         (clock sys_clk_pin rise edge)
                                                     10.000    10.000 r  
    E3                                                0.000    10.000 r  clk_100 (IN)
                         net (fo=0)                   0.000    10.000    clk_100
    E3                   IBUF (Prop_ibuf_I_O)         1.411    11.411 r  clk_100_IBUF_inst/O
                         net (fo=1, routed)           1.920    13.331    clk_100_IBUF
    BUFGCTRL_X0Y16       BUFG (Prop_bufg_I_O)         0.091    13.422 r  clk_100_IBUF_BUFG_inst/O
                         net (fo=13, routed)          1.603    15.026    t2/b0/clk_100
    SLICE_X0Y89          FDRE                                         r  t2/b0/cnt_reg[12]/C
                         clock pessimism              0.275    15.301    
                         clock uncertainty           -0.035    15.265    
    SLICE_X0Y89          FDRE (Setup_fdre_C_D)        0.062    15.327    t2/b0/cnt_reg[12]
  -------------------------------------------------------------------
                         required time                         15.327    
                         arrival time                          -7.677    
  -------------------------------------------------------------------
                         slack                                  7.651    

Slack (MET) :             7.653ns  (required time - arrival time)
  Source:                 t2/b0/cnt_reg[1]/C
                            (rising edge-triggered cell FDRE clocked by sys_clk_pin  {rise@0.000ns fall@5.000ns period=10.000ns})
  Destination:            t2/b0/cnt_reg[9]/D
                            (rising edge-triggered cell FDRE clocked by sys_clk_pin  {rise@0.000ns fall@5.000ns period=10.000ns})
  Path Group:             sys_clk_pin
  Path Type:              Setup (Max at Slow Process Corner)
  Requirement:            10.000ns  (sys_clk_pin rise@10.000ns - sys_clk_pin rise@0.000ns)
  Data Path Delay:        2.351ns  (logic 1.578ns (67.121%)  route 0.773ns (32.879%))
  Logic Levels:           3  (CARRY4=3)
  Clock Path Skew:        -0.023ns (DCD - SCD + CPR)
    Destination Clock Delay (DCD):    5.025ns = ( 15.025 - 10.000 ) 
    Source Clock Delay      (SCD):    5.323ns
    Clock Pessimism Removal (CPR):    0.275ns
  Clock Uncertainty:      0.035ns  ((TSJ^2 + TIJ^2)^1/2 + DJ) / 2 + PE
    Total System Jitter     (TSJ):    0.071ns
    Total Input Jitter      (TIJ):    0.000ns
    Discrete Jitter          (DJ):    0.000ns
    Phase Error              (PE):    0.000ns

    Location             Delay type                Incr(ns)  Path(ns)    Netlist Resource(s)
  -------------------------------------------------------------------    -------------------
                         (clock sys_clk_pin rise edge)
                                                      0.000     0.000 r  
    E3                                                0.000     0.000 r  clk_100 (IN)
                         net (fo=0)                   0.000     0.000    clk_100
    E3                   IBUF (Prop_ibuf_I_O)         1.482     1.482 r  clk_100_IBUF_inst/O
                         net (fo=1, routed)           2.025     3.506    clk_100_IBUF
    BUFGCTRL_X0Y16       BUFG (Prop_bufg_I_O)         0.096     3.602 r  clk_100_IBUF_BUFG_inst/O
                         net (fo=13, routed)          1.720     5.323    t2/b0/clk_100
    SLICE_X0Y86          FDRE                                         r  t2/b0/cnt_reg[1]/C
  -------------------------------------------------------------------    -------------------
    SLICE_X0Y86          FDRE (Prop_fdre_C_Q)         0.456     5.779 r  t2/b0/cnt_reg[1]/Q
                         net (fo=2, routed)           0.773     6.552    t2/b0/cnt_reg[1]
    SLICE_X0Y86          CARRY4 (Prop_carry4_S[1]_CO[3])
                                                      0.674     7.226 r  t2/b0/cnt_reg[0]_i_1/CO[3]
                         net (fo=1, routed)           0.000     7.226    t2/b0/cnt_reg[0]_i_1_n_0
    SLICE_X0Y87          CARRY4 (Prop_carry4_CI_CO[3])
                                                      0.114     7.340 r  t2/b0/cnt_reg[4]_i_1/CO[3]
                         net (fo=1, routed)           0.000     7.340    t2/b0/cnt_reg[4]_i_1_n_0
    SLICE_X0Y88          CARRY4 (Prop_carry4_CI_O[1])
                                                      0.334     7.674 r  t2/b0/cnt_reg[8]_i_1/O[1]
                         net (fo=1, routed)           0.000     7.674    t2/b0/cnt_reg[8]_i_1_n_6
    SLICE_X0Y88          FDRE                                         r  t2/b0/cnt_reg[9]/D
  -------------------------------------------------------------------    -------------------

                         (clock sys_clk_pin rise edge)
                                                     10.000    10.000 r  
    E3                                                0.000    10.000 r  clk_100 (IN)
                         net (fo=0)                   0.000    10.000    clk_100
    E3                   IBUF (Prop_ibuf_I_O)         1.411    11.411 r  clk_100_IBUF_inst/O
                         net (fo=1, routed)           1.920    13.331    clk_100_IBUF
    BUFGCTRL_X0Y16       BUFG (Prop_bufg_I_O)         0.091    13.422 r  clk_100_IBUF_BUFG_inst/O
                         net (fo=13, routed)          1.602    15.025    t2/b0/clk_100
    SLICE_X0Y88          FDRE                                         r  t2/b0/cnt_reg[9]/C
                         clock pessimism              0.275    15.300    
                         clock uncertainty           -0.035    15.264    
    SLICE_X0Y88          FDRE (Setup_fdre_C_D)        0.062    15.326    t2/b0/cnt_reg[9]
  -------------------------------------------------------------------
                         required time                         15.326    
                         arrival time                          -7.674    
  -------------------------------------------------------------------
                         slack                                  7.653    

Slack (MET) :             7.674ns  (required time - arrival time)
  Source:                 t2/b0/cnt_reg[1]/C
                            (rising edge-triggered cell FDRE clocked by sys_clk_pin  {rise@0.000ns fall@5.000ns period=10.000ns})
  Destination:            t2/b0/cnt_reg[11]/D
                            (rising edge-triggered cell FDRE clocked by sys_clk_pin  {rise@0.000ns fall@5.000ns period=10.000ns})
  Path Group:             sys_clk_pin
  Path Type:              Setup (Max at Slow Process Corner)
  Requirement:            10.000ns  (sys_clk_pin rise@10.000ns - sys_clk_pin rise@0.000ns)
  Data Path Delay:        2.330ns  (logic 1.557ns (66.825%)  route 0.773ns (33.175%))
  Logic Levels:           3  (CARRY4=3)
  Clock Path Skew:        -0.023ns (DCD - SCD + CPR)
    Destination Clock Delay (DCD):    5.025ns = ( 15.025 - 10.000 ) 
    Source Clock Delay      (SCD):    5.323ns
    Clock Pessimism Removal (CPR):    0.275ns
  Clock Uncertainty:      0.035ns  ((TSJ^2 + TIJ^2)^1/2 + DJ) / 2 + PE
    Total System Jitter     (TSJ):    0.071ns
    Total Input Jitter      (TIJ):    0.000ns
    Discrete Jitter          (DJ):    0.000ns
    Phase Error              (PE):    0.000ns

    Location             Delay type                Incr(ns)  Path(ns)    Netlist Resource(s)
  -------------------------------------------------------------------    -------------------
                         (clock sys_clk_pin rise edge)
                                                      0.000     0.000 r  
    E3                                                0.000     0.000 r  clk_100 (IN)
                         net (fo=0)                   0.000     0.000    clk_100
    E3                   IBUF (Prop_ibuf_I_O)         1.482     1.482 r  clk_100_IBUF_inst/O
                         net (fo=1, routed)           2.025     3.506    clk_100_IBUF
    BUFGCTRL_X0Y16       BUFG (Prop_bufg_I_O)         0.096     3.602 r  clk_100_IBUF_BUFG_inst/O
                         net (fo=13, routed)          1.720     5.323    t2/b0/clk_100
    SLICE_X0Y86          FDRE                                         r  t2/b0/cnt_reg[1]/C
  -------------------------------------------------------------------    -------------------
    SLICE_X0Y86          FDRE (Prop_fdre_C_Q)         0.456     5.779 r  t2/b0/cnt_reg[1]/Q
                         net (fo=2, routed)           0.773     6.552    t2/b0/cnt_reg[1]
    SLICE_X0Y86          CARRY4 (Prop_carry4_S[1]_CO[3])
                                                      0.674     7.226 r  t2/b0/cnt_reg[0]_i_1/CO[3]
                         net (fo=1, routed)           0.000     7.226    t2/b0/cnt_reg[0]_i_1_n_0
    SLICE_X0Y87          CARRY4 (Prop_carry4_CI_CO[3])
                                                      0.114     7.340 r  t2/b0/cnt_reg[4]_i_1/CO[3]
                         net (fo=1, routed)           0.000     7.340    t2/b0/cnt_reg[4]_i_1_n_0
    SLICE_X0Y88          CARRY4 (Prop_carry4_CI_O[3])
                                                      0.313     7.653 r  t2/b0/cnt_reg[8]_i_1/O[3]
                         net (fo=1, routed)           0.000     7.653    t2/b0/cnt_reg[8]_i_1_n_4
    SLICE_X0Y88          FDRE                                         r  t2/b0/cnt_reg[11]/D
  -------------------------------------------------------------------    -------------------

                         (clock sys_clk_pin rise edge)
                                                     10.000    10.000 r  
    E3                                                0.000    10.000 r  clk_100 (IN)
                         net (fo=0)                   0.000    10.000    clk_100
    E3                   IBUF (Prop_ibuf_I_O)         1.411    11.411 r  clk_100_IBUF_inst/O
                         net (fo=1, routed)           1.920    13.331    clk_100_IBUF
    BUFGCTRL_X0Y16       BUFG (Prop_bufg_I_O)         0.091    13.422 r  clk_100_IBUF_BUFG_inst/O
                         net (fo=13, routed)          1.602    15.025    t2/b0/clk_100
    SLICE_X0Y88          FDRE                                         r  t2/b0/cnt_reg[11]/C
                         clock pessimism              0.275    15.300    
                         clock uncertainty           -0.035    15.264    
    SLICE_X0Y88          FDRE (Setup_fdre_C_D)        0.062    15.326    t2/b0/cnt_reg[11]
  -------------------------------------------------------------------
                         required time                         15.326    
                         arrival time                          -7.653    
  -------------------------------------------------------------------
                         slack                                  7.674    

Slack (MET) :             7.748ns  (required time - arrival time)
  Source:                 t2/b0/cnt_reg[1]/C
                            (rising edge-triggered cell FDRE clocked by sys_clk_pin  {rise@0.000ns fall@5.000ns period=10.000ns})
  Destination:            t2/b0/cnt_reg[10]/D
                            (rising edge-triggered cell FDRE clocked by sys_clk_pin  {rise@0.000ns fall@5.000ns period=10.000ns})
  Path Group:             sys_clk_pin
  Path Type:              Setup (Max at Slow Process Corner)
  Requirement:            10.000ns  (sys_clk_pin rise@10.000ns - sys_clk_pin rise@0.000ns)
  Data Path Delay:        2.256ns  (logic 1.483ns (65.737%)  route 0.773ns (34.263%))
  Logic Levels:           3  (CARRY4=3)
  Clock Path Skew:        -0.023ns (DCD - SCD + CPR)
    Destination Clock Delay (DCD):    5.025ns = ( 15.025 - 10.000 ) 
    Source Clock Delay      (SCD):    5.323ns
    Clock Pessimism Removal (CPR):    0.275ns
  Clock Uncertainty:      0.035ns  ((TSJ^2 + TIJ^2)^1/2 + DJ) / 2 + PE
    Total System Jitter     (TSJ):    0.071ns
    Total Input Jitter      (TIJ):    0.000ns
    Discrete Jitter          (DJ):    0.000ns
    Phase Error              (PE):    0.000ns

    Location             Delay type                Incr(ns)  Path(ns)    Netlist Resource(s)
  -------------------------------------------------------------------    -------------------
                         (clock sys_clk_pin rise edge)
                                                      0.000     0.000 r  
    E3                                                0.000     0.000 r  clk_100 (IN)
                         net (fo=0)                   0.000     0.000    clk_100
    E3                   IBUF (Prop_ibuf_I_O)         1.482     1.482 r  clk_100_IBUF_inst/O
                         net (fo=1, routed)           2.025     3.506    clk_100_IBUF
    BUFGCTRL_X0Y16       BUFG (Prop_bufg_I_O)         0.096     3.602 r  clk_100_IBUF_BUFG_inst/O
                         net (fo=13, routed)          1.720     5.323    t2/b0/clk_100
    SLICE_X0Y86          FDRE                                         r  t2/b0/cnt_reg[1]/C
  -------------------------------------------------------------------    -------------------
    SLICE_X0Y86          FDRE (Prop_fdre_C_Q)         0.456     5.779 r  t2/b0/cnt_reg[1]/Q
                         net (fo=2, routed)           0.773     6.552    t2/b0/cnt_reg[1]
    SLICE_X0Y86          CARRY4 (Prop_carry4_S[1]_CO[3])
                                                      0.674     7.226 r  t2/b0/cnt_reg[0]_i_1/CO[3]
                         net (fo=1, routed)           0.000     7.226    t2/b0/cnt_reg[0]_i_1_n_0
    SLICE_X0Y87          CARRY4 (Prop_carry4_CI_CO[3])
                                                      0.114     7.340 r  t2/b0/cnt_reg[4]_i_1/CO[3]
                         net (fo=1, routed)           0.000     7.340    t2/b0/cnt_reg[4]_i_1_n_0
    SLICE_X0Y88          CARRY4 (Prop_carry4_CI_O[2])
                                                      0.239     7.579 r  t2/b0/cnt_reg[8]_i_1/O[2]
                         net (fo=1, routed)           0.000     7.579    t2/b0/cnt_reg[8]_i_1_n_5
    SLICE_X0Y88          FDRE                                         r  t2/b0/cnt_reg[10]/D
  -------------------------------------------------------------------    -------------------

                         (clock sys_clk_pin rise edge)
                                                     10.000    10.000 r  
    E3                                                0.000    10.000 r  clk_100 (IN)
                         net (fo=0)                   0.000    10.000    clk_100
    E3                   IBUF (Prop_ibuf_I_O)         1.411    11.411 r  clk_100_IBUF_inst/O
                         net (fo=1, routed)           1.920    13.331    clk_100_IBUF
    BUFGCTRL_X0Y16       BUFG (Prop_bufg_I_O)         0.091    13.422 r  clk_100_IBUF_BUFG_inst/O
                         net (fo=13, routed)          1.602    15.025    t2/b0/clk_100
    SLICE_X0Y88          FDRE                                         r  t2/b0/cnt_reg[10]/C
                         clock pessimism              0.275    15.300    
                         clock uncertainty           -0.035    15.264    
    SLICE_X0Y88          FDRE (Setup_fdre_C_D)        0.062    15.326    t2/b0/cnt_reg[10]
  -------------------------------------------------------------------
                         required time                         15.326    
                         arrival time                          -7.579    
  -------------------------------------------------------------------
                         slack                                  7.748    

Slack (MET) :             7.764ns  (required time - arrival time)
  Source:                 t2/b0/cnt_reg[1]/C
                            (rising edge-triggered cell FDRE clocked by sys_clk_pin  {rise@0.000ns fall@5.000ns period=10.000ns})
  Destination:            t2/b0/cnt_reg[8]/D
                            (rising edge-triggered cell FDRE clocked by sys_clk_pin  {rise@0.000ns fall@5.000ns period=10.000ns})
  Path Group:             sys_clk_pin
  Path Type:              Setup (Max at Slow Process Corner)
  Requirement:            10.000ns  (sys_clk_pin rise@10.000ns - sys_clk_pin rise@0.000ns)
  Data Path Delay:        2.240ns  (logic 1.467ns (65.492%)  route 0.773ns (34.508%))
  Logic Levels:           3  (CARRY4=3)
  Clock Path Skew:        -0.023ns (DCD - SCD + CPR)
    Destination Clock Delay (DCD):    5.025ns = ( 15.025 - 10.000 ) 
    Source Clock Delay      (SCD):    5.323ns
    Clock Pessimism Removal (CPR):    0.275ns
  Clock Uncertainty:      0.035ns  ((TSJ^2 + TIJ^2)^1/2 + DJ) / 2 + PE
    Total System Jitter     (TSJ):    0.071ns
    Total Input Jitter      (TIJ):    0.000ns
    Discrete Jitter          (DJ):    0.000ns
    Phase Error              (PE):    0.000ns

    Location             Delay type                Incr(ns)  Path(ns)    Netlist Resource(s)
  -------------------------------------------------------------------    -------------------
                         (clock sys_clk_pin rise edge)
                                                      0.000     0.000 r  
    E3                                                0.000     0.000 r  clk_100 (IN)
                         net (fo=0)                   0.000     0.000    clk_100
    E3                   IBUF (Prop_ibuf_I_O)         1.482     1.482 r  clk_100_IBUF_inst/O
                         net (fo=1, routed)           2.025     3.506    clk_100_IBUF
    BUFGCTRL_X0Y16       BUFG (Prop_bufg_I_O)         0.096     3.602 r  clk_100_IBUF_BUFG_inst/O
                         net (fo=13, routed)          1.720     5.323    t2/b0/clk_100
    SLICE_X0Y86          FDRE                                         r  t2/b0/cnt_reg[1]/C
  -------------------------------------------------------------------    -------------------
    SLICE_X0Y86          FDRE (Prop_fdre_C_Q)         0.456     5.779 r  t2/b0/cnt_reg[1]/Q
                         net (fo=2, routed)           0.773     6.552    t2/b0/cnt_reg[1]
    SLICE_X0Y86          CARRY4 (Prop_carry4_S[1]_CO[3])
                                                      0.674     7.226 r  t2/b0/cnt_reg[0]_i_1/CO[3]
                         net (fo=1, routed)           0.000     7.226    t2/b0/cnt_reg[0]_i_1_n_0
    SLICE_X0Y87          CARRY4 (Prop_carry4_CI_CO[3])
                                                      0.114     7.340 r  t2/b0/cnt_reg[4]_i_1/CO[3]
                         net (fo=1, routed)           0.000     7.340    t2/b0/cnt_reg[4]_i_1_n_0
    SLICE_X0Y88          CARRY4 (Prop_carry4_CI_O[0])
                                                      0.223     7.563 r  t2/b0/cnt_reg[8]_i_1/O[0]
                         net (fo=1, routed)           0.000     7.563    t2/b0/cnt_reg[8]_i_1_n_7
    SLICE_X0Y88          FDRE                                         r  t2/b0/cnt_reg[8]/D
  -------------------------------------------------------------------    -------------------

                         (clock sys_clk_pin rise edge)
                                                     10.000    10.000 r  
    E3                                                0.000    10.000 r  clk_100 (IN)
                         net (fo=0)                   0.000    10.000    clk_100
    E3                   IBUF (Prop_ibuf_I_O)         1.411    11.411 r  clk_100_IBUF_inst/O
                         net (fo=1, routed)           1.920    13.331    clk_100_IBUF
    BUFGCTRL_X0Y16       BUFG (Prop_bufg_I_O)         0.091    13.422 r  clk_100_IBUF_BUFG_inst/O
                         net (fo=13, routed)          1.602    15.025    t2/b0/clk_100
    SLICE_X0Y88          FDRE                                         r  t2/b0/cnt_reg[8]/C
                         clock pessimism              0.275    15.300    
                         clock uncertainty           -0.035    15.264    
    SLICE_X0Y88          FDRE (Setup_fdre_C_D)        0.062    15.326    t2/b0/cnt_reg[8]
  -------------------------------------------------------------------
                         required time                         15.326    
                         arrival time                          -7.563    
  -------------------------------------------------------------------
                         slack                                  7.764    

Slack (MET) :             7.766ns  (required time - arrival time)
  Source:                 t2/b0/cnt_reg[1]/C
                            (rising edge-triggered cell FDRE clocked by sys_clk_pin  {rise@0.000ns fall@5.000ns period=10.000ns})
  Destination:            t2/b0/cnt_reg[5]/D
                            (rising edge-triggered cell FDRE clocked by sys_clk_pin  {rise@0.000ns fall@5.000ns period=10.000ns})
  Path Group:             sys_clk_pin
  Path Type:              Setup (Max at Slow Process Corner)
  Requirement:            10.000ns  (sys_clk_pin rise@10.000ns - sys_clk_pin rise@0.000ns)
  Data Path Delay:        2.237ns  (logic 1.464ns (65.446%)  route 0.773ns (34.554%))
  Logic Levels:           2  (CARRY4=2)
  Clock Path Skew:        -0.024ns (DCD - SCD + CPR)
    Destination Clock Delay (DCD):    5.024ns = ( 15.024 - 10.000 ) 
    Source Clock Delay      (SCD):    5.323ns
    Clock Pessimism Removal (CPR):    0.275ns
  Clock Uncertainty:      0.035ns  ((TSJ^2 + TIJ^2)^1/2 + DJ) / 2 + PE
    Total System Jitter     (TSJ):    0.071ns
    Total Input Jitter      (TIJ):    0.000ns
    Discrete Jitter          (DJ):    0.000ns
    Phase Error              (PE):    0.000ns

    Location             Delay type                Incr(ns)  Path(ns)    Netlist Resource(s)
  -------------------------------------------------------------------    -------------------
                         (clock sys_clk_pin rise edge)
                                                      0.000     0.000 r  
    E3                                                0.000     0.000 r  clk_100 (IN)
                         net (fo=0)                   0.000     0.000    clk_100
    E3                   IBUF (Prop_ibuf_I_O)         1.482     1.482 r  clk_100_IBUF_inst/O
                         net (fo=1, routed)           2.025     3.506    clk_100_IBUF
    BUFGCTRL_X0Y16       BUFG (Prop_bufg_I_O)         0.096     3.602 r  clk_100_IBUF_BUFG_inst/O
                         net (fo=13, routed)          1.720     5.323    t2/b0/clk_100
    SLICE_X0Y86          FDRE                                         r  t2/b0/cnt_reg[1]/C
  -------------------------------------------------------------------    -------------------
    SLICE_X0Y86          FDRE (Prop_fdre_C_Q)         0.456     5.779 r  t2/b0/cnt_reg[1]/Q
                         net (fo=2, routed)           0.773     6.552    t2/b0/cnt_reg[1]
    SLICE_X0Y86          CARRY4 (Prop_carry4_S[1]_CO[3])
                                                      0.674     7.226 r  t2/b0/cnt_reg[0]_i_1/CO[3]
                         net (fo=1, routed)           0.000     7.226    t2/b0/cnt_reg[0]_i_1_n_0
    SLICE_X0Y87          CARRY4 (Prop_carry4_CI_O[1])
                                                      0.334     7.560 r  t2/b0/cnt_reg[4]_i_1/O[1]
                         net (fo=1, routed)           0.000     7.560    t2/b0/cnt_reg[4]_i_1_n_6
    SLICE_X0Y87          FDRE                                         r  t2/b0/cnt_reg[5]/D
  -------------------------------------------------------------------    -------------------

                         (clock sys_clk_pin rise edge)
                                                     10.000    10.000 r  
    E3                                                0.000    10.000 r  clk_100 (IN)
                         net (fo=0)                   0.000    10.000    clk_100
    E3                   IBUF (Prop_ibuf_I_O)         1.411    11.411 r  clk_100_IBUF_inst/O
                         net (fo=1, routed)           1.920    13.331    clk_100_IBUF
    BUFGCTRL_X0Y16       BUFG (Prop_bufg_I_O)         0.091    13.422 r  clk_100_IBUF_BUFG_inst/O
                         net (fo=13, routed)          1.601    15.024    t2/b0/clk_100
    SLICE_X0Y87          FDRE                                         r  t2/b0/cnt_reg[5]/C
                         clock pessimism              0.275    15.299    
                         clock uncertainty           -0.035    15.263    
    SLICE_X0Y87          FDRE (Setup_fdre_C_D)        0.062    15.325    t2/b0/cnt_reg[5]
  -------------------------------------------------------------------
                         required time                         15.325    
                         arrival time                          -7.560    
  -------------------------------------------------------------------
                         slack                                  7.766    

Slack (MET) :             7.787ns  (required time - arrival time)
  Source:                 t2/b0/cnt_reg[1]/C
                            (rising edge-triggered cell FDRE clocked by sys_clk_pin  {rise@0.000ns fall@5.000ns period=10.000ns})
  Destination:            t2/b0/cnt_reg[7]/D
                            (rising edge-triggered cell FDRE clocked by sys_clk_pin  {rise@0.000ns fall@5.000ns period=10.000ns})
  Path Group:             sys_clk_pin
  Path Type:              Setup (Max at Slow Process Corner)
  Requirement:            10.000ns  (sys_clk_pin rise@10.000ns - sys_clk_pin rise@0.000ns)
  Data Path Delay:        2.216ns  (logic 1.443ns (65.118%)  route 0.773ns (34.882%))
  Logic Levels:           2  (CARRY4=2)
  Clock Path Skew:        -0.024ns (DCD - SCD + CPR)
    Destination Clock Delay (DCD):    5.024ns = ( 15.024 - 10.000 ) 
    Source Clock Delay      (SCD):    5.323ns
    Clock Pessimism Removal (CPR):    0.275ns
  Clock Uncertainty:      0.035ns  ((TSJ^2 + TIJ^2)^1/2 + DJ) / 2 + PE
    Total System Jitter     (TSJ):    0.071ns
    Total Input Jitter      (TIJ):    0.000ns
    Discrete Jitter          (DJ):    0.000ns
    Phase Error              (PE):    0.000ns

    Location             Delay type                Incr(ns)  Path(ns)    Netlist Resource(s)
  -------------------------------------------------------------------    -------------------
                         (clock sys_clk_pin rise edge)
                                                      0.000     0.000 r  
    E3                                                0.000     0.000 r  clk_100 (IN)
                         net (fo=0)                   0.000     0.000    clk_100
    E3                   IBUF (Prop_ibuf_I_O)         1.482     1.482 r  clk_100_IBUF_inst/O
                         net (fo=1, routed)           2.025     3.506    clk_100_IBUF
    BUFGCTRL_X0Y16       BUFG (Prop_bufg_I_O)         0.096     3.602 r  clk_100_IBUF_BUFG_inst/O
                         net (fo=13, routed)          1.720     5.323    t2/b0/clk_100
    SLICE_X0Y86          FDRE                                         r  t2/b0/cnt_reg[1]/C
  -------------------------------------------------------------------    -------------------
    SLICE_X0Y86          FDRE (Prop_fdre_C_Q)         0.456     5.779 r  t2/b0/cnt_reg[1]/Q
                         net (fo=2, routed)           0.773     6.552    t2/b0/cnt_reg[1]
    SLICE_X0Y86          CARRY4 (Prop_carry4_S[1]_CO[3])
                                                      0.674     7.226 r  t2/b0/cnt_reg[0]_i_1/CO[3]
                         net (fo=1, routed)           0.000     7.226    t2/b0/cnt_reg[0]_i_1_n_0
    SLICE_X0Y87          CARRY4 (Prop_carry4_CI_O[3])
                                                      0.313     7.539 r  t2/b0/cnt_reg[4]_i_1/O[3]
                         net (fo=1, routed)           0.000     7.539    t2/b0/cnt_reg[4]_i_1_n_4
    SLICE_X0Y87          FDRE                                         r  t2/b0/cnt_reg[7]/D
  -------------------------------------------------------------------    -------------------

                         (clock sys_clk_pin rise edge)
                                                     10.000    10.000 r  
    E3                                                0.000    10.000 r  clk_100 (IN)
                         net (fo=0)                   0.000    10.000    clk_100
    E3                   IBUF (Prop_ibuf_I_O)         1.411    11.411 r  clk_100_IBUF_inst/O
                         net (fo=1, routed)           1.920    13.331    clk_100_IBUF
    BUFGCTRL_X0Y16       BUFG (Prop_bufg_I_O)         0.091    13.422 r  clk_100_IBUF_BUFG_inst/O
                         net (fo=13, routed)          1.601    15.024    t2/b0/clk_100
    SLICE_X0Y87          FDRE                                         r  t2/b0/cnt_reg[7]/C
                         clock pessimism              0.275    15.299    
                         clock uncertainty           -0.035    15.263    
    SLICE_X0Y87          FDRE (Setup_fdre_C_D)        0.062    15.325    t2/b0/cnt_reg[7]
  -------------------------------------------------------------------
                         required time                         15.325    
                         arrival time                          -7.539    
  -------------------------------------------------------------------
                         slack                                  7.787    

Slack (MET) :             7.861ns  (required time - arrival time)
  Source:                 t2/b0/cnt_reg[1]/C
                            (rising edge-triggered cell FDRE clocked by sys_clk_pin  {rise@0.000ns fall@5.000ns period=10.000ns})
  Destination:            t2/b0/cnt_reg[6]/D
                            (rising edge-triggered cell FDRE clocked by sys_clk_pin  {rise@0.000ns fall@5.000ns period=10.000ns})
  Path Group:             sys_clk_pin
  Path Type:              Setup (Max at Slow Process Corner)
  Requirement:            10.000ns  (sys_clk_pin rise@10.000ns - sys_clk_pin rise@0.000ns)
  Data Path Delay:        2.142ns  (logic 1.369ns (63.913%)  route 0.773ns (36.087%))
  Logic Levels:           2  (CARRY4=2)
  Clock Path Skew:        -0.024ns (DCD - SCD + CPR)
    Destination Clock Delay (DCD):    5.024ns = ( 15.024 - 10.000 ) 
    Source Clock Delay      (SCD):    5.323ns
    Clock Pessimism Removal (CPR):    0.275ns
  Clock Uncertainty:      0.035ns  ((TSJ^2 + TIJ^2)^1/2 + DJ) / 2 + PE
    Total System Jitter     (TSJ):    0.071ns
    Total Input Jitter      (TIJ):    0.000ns
    Discrete Jitter          (DJ):    0.000ns
    Phase Error              (PE):    0.000ns

    Location             Delay type                Incr(ns)  Path(ns)    Netlist Resource(s)
  -------------------------------------------------------------------    -------------------
                         (clock sys_clk_pin rise edge)
                                                      0.000     0.000 r  
    E3                                                0.000     0.000 r  clk_100 (IN)
                         net (fo=0)                   0.000     0.000    clk_100
    E3                   IBUF (Prop_ibuf_I_O)         1.482     1.482 r  clk_100_IBUF_inst/O
                         net (fo=1, routed)           2.025     3.506    clk_100_IBUF
    BUFGCTRL_X0Y16       BUFG (Prop_bufg_I_O)         0.096     3.602 r  clk_100_IBUF_BUFG_inst/O
                         net (fo=13, routed)          1.720     5.323    t2/b0/clk_100
    SLICE_X0Y86          FDRE                                         r  t2/b0/cnt_reg[1]/C
  -------------------------------------------------------------------    -------------------
    SLICE_X0Y86          FDRE (Prop_fdre_C_Q)         0.456     5.779 r  t2/b0/cnt_reg[1]/Q
                         net (fo=2, routed)           0.773     6.552    t2/b0/cnt_reg[1]
    SLICE_X0Y86          CARRY4 (Prop_carry4_S[1]_CO[3])
                                                      0.674     7.226 r  t2/b0/cnt_reg[0]_i_1/CO[3]
                         net (fo=1, routed)           0.000     7.226    t2/b0/cnt_reg[0]_i_1_n_0
    SLICE_X0Y87          CARRY4 (Prop_carry4_CI_O[2])
                                                      0.239     7.465 r  t2/b0/cnt_reg[4]_i_1/O[2]
                         net (fo=1, routed)           0.000     7.465    t2/b0/cnt_reg[4]_i_1_n_5
    SLICE_X0Y87          FDRE                                         r  t2/b0/cnt_reg[6]/D
  -------------------------------------------------------------------    -------------------

                         (clock sys_clk_pin rise edge)
                                                     10.000    10.000 r  
    E3                                                0.000    10.000 r  clk_100 (IN)
                         net (fo=0)                   0.000    10.000    clk_100
    E3                   IBUF (Prop_ibuf_I_O)         1.411    11.411 r  clk_100_IBUF_inst/O
                         net (fo=1, routed)           1.920    13.331    clk_100_IBUF
    BUFGCTRL_X0Y16       BUFG (Prop_bufg_I_O)         0.091    13.422 r  clk_100_IBUF_BUFG_inst/O
                         net (fo=13, routed)          1.601    15.024    t2/b0/clk_100
    SLICE_X0Y87          FDRE                                         r  t2/b0/cnt_reg[6]/C
                         clock pessimism              0.275    15.299    
                         clock uncertainty           -0.035    15.263    
    SLICE_X0Y87          FDRE (Setup_fdre_C_D)        0.062    15.325    t2/b0/cnt_reg[6]
  -------------------------------------------------------------------
                         required time                         15.325    
                         arrival time                          -7.465    
  -------------------------------------------------------------------
                         slack                                  7.861    

Slack (MET) :             7.877ns  (required time - arrival time)
  Source:                 t2/b0/cnt_reg[1]/C
                            (rising edge-triggered cell FDRE clocked by sys_clk_pin  {rise@0.000ns fall@5.000ns period=10.000ns})
  Destination:            t2/b0/cnt_reg[4]/D
                            (rising edge-triggered cell FDRE clocked by sys_clk_pin  {rise@0.000ns fall@5.000ns period=10.000ns})
  Path Group:             sys_clk_pin
  Path Type:              Setup (Max at Slow Process Corner)
  Requirement:            10.000ns  (sys_clk_pin rise@10.000ns - sys_clk_pin rise@0.000ns)
  Data Path Delay:        2.126ns  (logic 1.353ns (63.641%)  route 0.773ns (36.359%))
  Logic Levels:           2  (CARRY4=2)
  Clock Path Skew:        -0.024ns (DCD - SCD + CPR)
    Destination Clock Delay (DCD):    5.024ns = ( 15.024 - 10.000 ) 
    Source Clock Delay      (SCD):    5.323ns
    Clock Pessimism Removal (CPR):    0.275ns
  Clock Uncertainty:      0.035ns  ((TSJ^2 + TIJ^2)^1/2 + DJ) / 2 + PE
    Total System Jitter     (TSJ):    0.071ns
    Total Input Jitter      (TIJ):    0.000ns
    Discrete Jitter          (DJ):    0.000ns
    Phase Error              (PE):    0.000ns

    Location             Delay type                Incr(ns)  Path(ns)    Netlist Resource(s)
  -------------------------------------------------------------------    -------------------
                         (clock sys_clk_pin rise edge)
                                                      0.000     0.000 r  
    E3                                                0.000     0.000 r  clk_100 (IN)
                         net (fo=0)                   0.000     0.000    clk_100
    E3                   IBUF (Prop_ibuf_I_O)         1.482     1.482 r  clk_100_IBUF_inst/O
                         net (fo=1, routed)           2.025     3.506    clk_100_IBUF
    BUFGCTRL_X0Y16       BUFG (Prop_bufg_I_O)         0.096     3.602 r  clk_100_IBUF_BUFG_inst/O
                         net (fo=13, routed)          1.720     5.323    t2/b0/clk_100
    SLICE_X0Y86          FDRE                                         r  t2/b0/cnt_reg[1]/C
  -------------------------------------------------------------------    -------------------
    SLICE_X0Y86          FDRE (Prop_fdre_C_Q)         0.456     5.779 r  t2/b0/cnt_reg[1]/Q
                         net (fo=2, routed)           0.773     6.552    t2/b0/cnt_reg[1]
    SLICE_X0Y86          CARRY4 (Prop_carry4_S[1]_CO[3])
                                                      0.674     7.226 r  t2/b0/cnt_reg[0]_i_1/CO[3]
                         net (fo=1, routed)           0.000     7.226    t2/b0/cnt_reg[0]_i_1_n_0
    SLICE_X0Y87          CARRY4 (Prop_carry4_CI_O[0])
                                                      0.223     7.449 r  t2/b0/cnt_reg[4]_i_1/O[0]
                         net (fo=1, routed)           0.000     7.449    t2/b0/cnt_reg[4]_i_1_n_7
    SLICE_X0Y87          FDRE                                         r  t2/b0/cnt_reg[4]/D
  -------------------------------------------------------------------    -------------------

                         (clock sys_clk_pin rise edge)
                                                     10.000    10.000 r  
    E3                                                0.000    10.000 r  clk_100 (IN)
                         net (fo=0)                   0.000    10.000    clk_100
    E3                   IBUF (Prop_ibuf_I_O)         1.411    11.411 r  clk_100_IBUF_inst/O
                         net (fo=1, routed)           1.920    13.331    clk_100_IBUF
    BUFGCTRL_X0Y16       BUFG (Prop_bufg_I_O)         0.091    13.422 r  clk_100_IBUF_BUFG_inst/O
                         net (fo=13, routed)          1.601    15.024    t2/b0/clk_100
    SLICE_X0Y87          FDRE                                         r  t2/b0/cnt_reg[4]/C
                         clock pessimism              0.275    15.299    
                         clock uncertainty           -0.035    15.263    
    SLICE_X0Y87          FDRE (Setup_fdre_C_D)        0.062    15.325    t2/b0/cnt_reg[4]
  -------------------------------------------------------------------
                         required time                         15.325    
                         arrival time                          -7.449    
  -------------------------------------------------------------------
                         slack                                  7.877    

Slack (MET) :             8.034ns  (required time - arrival time)
  Source:                 t2/b0/cnt_reg[1]/C
                            (rising edge-triggered cell FDRE clocked by sys_clk_pin  {rise@0.000ns fall@5.000ns period=10.000ns})
  Destination:            t2/b0/cnt_reg[3]/D
                            (rising edge-triggered cell FDRE clocked by sys_clk_pin  {rise@0.000ns fall@5.000ns period=10.000ns})
  Path Group:             sys_clk_pin
  Path Type:              Setup (Max at Slow Process Corner)
  Requirement:            10.000ns  (sys_clk_pin rise@10.000ns - sys_clk_pin rise@0.000ns)
  Data Path Delay:        1.993ns  (logic 1.220ns (61.215%)  route 0.773ns (38.785%))
  Logic Levels:           1  (CARRY4=1)
  Clock Path Skew:        0.000ns (DCD - SCD + CPR)
    Destination Clock Delay (DCD):    5.023ns = ( 15.023 - 10.000 ) 
    Source Clock Delay      (SCD):    5.323ns
    Clock Pessimism Removal (CPR):    0.300ns
  Clock Uncertainty:      0.035ns  ((TSJ^2 + TIJ^2)^1/2 + DJ) / 2 + PE
    Total System Jitter     (TSJ):    0.071ns
    Total Input Jitter      (TIJ):    0.000ns
    Discrete Jitter          (DJ):    0.000ns
    Phase Error              (PE):    0.000ns

    Location             Delay type                Incr(ns)  Path(ns)    Netlist Resource(s)
  -------------------------------------------------------------------    -------------------
                         (clock sys_clk_pin rise edge)
                                                      0.000     0.000 r  
    E3                                                0.000     0.000 r  clk_100 (IN)
                         net (fo=0)                   0.000     0.000    clk_100
    E3                   IBUF (Prop_ibuf_I_O)         1.482     1.482 r  clk_100_IBUF_inst/O
                         net (fo=1, routed)           2.025     3.506    clk_100_IBUF
    BUFGCTRL_X0Y16       BUFG (Prop_bufg_I_O)         0.096     3.602 r  clk_100_IBUF_BUFG_inst/O
                         net (fo=13, routed)          1.720     5.323    t2/b0/clk_100
    SLICE_X0Y86          FDRE                                         r  t2/b0/cnt_reg[1]/C
  -------------------------------------------------------------------    -------------------
    SLICE_X0Y86          FDRE (Prop_fdre_C_Q)         0.456     5.779 r  t2/b0/cnt_reg[1]/Q
                         net (fo=2, routed)           0.773     6.552    t2/b0/cnt_reg[1]
    SLICE_X0Y86          CARRY4 (Prop_carry4_S[1]_O[3])
                                                      0.764     7.316 r  t2/b0/cnt_reg[0]_i_1/O[3]
                         net (fo=1, routed)           0.000     7.316    t2/b0/cnt_reg[0]_i_1_n_4
    SLICE_X0Y86          FDRE                                         r  t2/b0/cnt_reg[3]/D
  -------------------------------------------------------------------    -------------------

                         (clock sys_clk_pin rise edge)
                                                     10.000    10.000 r  
    E3                                                0.000    10.000 r  clk_100 (IN)
                         net (fo=0)                   0.000    10.000    clk_100
    E3                   IBUF (Prop_ibuf_I_O)         1.411    11.411 r  clk_100_IBUF_inst/O
                         net (fo=1, routed)           1.920    13.331    clk_100_IBUF
    BUFGCTRL_X0Y16       BUFG (Prop_bufg_I_O)         0.091    13.422 r  clk_100_IBUF_BUFG_inst/O
                         net (fo=13, routed)          1.600    15.023    t2/b0/clk_100
    SLICE_X0Y86          FDRE                                         r  t2/b0/cnt_reg[3]/C
                         clock pessimism              0.300    15.323    
                         clock uncertainty           -0.035    15.287    
    SLICE_X0Y86          FDRE (Setup_fdre_C_D)        0.062    15.349    t2/b0/cnt_reg[3]
  -------------------------------------------------------------------
                         required time                         15.349    
                         arrival time                          -7.316    
  -------------------------------------------------------------------
                         slack                                  8.034    





Min Delay Paths
--------------------------------------------------------------------------------------
Slack (MET) :             0.336ns  (arrival time - required time)
  Source:                 t2/b0/cnt_reg[0]/C
                            (rising edge-triggered cell FDRE clocked by sys_clk_pin  {rise@0.000ns fall@5.000ns period=10.000ns})
  Destination:            t2/b0/cnt_reg[0]/D
                            (rising edge-triggered cell FDRE clocked by sys_clk_pin  {rise@0.000ns fall@5.000ns period=10.000ns})
  Path Group:             sys_clk_pin
  Path Type:              Hold (Min at Fast Process Corner)
  Requirement:            0.000ns  (sys_clk_pin rise@0.000ns - sys_clk_pin rise@0.000ns)
  Data Path Delay:        0.441ns  (logic 0.256ns (58.077%)  route 0.185ns (41.923%))
  Logic Levels:           2  (CARRY4=1 LUT1=1)
  Clock Path Skew:        0.000ns (DCD - SCD - CPR)
    Destination Clock Delay (DCD):    2.037ns
    Source Clock Delay      (SCD):    1.519ns
    Clock Pessimism Removal (CPR):    0.517ns

    Location             Delay type                Incr(ns)  Path(ns)    Netlist Resource(s)
  -------------------------------------------------------------------    -------------------
                         (clock sys_clk_pin rise edge)
                                                      0.000     0.000 r  
    E3                                                0.000     0.000 r  clk_100 (IN)
                         net (fo=0)                   0.000     0.000    clk_100
    E3                   IBUF (Prop_ibuf_I_O)         0.250     0.250 r  clk_100_IBUF_inst/O
                         net (fo=1, routed)           0.644     0.894    clk_100_IBUF
    BUFGCTRL_X0Y16       BUFG (Prop_bufg_I_O)         0.026     0.920 r  clk_100_IBUF_BUFG_inst/O
                         net (fo=13, routed)          0.600     1.519    t2/b0/clk_100
    SLICE_X0Y86          FDRE                                         r  t2/b0/cnt_reg[0]/C
  -------------------------------------------------------------------    -------------------
    SLICE_X0Y86          FDRE (Prop_fdre_C_Q)         0.141     1.660 f  t2/b0/cnt_reg[0]/Q
                         net (fo=2, routed)           0.185     1.845    t2/b0/cnt_reg[0]
    SLICE_X0Y86          LUT1 (Prop_lut1_I0_O)        0.045     1.890 r  t2/b0/cnt[0]_i_2/O
                         net (fo=1, routed)           0.000     1.890    t2/b0/cnt[0]_i_2_n_0
    SLICE_X0Y86          CARRY4 (Prop_carry4_S[0]_O[0])
                                                      0.070     1.960 r  t2/b0/cnt_reg[0]_i_1/O[0]
                         net (fo=1, routed)           0.000     1.960    t2/b0/cnt_reg[0]_i_1_n_7
    SLICE_X0Y86          FDRE                                         r  t2/b0/cnt_reg[0]/D
  -------------------------------------------------------------------    -------------------

                         (clock sys_clk_pin rise edge)
                                                      0.000     0.000 r  
    E3                                                0.000     0.000 r  clk_100 (IN)
                         net (fo=0)                   0.000     0.000    clk_100
    E3                   IBUF (Prop_ibuf_I_O)         0.438     0.438 r  clk_100_IBUF_inst/O
                         net (fo=1, routed)           0.699     1.136    clk_100_IBUF
    BUFGCTRL_X0Y16       BUFG (Prop_bufg_I_O)         0.029     1.165 r  clk_100_IBUF_BUFG_inst/O
                         net (fo=13, routed)          0.872     2.037    t2/b0/clk_100
    SLICE_X0Y86          FDRE                                         r  t2/b0/cnt_reg[0]/C
                         clock pessimism             -0.517     1.519    
    SLICE_X0Y86          FDRE (Hold_fdre_C_D)         0.105     1.624    t2/b0/cnt_reg[0]
  -------------------------------------------------------------------
                         required time                         -1.624    
                         arrival time                           1.960    
  -------------------------------------------------------------------
                         slack                                  0.336    

Slack (MET) :             0.338ns  (arrival time - required time)
  Source:                 t2/b0/cnt_reg[3]/C
                            (rising edge-triggered cell FDRE clocked by sys_clk_pin  {rise@0.000ns fall@5.000ns period=10.000ns})
  Destination:            t2/b0/cnt_reg[3]/D
                            (rising edge-triggered cell FDRE clocked by sys_clk_pin  {rise@0.000ns fall@5.000ns period=10.000ns})
  Path Group:             sys_clk_pin
  Path Type:              Hold (Min at Fast Process Corner)
  Requirement:            0.000ns  (sys_clk_pin rise@0.000ns - sys_clk_pin rise@0.000ns)
  Data Path Delay:        0.443ns  (logic 0.249ns (56.213%)  route 0.194ns (43.787%))
  Logic Levels:           1  (CARRY4=1)
  Clock Path Skew:        0.000ns (DCD - SCD - CPR)
    Destination Clock Delay (DCD):    2.037ns
    Source Clock Delay      (SCD):    1.519ns
    Clock Pessimism Removal (CPR):    0.517ns

    Location             Delay type                Incr(ns)  Path(ns)    Netlist Resource(s)
  -------------------------------------------------------------------    -------------------
                         (clock sys_clk_pin rise edge)
                                                      0.000     0.000 r  
    E3                                                0.000     0.000 r  clk_100 (IN)
                         net (fo=0)                   0.000     0.000    clk_100
    E3                   IBUF (Prop_ibuf_I_O)         0.250     0.250 r  clk_100_IBUF_inst/O
                         net (fo=1, routed)           0.644     0.894    clk_100_IBUF
    BUFGCTRL_X0Y16       BUFG (Prop_bufg_I_O)         0.026     0.920 r  clk_100_IBUF_BUFG_inst/O
                         net (fo=13, routed)          0.600     1.519    t2/b0/clk_100
    SLICE_X0Y86          FDRE                                         r  t2/b0/cnt_reg[3]/C
  -------------------------------------------------------------------    -------------------
    SLICE_X0Y86          FDRE (Prop_fdre_C_Q)         0.141     1.660 r  t2/b0/cnt_reg[3]/Q
                         net (fo=2, routed)           0.194     1.854    t2/b0/cnt_reg[3]
    SLICE_X0Y86          CARRY4 (Prop_carry4_S[3]_O[3])
                                                      0.108     1.962 r  t2/b0/cnt_reg[0]_i_1/O[3]
                         net (fo=1, routed)           0.000     1.962    t2/b0/cnt_reg[0]_i_1_n_4
    SLICE_X0Y86          FDRE                                         r  t2/b0/cnt_reg[3]/D
  -------------------------------------------------------------------    -------------------

                         (clock sys_clk_pin rise edge)
                                                      0.000     0.000 r  
    E3                                                0.000     0.000 r  clk_100 (IN)
                         net (fo=0)                   0.000     0.000    clk_100
    E3                   IBUF (Prop_ibuf_I_O)         0.438     0.438 r  clk_100_IBUF_inst/O
                         net (fo=1, routed)           0.699     1.136    clk_100_IBUF
    BUFGCTRL_X0Y16       BUFG (Prop_bufg_I_O)         0.029     1.165 r  clk_100_IBUF_BUFG_inst/O
                         net (fo=13, routed)          0.872     2.037    t2/b0/clk_100
    SLICE_X0Y86          FDRE                                         r  t2/b0/cnt_reg[3]/C
                         clock pessimism             -0.517     1.519    
    SLICE_X0Y86          FDRE (Hold_fdre_C_D)         0.105     1.624    t2/b0/cnt_reg[3]
  -------------------------------------------------------------------
                         required time                         -1.624    
                         arrival time                           1.962    
  -------------------------------------------------------------------
                         slack                                  0.338    

Slack (MET) :             0.340ns  (arrival time - required time)
  Source:                 t2/b0/cnt_reg[12]/C
                            (rising edge-triggered cell FDRE clocked by sys_clk_pin  {rise@0.000ns fall@5.000ns period=10.000ns})
  Destination:            t2/b0/cnt_reg[12]/D
                            (rising edge-triggered cell FDRE clocked by sys_clk_pin  {rise@0.000ns fall@5.000ns period=10.000ns})
  Path Group:             sys_clk_pin
  Path Type:              Hold (Min at Fast Process Corner)
  Requirement:            0.000ns  (sys_clk_pin rise@0.000ns - sys_clk_pin rise@0.000ns)
  Data Path Delay:        0.445ns  (logic 0.256ns (57.583%)  route 0.189ns (42.417%))
  Logic Levels:           1  (CARRY4=1)
  Clock Path Skew:        0.000ns (DCD - SCD - CPR)
    Destination Clock Delay (DCD):    2.040ns
    Source Clock Delay      (SCD):    1.521ns
    Clock Pessimism Removal (CPR):    0.518ns

    Location             Delay type                Incr(ns)  Path(ns)    Netlist Resource(s)
  -------------------------------------------------------------------    -------------------
                         (clock sys_clk_pin rise edge)
                                                      0.000     0.000 r  
    E3                                                0.000     0.000 r  clk_100 (IN)
                         net (fo=0)                   0.000     0.000    clk_100
    E3                   IBUF (Prop_ibuf_I_O)         0.250     0.250 r  clk_100_IBUF_inst/O
                         net (fo=1, routed)           0.644     0.894    clk_100_IBUF
    BUFGCTRL_X0Y16       BUFG (Prop_bufg_I_O)         0.026     0.920 r  clk_100_IBUF_BUFG_inst/O
                         net (fo=13, routed)          0.602     1.521    t2/b0/clk_100
    SLICE_X0Y89          FDRE                                         r  t2/b0/cnt_reg[12]/C
  -------------------------------------------------------------------    -------------------
    SLICE_X0Y89          FDRE (Prop_fdre_C_Q)         0.141     1.662 r  t2/b0/cnt_reg[12]/Q
                         net (fo=2, routed)           0.189     1.851    t2/b0/cnt_reg[12]
    SLICE_X0Y89          CARRY4 (Prop_carry4_S[0]_O[0])
                                                      0.115     1.966 r  t2/b0/cnt_reg[12]_i_1/O[0]
                         net (fo=1, routed)           0.000     1.966    t2/b0/cnt_reg[12]_i_1_n_7
    SLICE_X0Y89          FDRE                                         r  t2/b0/cnt_reg[12]/D
  -------------------------------------------------------------------    -------------------

                         (clock sys_clk_pin rise edge)
                                                      0.000     0.000 r  
    E3                                                0.000     0.000 r  clk_100 (IN)
                         net (fo=0)                   0.000     0.000    clk_100
    E3                   IBUF (Prop_ibuf_I_O)         0.438     0.438 r  clk_100_IBUF_inst/O
                         net (fo=1, routed)           0.699     1.136    clk_100_IBUF
    BUFGCTRL_X0Y16       BUFG (Prop_bufg_I_O)         0.029     1.165 r  clk_100_IBUF_BUFG_inst/O
                         net (fo=13, routed)          0.875     2.040    t2/b0/clk_100
    SLICE_X0Y89          FDRE                                         r  t2/b0/cnt_reg[12]/C
                         clock pessimism             -0.518     1.521    
    SLICE_X0Y89          FDRE (Hold_fdre_C_D)         0.105     1.626    t2/b0/cnt_reg[12]
  -------------------------------------------------------------------
                         required time                         -1.626    
                         arrival time                           1.966    
  -------------------------------------------------------------------
                         slack                                  0.340    

Slack (MET) :             0.340ns  (arrival time - required time)
  Source:                 t2/b0/cnt_reg[4]/C
                            (rising edge-triggered cell FDRE clocked by sys_clk_pin  {rise@0.000ns fall@5.000ns period=10.000ns})
  Destination:            t2/b0/cnt_reg[4]/D
                            (rising edge-triggered cell FDRE clocked by sys_clk_pin  {rise@0.000ns fall@5.000ns period=10.000ns})
  Path Group:             sys_clk_pin
  Path Type:              Hold (Min at Fast Process Corner)
  Requirement:            0.000ns  (sys_clk_pin rise@0.000ns - sys_clk_pin rise@0.000ns)
  Data Path Delay:        0.445ns  (logic 0.256ns (57.583%)  route 0.189ns (42.417%))
  Logic Levels:           1  (CARRY4=1)
  Clock Path Skew:        0.000ns (DCD - SCD - CPR)
    Destination Clock Delay (DCD):    2.038ns
    Source Clock Delay      (SCD):    1.520ns
    Clock Pessimism Removal (CPR):    0.517ns

    Location             Delay type                Incr(ns)  Path(ns)    Netlist Resource(s)
  -------------------------------------------------------------------    -------------------
                         (clock sys_clk_pin rise edge)
                                                      0.000     0.000 r  
    E3                                                0.000     0.000 r  clk_100 (IN)
                         net (fo=0)                   0.000     0.000    clk_100
    E3                   IBUF (Prop_ibuf_I_O)         0.250     0.250 r  clk_100_IBUF_inst/O
                         net (fo=1, routed)           0.644     0.894    clk_100_IBUF
    BUFGCTRL_X0Y16       BUFG (Prop_bufg_I_O)         0.026     0.920 r  clk_100_IBUF_BUFG_inst/O
                         net (fo=13, routed)          0.601     1.520    t2/b0/clk_100
    SLICE_X0Y87          FDRE                                         r  t2/b0/cnt_reg[4]/C
  -------------------------------------------------------------------    -------------------
    SLICE_X0Y87          FDRE (Prop_fdre_C_Q)         0.141     1.661 r  t2/b0/cnt_reg[4]/Q
                         net (fo=2, routed)           0.189     1.850    t2/b0/cnt_reg[4]
    SLICE_X0Y87          CARRY4 (Prop_carry4_S[0]_O[0])
                                                      0.115     1.965 r  t2/b0/cnt_reg[4]_i_1/O[0]
                         net (fo=1, routed)           0.000     1.965    t2/b0/cnt_reg[4]_i_1_n_7
    SLICE_X0Y87          FDRE                                         r  t2/b0/cnt_reg[4]/D
  -------------------------------------------------------------------    -------------------

                         (clock sys_clk_pin rise edge)
                                                      0.000     0.000 r  
    E3                                                0.000     0.000 r  clk_100 (IN)
                         net (fo=0)                   0.000     0.000    clk_100
    E3                   IBUF (Prop_ibuf_I_O)         0.438     0.438 r  clk_100_IBUF_inst/O
                         net (fo=1, routed)           0.699     1.136    clk_100_IBUF
    BUFGCTRL_X0Y16       BUFG (Prop_bufg_I_O)         0.029     1.165 r  clk_100_IBUF_BUFG_inst/O
                         net (fo=13, routed)          0.873     2.038    t2/b0/clk_100
    SLICE_X0Y87          FDRE                                         r  t2/b0/cnt_reg[4]/C
                         clock pessimism             -0.517     1.520    
    SLICE_X0Y87          FDRE (Hold_fdre_C_D)         0.105     1.625    t2/b0/cnt_reg[4]
  -------------------------------------------------------------------
                         required time                         -1.625    
                         arrival time                           1.965    
  -------------------------------------------------------------------
                         slack                                  0.340    

Slack (MET) :             0.372ns  (arrival time - required time)
  Source:                 t2/b0/cnt_reg[0]/C
                            (rising edge-triggered cell FDRE clocked by sys_clk_pin  {rise@0.000ns fall@5.000ns period=10.000ns})
  Destination:            t2/b0/cnt_reg[1]/D
                            (rising edge-triggered cell FDRE clocked by sys_clk_pin  {rise@0.000ns fall@5.000ns period=10.000ns})
  Path Group:             sys_clk_pin
  Path Type:              Hold (Min at Fast Process Corner)
  Requirement:            0.000ns  (sys_clk_pin rise@0.000ns - sys_clk_pin rise@0.000ns)
  Data Path Delay:        0.477ns  (logic 0.292ns (61.242%)  route 0.185ns (38.758%))
  Logic Levels:           2  (CARRY4=1 LUT1=1)
  Clock Path Skew:        0.000ns (DCD - SCD - CPR)
    Destination Clock Delay (DCD):    2.037ns
    Source Clock Delay      (SCD):    1.519ns
    Clock Pessimism Removal (CPR):    0.517ns

    Location             Delay type                Incr(ns)  Path(ns)    Netlist Resource(s)
  -------------------------------------------------------------------    -------------------
                         (clock sys_clk_pin rise edge)
                                                      0.000     0.000 r  
    E3                                                0.000     0.000 r  clk_100 (IN)
                         net (fo=0)                   0.000     0.000    clk_100
    E3                   IBUF (Prop_ibuf_I_O)         0.250     0.250 r  clk_100_IBUF_inst/O
                         net (fo=1, routed)           0.644     0.894    clk_100_IBUF
    BUFGCTRL_X0Y16       BUFG (Prop_bufg_I_O)         0.026     0.920 r  clk_100_IBUF_BUFG_inst/O
                         net (fo=13, routed)          0.600     1.519    t2/b0/clk_100
    SLICE_X0Y86          FDRE                                         r  t2/b0/cnt_reg[0]/C
  -------------------------------------------------------------------    -------------------
    SLICE_X0Y86          FDRE (Prop_fdre_C_Q)         0.141     1.660 f  t2/b0/cnt_reg[0]/Q
                         net (fo=2, routed)           0.185     1.845    t2/b0/cnt_reg[0]
    SLICE_X0Y86          LUT1 (Prop_lut1_I0_O)        0.045     1.890 r  t2/b0/cnt[0]_i_2/O
                         net (fo=1, routed)           0.000     1.890    t2/b0/cnt[0]_i_2_n_0
    SLICE_X0Y86          CARRY4 (Prop_carry4_S[0]_O[1])
                                                      0.106     1.996 r  t2/b0/cnt_reg[0]_i_1/O[1]
                         net (fo=1, routed)           0.000     1.996    t2/b0/cnt_reg[0]_i_1_n_6
    SLICE_X0Y86          FDRE                                         r  t2/b0/cnt_reg[1]/D
  -------------------------------------------------------------------    -------------------

                         (clock sys_clk_pin rise edge)
                                                      0.000     0.000 r  
    E3                                                0.000     0.000 r  clk_100 (IN)
                         net (fo=0)                   0.000     0.000    clk_100
    E3                   IBUF (Prop_ibuf_I_O)         0.438     0.438 r  clk_100_IBUF_inst/O
                         net (fo=1, routed)           0.699     1.136    clk_100_IBUF
    BUFGCTRL_X0Y16       BUFG (Prop_bufg_I_O)         0.029     1.165 r  clk_100_IBUF_BUFG_inst/O
                         net (fo=13, routed)          0.872     2.037    t2/b0/clk_100
    SLICE_X0Y86          FDRE                                         r  t2/b0/cnt_reg[1]/C
                         clock pessimism             -0.517     1.519    
    SLICE_X0Y86          FDRE (Hold_fdre_C_D)         0.105     1.624    t2/b0/cnt_reg[1]
  -------------------------------------------------------------------
                         required time                         -1.624    
                         arrival time                           1.996    
  -------------------------------------------------------------------
                         slack                                  0.372    

Slack (MET) :             0.376ns  (arrival time - required time)
  Source:                 t2/b0/cnt_reg[4]/C
                            (rising edge-triggered cell FDRE clocked by sys_clk_pin  {rise@0.000ns fall@5.000ns period=10.000ns})
  Destination:            t2/b0/cnt_reg[5]/D
                            (rising edge-triggered cell FDRE clocked by sys_clk_pin  {rise@0.000ns fall@5.000ns period=10.000ns})
  Path Group:             sys_clk_pin
  Path Type:              Hold (Min at Fast Process Corner)
  Requirement:            0.000ns  (sys_clk_pin rise@0.000ns - sys_clk_pin rise@0.000ns)
  Data Path Delay:        0.481ns  (logic 0.292ns (60.760%)  route 0.189ns (39.240%))
  Logic Levels:           1  (CARRY4=1)
  Clock Path Skew:        0.000ns (DCD - SCD - CPR)
    Destination Clock Delay (DCD):    2.038ns
    Source Clock Delay      (SCD):    1.520ns
    Clock Pessimism Removal (CPR):    0.517ns

    Location             Delay type                Incr(ns)  Path(ns)    Netlist Resource(s)
  -------------------------------------------------------------------    -------------------
                         (clock sys_clk_pin rise edge)
                                                      0.000     0.000 r  
    E3                                                0.000     0.000 r  clk_100 (IN)
                         net (fo=0)                   0.000     0.000    clk_100
    E3                   IBUF (Prop_ibuf_I_O)         0.250     0.250 r  clk_100_IBUF_inst/O
                         net (fo=1, routed)           0.644     0.894    clk_100_IBUF
    BUFGCTRL_X0Y16       BUFG (Prop_bufg_I_O)         0.026     0.920 r  clk_100_IBUF_BUFG_inst/O
                         net (fo=13, routed)          0.601     1.520    t2/b0/clk_100
    SLICE_X0Y87          FDRE                                         r  t2/b0/cnt_reg[4]/C
  -------------------------------------------------------------------    -------------------
    SLICE_X0Y87          FDRE (Prop_fdre_C_Q)         0.141     1.661 r  t2/b0/cnt_reg[4]/Q
                         net (fo=2, routed)           0.189     1.850    t2/b0/cnt_reg[4]
    SLICE_X0Y87          CARRY4 (Prop_carry4_S[0]_O[1])
                                                      0.151     2.001 r  t2/b0/cnt_reg[4]_i_1/O[1]
                         net (fo=1, routed)           0.000     2.001    t2/b0/cnt_reg[4]_i_1_n_6
    SLICE_X0Y87          FDRE                                         r  t2/b0/cnt_reg[5]/D
  -------------------------------------------------------------------    -------------------

                         (clock sys_clk_pin rise edge)
                                                      0.000     0.000 r  
    E3                                                0.000     0.000 r  clk_100 (IN)
                         net (fo=0)                   0.000     0.000    clk_100
    E3                   IBUF (Prop_ibuf_I_O)         0.438     0.438 r  clk_100_IBUF_inst/O
                         net (fo=1, routed)           0.699     1.136    clk_100_IBUF
    BUFGCTRL_X0Y16       BUFG (Prop_bufg_I_O)         0.029     1.165 r  clk_100_IBUF_BUFG_inst/O
                         net (fo=13, routed)          0.873     2.038    t2/b0/clk_100
    SLICE_X0Y87          FDRE                                         r  t2/b0/cnt_reg[5]/C
                         clock pessimism             -0.517     1.520    
    SLICE_X0Y87          FDRE (Hold_fdre_C_D)         0.105     1.625    t2/b0/cnt_reg[5]
  -------------------------------------------------------------------
                         required time                         -1.625    
                         arrival time                           2.001    
  -------------------------------------------------------------------
                         slack                                  0.376    

Slack (MET) :             0.412ns  (arrival time - required time)
  Source:                 t2/b0/cnt_reg[0]/C
                            (rising edge-triggered cell FDRE clocked by sys_clk_pin  {rise@0.000ns fall@5.000ns period=10.000ns})
  Destination:            t2/b0/cnt_reg[2]/D
                            (rising edge-triggered cell FDRE clocked by sys_clk_pin  {rise@0.000ns fall@5.000ns period=10.000ns})
  Path Group:             sys_clk_pin
  Path Type:              Hold (Min at Fast Process Corner)
  Requirement:            0.000ns  (sys_clk_pin rise@0.000ns - sys_clk_pin rise@0.000ns)
  Data Path Delay:        0.517ns  (logic 0.332ns (64.242%)  route 0.185ns (35.758%))
  Logic Levels:           2  (CARRY4=1 LUT1=1)
  Clock Path Skew:        0.000ns (DCD - SCD - CPR)
    Destination Clock Delay (DCD):    2.037ns
    Source Clock Delay      (SCD):    1.519ns
    Clock Pessimism Removal (CPR):    0.517ns

    Location             Delay type                Incr(ns)  Path(ns)    Netlist Resource(s)
  -------------------------------------------------------------------    -------------------
                         (clock sys_clk_pin rise edge)
                                                      0.000     0.000 r  
    E3                                                0.000     0.000 r  clk_100 (IN)
                         net (fo=0)                   0.000     0.000    clk_100
    E3                   IBUF (Prop_ibuf_I_O)         0.250     0.250 r  clk_100_IBUF_inst/O
                         net (fo=1, routed)           0.644     0.894    clk_100_IBUF
    BUFGCTRL_X0Y16       BUFG (Prop_bufg_I_O)         0.026     0.920 r  clk_100_IBUF_BUFG_inst/O
                         net (fo=13, routed)          0.600     1.519    t2/b0/clk_100
    SLICE_X0Y86          FDRE                                         r  t2/b0/cnt_reg[0]/C
  -------------------------------------------------------------------    -------------------
    SLICE_X0Y86          FDRE (Prop_fdre_C_Q)         0.141     1.660 f  t2/b0/cnt_reg[0]/Q
                         net (fo=2, routed)           0.185     1.845    t2/b0/cnt_reg[0]
    SLICE_X0Y86          LUT1 (Prop_lut1_I0_O)        0.045     1.890 r  t2/b0/cnt[0]_i_2/O
                         net (fo=1, routed)           0.000     1.890    t2/b0/cnt[0]_i_2_n_0
    SLICE_X0Y86          CARRY4 (Prop_carry4_S[0]_O[2])
                                                      0.146     2.036 r  t2/b0/cnt_reg[0]_i_1/O[2]
                         net (fo=1, routed)           0.000     2.036    t2/b0/cnt_reg[0]_i_1_n_5
    SLICE_X0Y86          FDRE                                         r  t2/b0/cnt_reg[2]/D
  -------------------------------------------------------------------    -------------------

                         (clock sys_clk_pin rise edge)
                                                      0.000     0.000 r  
    E3                                                0.000     0.000 r  clk_100 (IN)
                         net (fo=0)                   0.000     0.000    clk_100
    E3                   IBUF (Prop_ibuf_I_O)         0.438     0.438 r  clk_100_IBUF_inst/O
                         net (fo=1, routed)           0.699     1.136    clk_100_IBUF
    BUFGCTRL_X0Y16       BUFG (Prop_bufg_I_O)         0.029     1.165 r  clk_100_IBUF_BUFG_inst/O
                         net (fo=13, routed)          0.872     2.037    t2/b0/clk_100
    SLICE_X0Y86          FDRE                                         r  t2/b0/cnt_reg[2]/C
                         clock pessimism             -0.517     1.519    
    SLICE_X0Y86          FDRE (Hold_fdre_C_D)         0.105     1.624    t2/b0/cnt_reg[2]
  -------------------------------------------------------------------
                         required time                         -1.624    
                         arrival time                           2.036    
  -------------------------------------------------------------------
                         slack                                  0.412    

Slack (MET) :             0.416ns  (arrival time - required time)
  Source:                 t2/b0/cnt_reg[4]/C
                            (rising edge-triggered cell FDRE clocked by sys_clk_pin  {rise@0.000ns fall@5.000ns period=10.000ns})
  Destination:            t2/b0/cnt_reg[6]/D
                            (rising edge-triggered cell FDRE clocked by sys_clk_pin  {rise@0.000ns fall@5.000ns period=10.000ns})
  Path Group:             sys_clk_pin
  Path Type:              Hold (Min at Fast Process Corner)
  Requirement:            0.000ns  (sys_clk_pin rise@0.000ns - sys_clk_pin rise@0.000ns)
  Data Path Delay:        0.521ns  (logic 0.332ns (63.775%)  route 0.189ns (36.225%))
  Logic Levels:           1  (CARRY4=1)
  Clock Path Skew:        0.000ns (DCD - SCD - CPR)
    Destination Clock Delay (DCD):    2.038ns
    Source Clock Delay      (SCD):    1.520ns
    Clock Pessimism Removal (CPR):    0.517ns

    Location             Delay type                Incr(ns)  Path(ns)    Netlist Resource(s)
  -------------------------------------------------------------------    -------------------
                         (clock sys_clk_pin rise edge)
                                                      0.000     0.000 r  
    E3                                                0.000     0.000 r  clk_100 (IN)
                         net (fo=0)                   0.000     0.000    clk_100
    E3                   IBUF (Prop_ibuf_I_O)         0.250     0.250 r  clk_100_IBUF_inst/O
                         net (fo=1, routed)           0.644     0.894    clk_100_IBUF
    BUFGCTRL_X0Y16       BUFG (Prop_bufg_I_O)         0.026     0.920 r  clk_100_IBUF_BUFG_inst/O
                         net (fo=13, routed)          0.601     1.520    t2/b0/clk_100
    SLICE_X0Y87          FDRE                                         r  t2/b0/cnt_reg[4]/C
  -------------------------------------------------------------------    -------------------
    SLICE_X0Y87          FDRE (Prop_fdre_C_Q)         0.141     1.661 r  t2/b0/cnt_reg[4]/Q
                         net (fo=2, routed)           0.189     1.850    t2/b0/cnt_reg[4]
    SLICE_X0Y87          CARRY4 (Prop_carry4_S[0]_O[2])
                                                      0.191     2.041 r  t2/b0/cnt_reg[4]_i_1/O[2]
                         net (fo=1, routed)           0.000     2.041    t2/b0/cnt_reg[4]_i_1_n_5
    SLICE_X0Y87          FDRE                                         r  t2/b0/cnt_reg[6]/D
  -------------------------------------------------------------------    -------------------

                         (clock sys_clk_pin rise edge)
                                                      0.000     0.000 r  
    E3                                                0.000     0.000 r  clk_100 (IN)
                         net (fo=0)                   0.000     0.000    clk_100
    E3                   IBUF (Prop_ibuf_I_O)         0.438     0.438 r  clk_100_IBUF_inst/O
                         net (fo=1, routed)           0.699     1.136    clk_100_IBUF
    BUFGCTRL_X0Y16       BUFG (Prop_bufg_I_O)         0.029     1.165 r  clk_100_IBUF_BUFG_inst/O
                         net (fo=13, routed)          0.873     2.038    t2/b0/clk_100
    SLICE_X0Y87          FDRE                                         r  t2/b0/cnt_reg[6]/C
                         clock pessimism             -0.517     1.520    
    SLICE_X0Y87          FDRE (Hold_fdre_C_D)         0.105     1.625    t2/b0/cnt_reg[6]
  -------------------------------------------------------------------
                         required time                         -1.625    
                         arrival time                           2.041    
  -------------------------------------------------------------------
                         slack                                  0.416    

Slack (MET) :             0.436ns  (arrival time - required time)
  Source:                 t2/b0/cnt_reg[4]/C
                            (rising edge-triggered cell FDRE clocked by sys_clk_pin  {rise@0.000ns fall@5.000ns period=10.000ns})
  Destination:            t2/b0/cnt_reg[7]/D
                            (rising edge-triggered cell FDRE clocked by sys_clk_pin  {rise@0.000ns fall@5.000ns period=10.000ns})
  Path Group:             sys_clk_pin
  Path Type:              Hold (Min at Fast Process Corner)
  Requirement:            0.000ns  (sys_clk_pin rise@0.000ns - sys_clk_pin rise@0.000ns)
  Data Path Delay:        0.541ns  (logic 0.352ns (65.116%)  route 0.189ns (34.884%))
  Logic Levels:           1  (CARRY4=1)
  Clock Path Skew:        0.000ns (DCD - SCD - CPR)
    Destination Clock Delay (DCD):    2.038ns
    Source Clock Delay      (SCD):    1.520ns
    Clock Pessimism Removal (CPR):    0.517ns

    Location             Delay type                Incr(ns)  Path(ns)    Netlist Resource(s)
  -------------------------------------------------------------------    -------------------
                         (clock sys_clk_pin rise edge)
                                                      0.000     0.000 r  
    E3                                                0.000     0.000 r  clk_100 (IN)
                         net (fo=0)                   0.000     0.000    clk_100
    E3                   IBUF (Prop_ibuf_I_O)         0.250     0.250 r  clk_100_IBUF_inst/O
                         net (fo=1, routed)           0.644     0.894    clk_100_IBUF
    BUFGCTRL_X0Y16       BUFG (Prop_bufg_I_O)         0.026     0.920 r  clk_100_IBUF_BUFG_inst/O
                         net (fo=13, routed)          0.601     1.520    t2/b0/clk_100
    SLICE_X0Y87          FDRE                                         r  t2/b0/cnt_reg[4]/C
  -------------------------------------------------------------------    -------------------
    SLICE_X0Y87          FDRE (Prop_fdre_C_Q)         0.141     1.661 r  t2/b0/cnt_reg[4]/Q
                         net (fo=2, routed)           0.189     1.850    t2/b0/cnt_reg[4]
    SLICE_X0Y87          CARRY4 (Prop_carry4_S[0]_O[3])
                                                      0.211     2.061 r  t2/b0/cnt_reg[4]_i_1/O[3]
                         net (fo=1, routed)           0.000     2.061    t2/b0/cnt_reg[4]_i_1_n_4
    SLICE_X0Y87          FDRE                                         r  t2/b0/cnt_reg[7]/D
  -------------------------------------------------------------------    -------------------

                         (clock sys_clk_pin rise edge)
                                                      0.000     0.000 r  
    E3                                                0.000     0.000 r  clk_100 (IN)
                         net (fo=0)                   0.000     0.000    clk_100
    E3                   IBUF (Prop_ibuf_I_O)         0.438     0.438 r  clk_100_IBUF_inst/O
                         net (fo=1, routed)           0.699     1.136    clk_100_IBUF
    BUFGCTRL_X0Y16       BUFG (Prop_bufg_I_O)         0.029     1.165 r  clk_100_IBUF_BUFG_inst/O
                         net (fo=13, routed)          0.873     2.038    t2/b0/clk_100
    SLICE_X0Y87          FDRE                                         r  t2/b0/cnt_reg[7]/C
                         clock pessimism             -0.517     1.520    
    SLICE_X0Y87          FDRE (Hold_fdre_C_D)         0.105     1.625    t2/b0/cnt_reg[7]
  -------------------------------------------------------------------
                         required time                         -1.625    
                         arrival time                           2.061    
  -------------------------------------------------------------------
                         slack                                  0.436    

Slack (MET) :             0.459ns  (arrival time - required time)
  Source:                 t2/b0/cnt_reg[4]/C
                            (rising edge-triggered cell FDRE clocked by sys_clk_pin  {rise@0.000ns fall@5.000ns period=10.000ns})
  Destination:            t2/b0/cnt_reg[8]/D
                            (rising edge-triggered cell FDRE clocked by sys_clk_pin  {rise@0.000ns fall@5.000ns period=10.000ns})
  Path Group:             sys_clk_pin
  Path Type:              Hold (Min at Fast Process Corner)
  Requirement:            0.000ns  (sys_clk_pin rise@0.000ns - sys_clk_pin rise@0.000ns)
  Data Path Delay:        0.581ns  (logic 0.392ns (67.519%)  route 0.189ns (32.481%))
  Logic Levels:           2  (CARRY4=2)
  Clock Path Skew:        0.017ns (DCD - SCD - CPR)
    Destination Clock Delay (DCD):    2.040ns
    Source Clock Delay      (SCD):    1.520ns
    Clock Pessimism Removal (CPR):    0.502ns

    Location             Delay type                Incr(ns)  Path(ns)    Netlist Resource(s)
  -------------------------------------------------------------------    -------------------
                         (clock sys_clk_pin rise edge)
                                                      0.000     0.000 r  
    E3                                                0.000     0.000 r  clk_100 (IN)
                         net (fo=0)                   0.000     0.000    clk_100
    E3                   IBUF (Prop_ibuf_I_O)         0.250     0.250 r  clk_100_IBUF_inst/O
                         net (fo=1, routed)           0.644     0.894    clk_100_IBUF
    BUFGCTRL_X0Y16       BUFG (Prop_bufg_I_O)         0.026     0.920 r  clk_100_IBUF_BUFG_inst/O
                         net (fo=13, routed)          0.601     1.520    t2/b0/clk_100
    SLICE_X0Y87          FDRE                                         r  t2/b0/cnt_reg[4]/C
  -------------------------------------------------------------------    -------------------
    SLICE_X0Y87          FDRE (Prop_fdre_C_Q)         0.141     1.661 r  t2/b0/cnt_reg[4]/Q
                         net (fo=2, routed)           0.189     1.850    t2/b0/cnt_reg[4]
    SLICE_X0Y87          CARRY4 (Prop_carry4_S[0]_CO[3])
                                                      0.197     2.047 r  t2/b0/cnt_reg[4]_i_1/CO[3]
                         net (fo=1, routed)           0.000     2.047    t2/b0/cnt_reg[4]_i_1_n_0
    SLICE_X0Y88          CARRY4 (Prop_carry4_CI_O[0])
                                                      0.054     2.101 r  t2/b0/cnt_reg[8]_i_1/O[0]
                         net (fo=1, routed)           0.000     2.101    t2/b0/cnt_reg[8]_i_1_n_7
    SLICE_X0Y88          FDRE                                         r  t2/b0/cnt_reg[8]/D
  -------------------------------------------------------------------    -------------------

                         (clock sys_clk_pin rise edge)
                                                      0.000     0.000 r  
    E3                                                0.000     0.000 r  clk_100 (IN)
                         net (fo=0)                   0.000     0.000    clk_100
    E3                   IBUF (Prop_ibuf_I_O)         0.438     0.438 r  clk_100_IBUF_inst/O
                         net (fo=1, routed)           0.699     1.136    clk_100_IBUF
    BUFGCTRL_X0Y16       BUFG (Prop_bufg_I_O)         0.029     1.165 r  clk_100_IBUF_BUFG_inst/O
                         net (fo=13, routed)          0.875     2.040    t2/b0/clk_100
    SLICE_X0Y88          FDRE                                         r  t2/b0/cnt_reg[8]/C
                         clock pessimism             -0.502     1.537    
    SLICE_X0Y88          FDRE (Hold_fdre_C_D)         0.105     1.642    t2/b0/cnt_reg[8]
  -------------------------------------------------------------------
                         required time                         -1.642    
                         arrival time                           2.101    
  -------------------------------------------------------------------
                         slack                                  0.459    





Pulse Width Checks
--------------------------------------------------------------------------------------
Clock Name:         sys_clk_pin
Waveform(ns):       { 0.000 5.000 }
Period(ns):         10.000
Sources:            { clk_100 }

Check Type        Corner  Lib Pin  Reference Pin  Required(ns)  Actual(ns)  Slack(ns)  Location        Pin
Min Period        n/a     BUFG/I   n/a            2.155         10.000      7.845      BUFGCTRL_X0Y16  clk_100_IBUF_BUFG_inst/I
Min Period        n/a     FDRE/C   n/a            1.000         10.000      9.000      SLICE_X0Y86     t2/b0/cnt_reg[0]/C
Min Period        n/a     FDRE/C   n/a            1.000         10.000      9.000      SLICE_X0Y88     t2/b0/cnt_reg[10]/C
Min Period        n/a     FDRE/C   n/a            1.000         10.000      9.000      SLICE_X0Y88     t2/b0/cnt_reg[11]/C
Min Period        n/a     FDRE/C   n/a            1.000         10.000      9.000      SLICE_X0Y89     t2/b0/cnt_reg[12]/C
Min Period        n/a     FDRE/C   n/a            1.000         10.000      9.000      SLICE_X0Y86     t2/b0/cnt_reg[1]/C
Min Period        n/a     FDRE/C   n/a            1.000         10.000      9.000      SLICE_X0Y86     t2/b0/cnt_reg[2]/C
Min Period        n/a     FDRE/C   n/a            1.000         10.000      9.000      SLICE_X0Y86     t2/b0/cnt_reg[3]/C
Min Period        n/a     FDRE/C   n/a            1.000         10.000      9.000      SLICE_X0Y87     t2/b0/cnt_reg[4]/C
Min Period        n/a     FDRE/C   n/a            1.000         10.000      9.000      SLICE_X0Y87     t2/b0/cnt_reg[5]/C
Low Pulse Width   Slow    FDRE/C   n/a            0.500         5.000       4.500      SLICE_X0Y89     t2/b0/cnt_reg[12]/C
Low Pulse Width   Fast    FDRE/C   n/a            0.500         5.000       4.500      SLICE_X0Y86     t2/b0/cnt_reg[0]/C
Low Pulse Width   Fast    FDRE/C   n/a            0.500         5.000       4.500      SLICE_X0Y88     t2/b0/cnt_reg[10]/C
Low Pulse Width   Fast    FDRE/C   n/a            0.500         5.000       4.500      SLICE_X0Y88     t2/b0/cnt_reg[11]/C
Low Pulse Width   Fast    FDRE/C   n/a            0.500         5.000       4.500      SLICE_X0Y89     t2/b0/cnt_reg[12]/C
Low Pulse Width   Fast    FDRE/C   n/a            0.500         5.000       4.500      SLICE_X0Y86     t2/b0/cnt_reg[1]/C
Low Pulse Width   Fast    FDRE/C   n/a            0.500         5.000       4.500      SLICE_X0Y86     t2/b0/cnt_reg[2]/C
Low Pulse Width   Fast    FDRE/C   n/a            0.500         5.000       4.500      SLICE_X0Y86     t2/b0/cnt_reg[3]/C
Low Pulse Width   Fast    FDRE/C   n/a            0.500         5.000       4.500      SLICE_X0Y87     t2/b0/cnt_reg[4]/C
Low Pulse Width   Fast    FDRE/C   n/a            0.500         5.000       4.500      SLICE_X0Y87     t2/b0/cnt_reg[5]/C
High Pulse Width  Slow    FDRE/C   n/a            0.500         5.000       4.500      SLICE_X0Y86     t2/b0/cnt_reg[0]/C
High Pulse Width  Fast    FDRE/C   n/a            0.500         5.000       4.500      SLICE_X0Y86     t2/b0/cnt_reg[0]/C
High Pulse Width  Slow    FDRE/C   n/a            0.500         5.000       4.500      SLICE_X0Y88     t2/b0/cnt_reg[10]/C
High Pulse Width  Fast    FDRE/C   n/a            0.500         5.000       4.500      SLICE_X0Y88     t2/b0/cnt_reg[10]/C
High Pulse Width  Slow    FDRE/C   n/a            0.500         5.000       4.500      SLICE_X0Y88     t2/b0/cnt_reg[11]/C
High Pulse Width  Fast    FDRE/C   n/a            0.500         5.000       4.500      SLICE_X0Y88     t2/b0/cnt_reg[11]/C
High Pulse Width  Slow    FDRE/C   n/a            0.500         5.000       4.500      SLICE_X0Y89     t2/b0/cnt_reg[12]/C
High Pulse Width  Fast    FDRE/C   n/a            0.500         5.000       4.500      SLICE_X0Y89     t2/b0/cnt_reg[12]/C
High Pulse Width  Slow    FDRE/C   n/a            0.500         5.000       4.500      SLICE_X0Y86     t2/b0/cnt_reg[1]/C
High Pulse Width  Fast    FDRE/C   n/a            0.500         5.000       4.500      SLICE_X0Y86     t2/b0/cnt_reg[1]/C



