Copyright 1986-2019 Xilinx, Inc. All Rights Reserved.
------------------------------------------------------------------------------------
| Tool Version : Vivado v.2019.1 (win64) Build 2552052 Fri May 24 14:49:42 MDT 2019
| Date         : Mon Apr 11 09:51:38 2022
| Host         : DESKTOP-LEJH40V running 64-bit major release  (build 9200)
| Command      : report_control_sets -verbose -file pdu_cpu_control_sets_placed.rpt
| Design       : pdu_cpu
| Device       : xc7a100ti
------------------------------------------------------------------------------------

Control Set Information

Table of Contents
-----------------
1. Summary
2. Histogram
3. Flip-Flop Distribution
4. Detailed Control Set Information

1. Summary
----------

+----------------------------------------------------------+-------+
|                          Status                          | Count |
+----------------------------------------------------------+-------+
| Total control sets                                       |    38 |
|    Minimum number of control sets                        |    38 |
|    Addition due to synthesis replication                 |     0 |
|    Addition due to physical synthesis replication        |     0 |
| Unused register locations in slices containing registers |     5 |
+----------------------------------------------------------+-------+
* Control sets can be merged at opt_design using control_set_merge or merge_equivalent_drivers
** Run report_qor_suggestions for automated merging and remapping suggestions


2. Histogram
------------

+--------------------+-------+
|       Fanout       | Count |
+--------------------+-------+
| Total control sets |    38 |
| >= 0 to < 4        |     0 |
| >= 4 to < 6        |     1 |
| >= 6 to < 8        |     0 |
| >= 8 to < 10       |     0 |
| >= 10 to < 12      |     0 |
| >= 12 to < 14      |     0 |
| >= 14 to < 16      |     1 |
| >= 16              |    36 |
+--------------------+-------+
* Control sets can be remapped at either synth_design or opt_design


3. Flip-Flop Distribution
-------------------------

+--------------+-----------------------+------------------------+-----------------+--------------+
| Clock Enable | Synchronous Set/Reset | Asynchronous Set/Reset | Total Registers | Total Slices |
+--------------+-----------------------+------------------------+-----------------+--------------+
| No           | No                    | No                     |              14 |            5 |
| No           | No                    | Yes                    |              56 |           16 |
| No           | Yes                   | No                     |               0 |            0 |
| Yes          | No                    | No                     |             992 |          571 |
| Yes          | No                    | Yes                    |              37 |           13 |
| Yes          | Yes                   | No                     |               0 |            0 |
+--------------+-----------------------+------------------------+-----------------+--------------+


4. Detailed Control Set Information
-----------------------------------

+----------------+----------------------------------------------------------------------------------------+------------------+------------------+----------------+
|  Clock Signal  |                                      Enable Signal                                     | Set/Reset Signal | Slice Load Count | Bel Load Count |
+----------------+----------------------------------------------------------------------------------------+------------------+------------------+----------------+
|  clk_IBUF_BUFG | c6/a1/out0_r[4]_i_3_0[0]                                                               | rst_IBUF         |                2 |              5 |
|  clk_IBUF_BUFG |                                                                                        |                  |                5 |             14 |
|  clk_IBUF_BUFG |                                                                                        | rst_IBUF         |                7 |             24 |
|  clk_IBUF_BUFG | c6/a1/E[0]                                                                             | rst_IBUF         |               11 |             32 |
|  clk_cpu_BUFG  |                                                                                        | rst_IBUF         |                9 |             32 |
|  clk_cpu_BUFG  | c6/r1/rf[14][31]_i_1_n_0                                                               |                  |               20 |             32 |
|  clk_cpu_BUFG  | c6/r1/rf[16][31]_i_1_n_0                                                               |                  |               17 |             32 |
|  clk_cpu_BUFG  | c6/r1/rf[15][31]_i_1_n_0                                                               |                  |               21 |             32 |
|  clk_cpu_BUFG  | c6/r1/rf[17][31]_i_1_n_0                                                               |                  |               21 |             32 |
|  clk_cpu_BUFG  | c6/r1/rf[25][31]_i_1_n_0                                                               |                  |               15 |             32 |
|  clk_cpu_BUFG  | c6/r1/rf[26][31]_i_1_n_0                                                               |                  |               18 |             32 |
|  clk_cpu_BUFG  | c6/r1/rf[30][31]_i_1_n_0                                                               |                  |               25 |             32 |
|  clk_cpu_BUFG  | c6/r1/rf[7][31]_i_1_n_0                                                                |                  |               21 |             32 |
|  clk_cpu_BUFG  | c6/r1/rf[10][31]_i_1_n_0                                                               |                  |               18 |             32 |
|  clk_cpu_BUFG  | c6/r1/rf[20][31]_i_1_n_0                                                               |                  |               17 |             32 |
|  clk_cpu_BUFG  | c6/r1/rf[28][31]_i_1_n_0                                                               |                  |               16 |             32 |
|  clk_cpu_BUFG  | c6/r1/rf[22][31]_i_1_n_0                                                               |                  |               17 |             32 |
|  clk_cpu_BUFG  | c6/r1/rf[18][31]_i_1_n_0                                                               |                  |               18 |             32 |
|  clk_cpu_BUFG  | c6/r1/rf[24][31]_i_1_n_0                                                               |                  |               14 |             32 |
|  clk_cpu_BUFG  | c6/r1/rf[19][31]_i_1_n_0                                                               |                  |               14 |             32 |
|  clk_cpu_BUFG  | c6/r1/rf[27][31]_i_1_n_0                                                               |                  |               18 |             32 |
|  clk_cpu_BUFG  | c6/r1/rf[12][31]_i_1_n_0                                                               |                  |               14 |             32 |
|  clk_cpu_BUFG  | c6/r1/rf[31][31]_i_1_n_0                                                               |                  |               24 |             32 |
|  clk_cpu_BUFG  | c6/r1/rf[29][31]_i_1_n_0                                                               |                  |               18 |             32 |
|  clk_cpu_BUFG  | c6/r1/rf[3][31]_i_1_n_0                                                                |                  |               17 |             32 |
|  clk_cpu_BUFG  | c6/r1/rf[21][31]_i_1_n_0                                                               |                  |               19 |             32 |
|  clk_cpu_BUFG  | c6/r1/rf[11][31]_i_1_n_0                                                               |                  |               13 |             32 |
|  clk_cpu_BUFG  | c6/r1/rf[9][31]_i_1_n_0                                                                |                  |               28 |             32 |
|  clk_cpu_BUFG  | c6/r1/rf[13][31]_i_1_n_0                                                               |                  |               14 |             32 |
|  clk_cpu_BUFG  | c6/r1/rf                                                                               |                  |               17 |             32 |
|  clk_cpu_BUFG  | c6/r1/rf[23][31]_i_1_n_0                                                               |                  |               21 |             32 |
|  clk_cpu_BUFG  | c6/r1/rf[2][31]_i_1_n_0                                                                |                  |               16 |             32 |
|  clk_cpu_BUFG  | c6/r1/rf[4][31]_i_1_n_0                                                                |                  |               15 |             32 |
|  clk_cpu_BUFG  | c6/r1/rf[6][31]_i_1_n_0                                                                |                  |               23 |             32 |
|  clk_cpu_BUFG  | c6/r1/rf[5][31]_i_1_n_0                                                                |                  |               18 |             32 |
|  clk_cpu_BUFG  | c6/r1/rf[8][31]_i_1_n_0                                                                |                  |               24 |             32 |
|  clk_cpu_BUFG  | c6/d1/U0/synth_options.dist_mem_inst/gen_dp_ram.dpram_inst/ram_reg_0_127_0_0_i_1_n_0   |                  |               32 |            128 |
|  clk_cpu_BUFG  | c6/d1/U0/synth_options.dist_mem_inst/gen_dp_ram.dpram_inst/ram_reg_128_255_0_0_i_1_n_0 |                  |               32 |            128 |
+----------------+----------------------------------------------------------------------------------------+------------------+------------------+----------------+


