#-----------------------------------------------------------
# Vivado v2019.1 (64-bit)
# SW Build 2552052 on Fri May 24 14:49:42 MDT 2019
# IP Build 2548770 on Fri May 24 18:01:18 MDT 2019
# Start of session at: Wed Nov 17 20:56:57 2021
# Process ID: 15720
# Current directory: D:/moshushiyan/lab4_3
# Command line: vivado.exe -gui_launcher_event rodinguilauncherevent8180 D:\moshushiyan\lab4_3\lab4.xpr
# Log file: D:/moshushiyan/lab4_3/vivado.log
# Journal file: D:/moshushiyan/lab4_3\vivado.jou
#-----------------------------------------------------------
start_gui
open_project D:/moshushiyan/lab4_3/lab4.xpr
INFO: [Project 1-313] Project file moved from 'D:/moshushiyan/lab4_2' since last save.
Scanning sources...
Finished scanning sources
INFO: [IP_Flow 19-234] Refreshing IP repositories
INFO: [IP_Flow 19-1704] No user IP repositories specified
INFO: [IP_Flow 19-2313] Loaded Vivado IP repository 'D:/Xilinx/Vivado/2019.1/data/ip'.
update_compile_order -fileset sources_1
WARNING: [filemgmt 56-199] Attempt to get parsing info during refresh. "On-the-fly" syntax checking information may be incorrect. [D:/moshushiyan/lab4_3/lab4.srcs/sources_1/new/counter16.v:]
WARNING: [filemgmt 56-199] Attempt to get parsing info during refresh. "On-the-fly" syntax checking information may be incorrect. [D:/moshushiyan/lab4_3/lab4.srcs/sources_1/new/DIS.v:]
WARNING: [filemgmt 56-199] Attempt to get parsing info during refresh. "On-the-fly" syntax checking information may be incorrect. [D:/moshushiyan/lab4_3/lab4.srcs/sources_1/new/all.v:]
WARNING: [filemgmt 56-199] Attempt to get parsing info during refresh. "On-the-fly" syntax checking information may be incorrect. [D:/moshushiyan/lab4_3/lab4.srcs/sources_1/new/counter20.v:]
WARNING: [filemgmt 56-199] Attempt to get parsing info during refresh. "On-the-fly" syntax checking information may be incorrect. [D:/moshushiyan/lab4_3/lab4.srcs/sources_1/new/DB.v:]
WARNING: [filemgmt 56-199] Attempt to get parsing info during refresh. "On-the-fly" syntax checking information may be incorrect. [D:/moshushiyan/lab4_3/lab4.srcs/sources_1/new/PS.v:]
WARNING: [filemgmt 56-199] Attempt to get parsing info during refresh. "On-the-fly" syntax checking information may be incorrect. [D:/moshushiyan/lab4_3/lab4.srcs/sources_1/new/mux_4_1.v:]
WARNING: [filemgmt 56-199] Attempt to get parsing info during refresh. "On-the-fly" syntax checking information may be incorrect. [D:/moshushiyan/lab4_3/lab4.srcs/sources_1/new/FDG.v:]
WARNING: [filemgmt 56-199] Attempt to get parsing info during refresh. "On-the-fly" syntax checking information may be incorrect. [D:/moshushiyan/lab4_3/lab4.srcs/sources_1/new/counter16.v:]
WARNING: [filemgmt 56-199] Attempt to get parsing info during refresh. "On-the-fly" syntax checking information may be incorrect. [D:/moshushiyan/lab4_3/lab4.srcs/sources_1/new/DIS.v:]
WARNING: [filemgmt 56-199] Attempt to get parsing info during refresh. "On-the-fly" syntax checking information may be incorrect. [D:/moshushiyan/lab4_3/lab4.srcs/sources_1/new/all.v:]
WARNING: [filemgmt 56-199] Attempt to get parsing info during refresh. "On-the-fly" syntax checking information may be incorrect. [D:/moshushiyan/lab4_3/lab4.srcs/sources_1/new/counter20.v:]
WARNING: [filemgmt 56-199] Attempt to get parsing info during refresh. "On-the-fly" syntax checking information may be incorrect. [D:/moshushiyan/lab4_3/lab4.srcs/sources_1/new/DB.v:]
WARNING: [filemgmt 56-199] Attempt to get parsing info during refresh. "On-the-fly" syntax checking information may be incorrect. [D:/moshushiyan/lab4_3/lab4.srcs/sources_1/new/PS.v:]
WARNING: [filemgmt 56-199] Attempt to get parsing info during refresh. "On-the-fly" syntax checking information may be incorrect. [D:/moshushiyan/lab4_3/lab4.srcs/sources_1/new/mux_4_1.v:]
WARNING: [filemgmt 56-199] Attempt to get parsing info during refresh. "On-the-fly" syntax checking information may be incorrect. [D:/moshushiyan/lab4_3/lab4.srcs/sources_1/new/FDG.v:]
WARNING: [filemgmt 56-199] Attempt to get parsing info during refresh. "On-the-fly" syntax checking information may be incorrect. [D:/moshushiyan/lab4_3/lab4.srcs/sources_1/new/counter16.v:]
WARNING: [filemgmt 56-199] Attempt to get parsing info during refresh. "On-the-fly" syntax checking information may be incorrect. [D:/moshushiyan/lab4_3/lab4.srcs/sources_1/new/DIS.v:]
WARNING: [filemgmt 56-199] Attempt to get parsing info during refresh. "On-the-fly" syntax checking information may be incorrect. [D:/moshushiyan/lab4_3/lab4.srcs/sources_1/new/all.v:]
WARNING: [filemgmt 56-199] Attempt to get parsing info during refresh. "On-the-fly" syntax checking information may be incorrect. [D:/moshushiyan/lab4_3/lab4.srcs/sources_1/new/counter20.v:]
WARNING: [filemgmt 56-199] Attempt to get parsing info during refresh. "On-the-fly" syntax checking information may be incorrect. [D:/moshushiyan/lab4_3/lab4.srcs/sources_1/new/DB.v:]
WARNING: [filemgmt 56-199] Attempt to get parsing info during refresh. "On-the-fly" syntax checking information may be incorrect. [D:/moshushiyan/lab4_3/lab4.srcs/sources_1/new/PS.v:]
WARNING: [filemgmt 56-199] Attempt to get parsing info during refresh. "On-the-fly" syntax checking information may be incorrect. [D:/moshushiyan/lab4_3/lab4.srcs/sources_1/new/mux_4_1.v:]
ERROR: [Common 17-180] Spawn failed: No error
update_compile_order -fileset sources_1
open_hw
reset_run impl_1
WARNING: [Vivado 12-1017] Problems encountered:
1. Couldn't access process for termination

reset_run synth_1
launch_runs impl_1 -to_step write_bitstream -jobs 4
[Wed Nov 17 21:00:30 2021] Launched synth_1...
Run output will be captured here: D:/moshushiyan/lab4_3/lab4.runs/synth_1/runme.log
[Wed Nov 17 21:00:30 2021] Launched impl_1...
Run output will be captured here: D:/moshushiyan/lab4_3/lab4.runs/impl_1/runme.log
connect_hw_server
INFO: [Labtools 27-2285] Connecting to hw_server url TCP:localhost:3121
open_hw_target
INFO: [Labtoolstcl 44-466] Opening hw_target localhost:3121/xilinx_tcf/Digilent/210292A8B5E3A
set_property PROGRAM.FILE {D:/moshushiyan/lab4_3/lab4.runs/impl_1/all.bit} [get_hw_devices xc7a100t_0]
current_hw_device [get_hw_devices xc7a100t_0]
refresh_hw_device -update_hw_probes false [lindex [get_hw_devices xc7a100t_0] 0]
INFO: [Labtools 27-1434] Device xc7a100t (JTAG device index = 0) is programmed with a design that has no supported debug core(s) in it.
set_property PROBES.FILE {} [get_hw_devices xc7a100t_0]
set_property FULL_PROBES.FILE {} [get_hw_devices xc7a100t_0]
set_property PROGRAM.FILE {D:/moshushiyan/lab4_3/lab4.runs/impl_1/all.bit} [get_hw_devices xc7a100t_0]
program_hw_devices [get_hw_devices xc7a100t_0]
INFO: [Labtools 27-3164] End of startup status: HIGH
refresh_hw_device [lindex [get_hw_devices xc7a100t_0] 0]
INFO: [Labtools 27-1434] Device xc7a100t (JTAG device index = 0) is programmed with a design that has no supported debug core(s) in it.
reset_run synth_1
launch_runs impl_1 -to_step write_bitstream -jobs 4
[Wed Nov 17 21:07:13 2021] Launched synth_1...
Run output will be captured here: D:/moshushiyan/lab4_3/lab4.runs/synth_1/runme.log
[Wed Nov 17 21:07:13 2021] Launched impl_1...
Run output will be captured here: D:/moshushiyan/lab4_3/lab4.runs/impl_1/runme.log
set_property PROBES.FILE {} [get_hw_devices xc7a100t_0]
set_property FULL_PROBES.FILE {} [get_hw_devices xc7a100t_0]
set_property PROGRAM.FILE {D:/moshushiyan/lab4_3/lab4.runs/impl_1/all.bit} [get_hw_devices xc7a100t_0]
program_hw_devices [get_hw_devices xc7a100t_0]
INFO: [Labtools 27-3164] End of startup status: HIGH
refresh_hw_device [lindex [get_hw_devices xc7a100t_0] 0]
INFO: [Labtools 27-1434] Device xc7a100t (JTAG device index = 0) is programmed with a design that has no supported debug core(s) in it.
reset_run impl_1 -prev_step 
launch_runs impl_1 -to_step write_bitstream -jobs 4
[Wed Nov 17 21:10:27 2021] Launched impl_1...
Run output will be captured here: D:/moshushiyan/lab4_3/lab4.runs/impl_1/runme.log
set_property PROBES.FILE {} [get_hw_devices xc7a100t_0]
set_property FULL_PROBES.FILE {} [get_hw_devices xc7a100t_0]
set_property PROGRAM.FILE {D:/moshushiyan/lab4_3/lab4.runs/impl_1/all.bit} [get_hw_devices xc7a100t_0]
program_hw_devices [get_hw_devices xc7a100t_0]
INFO: [Labtools 27-3164] End of startup status: HIGH
refresh_hw_device [lindex [get_hw_devices xc7a100t_0] 0]
INFO: [Labtools 27-1434] Device xc7a100t (JTAG device index = 0) is programmed with a design that has no supported debug core(s) in it.
reset_run synth_1
launch_runs impl_1 -to_step write_bitstream -jobs 4
[Wed Nov 17 21:11:38 2021] Launched synth_1...
Run output will be captured here: D:/moshushiyan/lab4_3/lab4.runs/synth_1/runme.log
[Wed Nov 17 21:11:38 2021] Launched impl_1...
Run output will be captured here: D:/moshushiyan/lab4_3/lab4.runs/impl_1/runme.log
set_property PROBES.FILE {} [get_hw_devices xc7a100t_0]
set_property FULL_PROBES.FILE {} [get_hw_devices xc7a100t_0]
set_property PROGRAM.FILE {D:/moshushiyan/lab4_3/lab4.runs/impl_1/all.bit} [get_hw_devices xc7a100t_0]
program_hw_devices [get_hw_devices xc7a100t_0]
INFO: [Labtools 27-3164] End of startup status: HIGH
refresh_hw_device [lindex [get_hw_devices xc7a100t_0] 0]
INFO: [Labtools 27-1434] Device xc7a100t (JTAG device index = 0) is programmed with a design that has no supported debug core(s) in it.
reset_run synth_1
launch_runs impl_1 -to_step write_bitstream -jobs 4
[Wed Nov 17 21:16:27 2021] Launched synth_1...
Run output will be captured here: D:/moshushiyan/lab4_3/lab4.runs/synth_1/runme.log
[Wed Nov 17 21:16:27 2021] Launched impl_1...
Run output will be captured here: D:/moshushiyan/lab4_3/lab4.runs/impl_1/runme.log
reset_run synth_1
launch_runs impl_1 -to_step write_bitstream -jobs 4
[Wed Nov 17 21:16:41 2021] Launched synth_1...
Run output will be captured here: D:/moshushiyan/lab4_3/lab4.runs/synth_1/runme.log
[Wed Nov 17 21:16:41 2021] Launched impl_1...
Run output will be captured here: D:/moshushiyan/lab4_3/lab4.runs/impl_1/runme.log
set_property PROBES.FILE {} [get_hw_devices xc7a100t_0]
set_property FULL_PROBES.FILE {} [get_hw_devices xc7a100t_0]
set_property PROGRAM.FILE {D:/moshushiyan/lab4_3/lab4.runs/impl_1/all.bit} [get_hw_devices xc7a100t_0]
program_hw_devices [get_hw_devices xc7a100t_0]
INFO: [Labtools 27-3164] End of startup status: HIGH
refresh_hw_device [lindex [get_hw_devices xc7a100t_0] 0]
INFO: [Labtools 27-1434] Device xc7a100t (JTAG device index = 0) is programmed with a design that has no supported debug core(s) in it.
reset_run impl_1 -prev_step 
launch_runs impl_1 -to_step write_bitstream -jobs 4
WARNING: [Vivado 12-872] Run step 'Design Initialization' is out-of-date.
[Wed Nov 17 21:27:26 2021] Launched impl_1...
Run output will be captured here: D:/moshushiyan/lab4_3/lab4.runs/impl_1/runme.log
set_property PROBES.FILE {} [get_hw_devices xc7a100t_0]
set_property FULL_PROBES.FILE {} [get_hw_devices xc7a100t_0]
set_property PROGRAM.FILE {D:/moshushiyan/lab4_3/lab4.runs/impl_1/all.bit} [get_hw_devices xc7a100t_0]
program_hw_devices [get_hw_devices xc7a100t_0]
INFO: [Labtools 27-3164] End of startup status: HIGH
refresh_hw_device [lindex [get_hw_devices xc7a100t_0] 0]
INFO: [Labtools 27-1434] Device xc7a100t (JTAG device index = 0) is programmed with a design that has no supported debug core(s) in it.
ERROR: [Labtoolstcl 44-513] HW Target shutdown. Closing target: localhost:3121/xilinx_tcf/Digilent/210292A8B5E3A
exit
INFO: [Common 17-206] Exiting Vivado at Thu Nov 18 07:09:56 2021...
