#-----------------------------------------------------------
# Vivado v2019.1 (64-bit)
# SW Build 2552052 on Fri May 24 14:49:42 MDT 2019
# IP Build 2548770 on Fri May 24 18:01:18 MDT 2019
# Start of session at: Wed Mar 16 18:06:56 2022
# Process ID: 16032
# Current directory: F:/jisuanjizuchengyuanli/study/Analog_and_digital_circuit_experiment_improvement_class/lab7_1
# Command line: vivado.exe -gui_launcher_event rodinguilauncherevent10676 F:\jisuanjizuchengyuanli\study\Analog_and_digital_circuit_experiment_improvement_class\lab7_1\lab7.xpr
# Log file: F:/jisuanjizuchengyuanli/study/Analog_and_digital_circuit_experiment_improvement_class/lab7_1/vivado.log
# Journal file: F:/jisuanjizuchengyuanli/study/Analog_and_digital_circuit_experiment_improvement_class/lab7_1\vivado.jou
#-----------------------------------------------------------
start_gui
open_project F:/jisuanjizuchengyuanli/study/Analog_and_digital_circuit_experiment_improvement_class/lab7_1/lab7.xpr
INFO: [ProjectBase 1-489] The host OS only allows 260 characters in a normal path. The project is stored in a path with more than 80 characters. If you experience issues with IP, Block Designs, or files not being found, please consider moving the project to a location with a shorter path. Alternately consider using the OS subst command to map part of the path to a drive letter.
Current project path is 'F:/jisuanjizuchengyuanli/study/Analog_and_digital_circuit_experiment_improvement_class/lab7_1'
INFO: [Project 1-313] Project file moved from 'D:/moshushiyan/lab7_1' since last save.
Scanning sources...
Finished scanning sources
INFO: [IP_Flow 19-234] Refreshing IP repositories
INFO: [IP_Flow 19-1704] No user IP repositories specified
INFO: [IP_Flow 19-2313] Loaded Vivado IP repository 'D:/Xilinx/Vivado/2019.1/data/ip'.
WARNING: [IP_Flow 19-2162] IP 'clk_wiz_0' is locked:
* IP 'clk_wiz_0' shares a common output directory with other IP. It is recommended that each IP be placed in its own directory.
WARNING: [IP_Flow 19-2162] IP 'blk_mem_gen_0' is locked:
* IP 'blk_mem_gen_0' shares a common output directory with other IP. It is recommended that each IP be placed in its own directory.
WARNING: [IP_Flow 19-2162] IP 'rom2' is locked:
* IP 'rom2' shares a common output directory with other IP. It is recommended that each IP be placed in its own directory.
WARNING: [IP_Flow 19-2162] IP 'rom3' is locked:
* IP 'rom3' shares a common output directory with other IP. It is recommended that each IP be placed in its own directory.
WARNING: [IP_Flow 19-2162] IP 'rom4' is locked:
* IP 'rom4' shares a common output directory with other IP. It is recommended that each IP be placed in its own directory.
WARNING: [IP_Flow 19-2162] IP 'rom5' is locked:
* IP 'rom5' shares a common output directory with other IP. It is recommended that each IP be placed in its own directory.
open_project: Time (s): cpu = 00:00:16 ; elapsed = 00:00:06 . Memory (MB): peak = 797.445 ; gain = 145.184
update_compile_order -fileset sources_1
exit
INFO: [Common 17-206] Exiting Vivado at Wed Mar 16 22:58:41 2022...
