#-----------------------------------------------------------
# Vivado v2019.1 (64-bit)
# SW Build 2552052 on Fri May 24 14:49:42 MDT 2019
# IP Build 2548770 on Fri May 24 18:01:18 MDT 2019
# Start of session at: Tue Nov 16 14:13:03 2021
# Process ID: 796
# Current directory: D:/moshushiyan/lab4_2
# Command line: vivado.exe -gui_launcher_event rodinguilauncherevent10308 D:\moshushiyan\lab4_2\lab4.xpr
# Log file: D:/moshushiyan/lab4_2/vivado.log
# Journal file: D:/moshushiyan/lab4_2\vivado.jou
#-----------------------------------------------------------
start_gui
open_project D:/moshushiyan/lab4_2/lab4.xpr
Scanning sources...
Finished scanning sources
INFO: [IP_Flow 19-234] Refreshing IP repositories
INFO: [IP_Flow 19-1704] No user IP repositories specified
INFO: [IP_Flow 19-2313] Loaded Vivado IP repository 'D:/Xilinx/Vivado/2019.1/data/ip'.
update_compile_order -fileset sources_1
exit
INFO: [Common 17-206] Exiting Vivado at Tue Nov 16 14:13:26 2021...
