#-----------------------------------------------------------
# Vivado v2019.1 (64-bit)
# SW Build 2552052 on Fri May 24 14:49:42 MDT 2019
# IP Build 2548770 on Fri May 24 18:01:18 MDT 2019
# Start of session at: Fri Jun 10 17:45:56 2022
# Process ID: 11928
# Current directory: F:/jisuanjizuchengyuanli/vivado2.2/lab4
# Command line: vivado.exe -gui_launcher_event rodinguilauncherevent7804 F:\jisuanjizuchengyuanli\vivado2.2\lab4\lab4.xpr
# Log file: F:/jisuanjizuchengyuanli/vivado2.2/lab4/vivado.log
# Journal file: F:/jisuanjizuchengyuanli/vivado2.2/lab4\vivado.jou
#-----------------------------------------------------------
start_gui
open_project F:/jisuanjizuchengyuanli/vivado2.2/lab4/lab4.xpr
Scanning sources...
Finished scanning sources
INFO: [IP_Flow 19-234] Refreshing IP repositories
INFO: [IP_Flow 19-1704] No user IP repositories specified
INFO: [IP_Flow 19-2313] Loaded Vivado IP repository 'D:/Xilinx/Vivado/2019.1/data/ip'.
open_project: Time (s): cpu = 00:00:20 ; elapsed = 00:00:10 . Memory (MB): peak = 723.688 ; gain = 132.676
update_compile_order -fileset sources_1
exit
INFO: [Common 17-206] Exiting Vivado at Fri Jun 10 18:25:06 2022...
