#-----------------------------------------------------------
# Vivado v2019.1 (64-bit)
# SW Build 2552052 on Fri May 24 14:49:42 MDT 2019
# IP Build 2548770 on Fri May 24 18:01:18 MDT 2019
# Start of session at: Tue Dec  7 15:24:44 2021
# Process ID: 1480
# Current directory: D:/moshushiyan/DIO_v2
# Command line: vivado.exe -gui_launcher_event rodinguilauncherevent15268 D:\moshushiyan\DIO_v2\DIO_v2.xpr
# Log file: D:/moshushiyan/DIO_v2/vivado.log
# Journal file: D:/moshushiyan/DIO_v2\vivado.jou
#-----------------------------------------------------------
start_gui
open_project D:/moshushiyan/DIO_v2/DIO_v2.xpr
Scanning sources...
Finished scanning sources
INFO: [IP_Flow 19-234] Refreshing IP repositories
INFO: [IP_Flow 19-1704] No user IP repositories specified
INFO: [IP_Flow 19-2313] Loaded Vivado IP repository 'D:/Xilinx/Vivado/2019.1/data/ip'.
open_project: Time (s): cpu = 00:00:17 ; elapsed = 00:00:07 . Memory (MB): peak = 688.758 ; gain = 68.617
update_compile_order -fileset sources_1
exit
INFO: [Common 17-206] Exiting Vivado at Tue Dec  7 21:11:26 2021...
