#-----------------------------------------------------------
# Vivado v2019.1 (64-bit)
# SW Build 2552052 on Fri May 24 14:49:42 MDT 2019
# IP Build 2548770 on Fri May 24 18:01:18 MDT 2019
# Start of session at: Tue Nov 23 15:58:25 2021
# Process ID: 22400
# Current directory: D:/moshushiyan/DIO_v2
# Command line: vivado.exe -gui_launcher_event rodinguilauncherevent18132 D:\moshushiyan\DIO_v2\DIO_v2.xpr
# Log file: D:/moshushiyan/DIO_v2/vivado.log
# Journal file: D:/moshushiyan/DIO_v2\vivado.jou
#-----------------------------------------------------------
start_gui
open_project D:/moshushiyan/DIO_v2/DIO_v2.xpr
INFO: [Project 1-313] Project file moved from 'Y:/Programs/vivado_project/DIO_v2' since last save.
Scanning sources...
Finished scanning sources
INFO: [IP_Flow 19-234] Refreshing IP repositories
INFO: [IP_Flow 19-1704] No user IP repositories specified
INFO: [IP_Flow 19-2313] Loaded Vivado IP repository 'D:/Xilinx/Vivado/2019.1/data/ip'.
open_project: Time (s): cpu = 00:00:20 ; elapsed = 00:00:08 . Memory (MB): peak = 713.891 ; gain = 84.023
update_compile_order -fileset sources_1
open_hw
connect_hw_server
INFO: [Labtools 27-2285] Connecting to hw_server url TCP:localhost:3121
open_hw_target
INFO: [Labtoolstcl 44-466] Opening hw_target localhost:3121/xilinx_tcf/Digilent/210292A8B5E3A
current_hw_device [get_hw_devices xc7a100t_0]
refresh_hw_device -update_hw_probes false [lindex [get_hw_devices xc7a100t_0] 0]
INFO: [Labtools 27-1435] Device xc7a100t (JTAG device index = 0) is not programmed (DONE status = 0).
reset_run impl_1
WARNING: [Vivado 12-1017] Problems encountered:
1. Process appears to be on host '969E' and cannot be killed from host 'DESKTOP-LEJH40V'

launch_runs impl_1 -to_step write_bitstream -jobs 4
[Tue Nov 23 16:14:37 2021] Launched impl_1...
Run output will be captured here: D:/moshushiyan/DIO_v2/DIO_v2.runs/impl_1/runme.log
set_property PROBES.FILE {} [get_hw_devices xc7a100t_0]
set_property FULL_PROBES.FILE {} [get_hw_devices xc7a100t_0]
set_property PROGRAM.FILE {D:/moshushiyan/DIO_v2/DIO_v2.runs/impl_1/DIO.bit} [get_hw_devices xc7a100t_0]
program_hw_devices [get_hw_devices xc7a100t_0]
INFO: [Labtools 27-3164] End of startup status: HIGH
refresh_hw_device [lindex [get_hw_devices xc7a100t_0] 0]
INFO: [Labtools 27-1434] Device xc7a100t (JTAG device index = 0) is programmed with a design that has no supported debug core(s) in it.
reset_run synth_1
launch_runs impl_1 -to_step write_bitstream -jobs 4
[Tue Nov 23 16:35:31 2021] Launched synth_1...
Run output will be captured here: D:/moshushiyan/DIO_v2/DIO_v2.runs/synth_1/runme.log
[Tue Nov 23 16:35:31 2021] Launched impl_1...
Run output will be captured here: D:/moshushiyan/DIO_v2/DIO_v2.runs/impl_1/runme.log
reset_run synth_1
launch_runs impl_1 -to_step write_bitstream -jobs 4
[Tue Nov 23 16:36:10 2021] Launched synth_1...
Run output will be captured here: D:/moshushiyan/DIO_v2/DIO_v2.runs/synth_1/runme.log
[Tue Nov 23 16:36:10 2021] Launched impl_1...
Run output will be captured here: D:/moshushiyan/DIO_v2/DIO_v2.runs/impl_1/runme.log
reset_run synth_1
launch_runs impl_1 -to_step write_bitstream -jobs 4
[Tue Nov 23 16:43:03 2021] Launched synth_1...
Run output will be captured here: D:/moshushiyan/DIO_v2/DIO_v2.runs/synth_1/runme.log
[Tue Nov 23 16:43:03 2021] Launched impl_1...
Run output will be captured here: D:/moshushiyan/DIO_v2/DIO_v2.runs/impl_1/runme.log
set_property PROBES.FILE {} [get_hw_devices xc7a100t_0]
set_property FULL_PROBES.FILE {} [get_hw_devices xc7a100t_0]
set_property PROGRAM.FILE {D:/moshushiyan/DIO_v2/DIO_v2.runs/impl_1/DIO.bit} [get_hw_devices xc7a100t_0]
program_hw_devices [get_hw_devices xc7a100t_0]
INFO: [Labtools 27-3164] End of startup status: HIGH
refresh_hw_device [lindex [get_hw_devices xc7a100t_0] 0]
INFO: [Labtools 27-1434] Device xc7a100t (JTAG device index = 0) is programmed with a design that has no supported debug core(s) in it.
set_property PROBES.FILE {} [get_hw_devices xc7a100t_0]
set_property FULL_PROBES.FILE {} [get_hw_devices xc7a100t_0]
set_property PROGRAM.FILE {D:/moshushiyan/DIO_v2/DIO_v2.runs/impl_1/DIO.bit} [get_hw_devices xc7a100t_0]
program_hw_devices [get_hw_devices xc7a100t_0]
INFO: [Labtools 27-3164] End of startup status: HIGH
refresh_hw_device [lindex [get_hw_devices xc7a100t_0] 0]
INFO: [Labtools 27-1434] Device xc7a100t (JTAG device index = 0) is programmed with a design that has no supported debug core(s) in it.
reset_run synth_1
launch_runs impl_1 -to_step write_bitstream -jobs 4
[Tue Nov 23 17:14:02 2021] Launched synth_1...
Run output will be captured here: D:/moshushiyan/DIO_v2/DIO_v2.runs/synth_1/runme.log
[Tue Nov 23 17:14:02 2021] Launched impl_1...
Run output will be captured here: D:/moshushiyan/DIO_v2/DIO_v2.runs/impl_1/runme.log
set_property PROBES.FILE {} [get_hw_devices xc7a100t_0]
set_property FULL_PROBES.FILE {} [get_hw_devices xc7a100t_0]
set_property PROGRAM.FILE {D:/moshushiyan/DIO_v2/DIO_v2.runs/impl_1/DIO.bit} [get_hw_devices xc7a100t_0]
program_hw_devices [get_hw_devices xc7a100t_0]
INFO: [Labtools 27-3164] End of startup status: HIGH
refresh_hw_device [lindex [get_hw_devices xc7a100t_0] 0]
INFO: [Labtools 27-1434] Device xc7a100t (JTAG device index = 0) is programmed with a design that has no supported debug core(s) in it.
update_compile_order -fileset sources_1
reset_run synth_1
launch_runs impl_1 -to_step write_bitstream -jobs 4
[Tue Nov 23 17:24:30 2021] Launched synth_1...
Run output will be captured here: D:/moshushiyan/DIO_v2/DIO_v2.runs/synth_1/runme.log
[Tue Nov 23 17:24:30 2021] Launched impl_1...
Run output will be captured here: D:/moshushiyan/DIO_v2/DIO_v2.runs/impl_1/runme.log
reset_run synth_1
update_compile_order -fileset sources_1
launch_runs impl_1 -to_step write_bitstream -jobs 4
[Tue Nov 23 17:25:06 2021] Launched synth_1...
Run output will be captured here: D:/moshushiyan/DIO_v2/DIO_v2.runs/synth_1/runme.log
[Tue Nov 23 17:25:06 2021] Launched impl_1...
Run output will be captured here: D:/moshushiyan/DIO_v2/DIO_v2.runs/impl_1/runme.log
set_property PROBES.FILE {} [get_hw_devices xc7a100t_0]
set_property FULL_PROBES.FILE {} [get_hw_devices xc7a100t_0]
set_property PROGRAM.FILE {D:/moshushiyan/DIO_v2/DIO_v2.runs/impl_1/DIO.bit} [get_hw_devices xc7a100t_0]
program_hw_devices [get_hw_devices xc7a100t_0]
INFO: [Labtools 27-3164] End of startup status: HIGH
refresh_hw_device [lindex [get_hw_devices xc7a100t_0] 0]
INFO: [Labtools 27-1434] Device xc7a100t (JTAG device index = 0) is programmed with a design that has no supported debug core(s) in it.
ERROR: [Labtoolstcl 44-513] HW Target shutdown. Closing target: localhost:3121/xilinx_tcf/Digilent/210292A8B5E3A
exit
INFO: [Common 17-206] Exiting Vivado at Tue Nov 23 23:34:22 2021...
