
*** Running vivado
    with args -log Print.vds -m64 -product Vivado -mode batch -messageDb vivado.pb -notrace -source Print.tcl


****** Vivado v2019.1 (64-bit)
  **** SW Build 2552052 on Fri May 24 14:49:42 MDT 2019
  **** IP Build 2548770 on Fri May 24 18:01:18 MDT 2019
    ** Copyright 1986-2019 Xilinx, Inc. All Rights Reserved.

source Print.tcl -notrace
Command: synth_design -top Print -part xc7a100tcsg324-1
Starting synth_design
Attempting to get a license for feature 'Synthesis' and/or device 'xc7a100t'
INFO: [Common 17-349] Got license for feature 'Synthesis' and/or device 'xc7a100t'
INFO: [Device 21-403] Loading part xc7a100tcsg324-1
INFO: Launching helper process for spawning children vivado processes
INFO: Helper process launched with PID 19044 
---------------------------------------------------------------------------------
Starting RTL Elaboration : Time (s): cpu = 00:00:05 ; elapsed = 00:00:05 . Memory (MB): peak = 701.523 ; gain = 177.008
---------------------------------------------------------------------------------
INFO: [Synth 8-6157] synthesizing module 'Print' [F:/jisuanjizuchengyuanli/study/Analog_and_digital_circuit_experiment_improvement_class/labh6/labh6.srcs/sources_1/new/PNT_1.v:22]
INFO: [Synth 8-6157] synthesizing module 'DB' [F:/jisuanjizuchengyuanli/study/Analog_and_digital_circuit_experiment_improvement_class/labh6/labh6.srcs/sources_1/new/DB.v:23]
INFO: [Synth 8-6155] done synthesizing module 'DB' (1#1) [F:/jisuanjizuchengyuanli/study/Analog_and_digital_circuit_experiment_improvement_class/labh6/labh6.srcs/sources_1/new/DB.v:23]
INFO: [Synth 8-6157] synthesizing module 'PS' [F:/jisuanjizuchengyuanli/study/Analog_and_digital_circuit_experiment_improvement_class/labh6/labh6.srcs/sources_1/new/PS.v:23]
INFO: [Synth 8-6157] synthesizing module 'trigger' [F:/jisuanjizuchengyuanli/study/Analog_and_digital_circuit_experiment_improvement_class/labh6/labh6.srcs/sources_1/new/trigger.v:23]
INFO: [Synth 8-6155] done synthesizing module 'trigger' (2#1) [F:/jisuanjizuchengyuanli/study/Analog_and_digital_circuit_experiment_improvement_class/labh6/labh6.srcs/sources_1/new/trigger.v:23]
INFO: [Synth 8-6155] done synthesizing module 'PS' (3#1) [F:/jisuanjizuchengyuanli/study/Analog_and_digital_circuit_experiment_improvement_class/labh6/labh6.srcs/sources_1/new/PS.v:23]
INFO: [Synth 8-6157] synthesizing module 'clk50' [F:/jisuanjizuchengyuanli/study/Analog_and_digital_circuit_experiment_improvement_class/labh6/labh6.runs/synth_1/.Xil/Vivado-1360-DESKTOP-LEJH40V/realtime/clk50_stub.v:5]
INFO: [Synth 8-6155] done synthesizing module 'clk50' (4#1) [F:/jisuanjizuchengyuanli/study/Analog_and_digital_circuit_experiment_improvement_class/labh6/labh6.runs/synth_1/.Xil/Vivado-1360-DESKTOP-LEJH40V/realtime/clk50_stub.v:5]
WARNING: [Synth 8-7023] instance 'c1' of module 'clk50' has 4 connections declared, but only 3 given [F:/jisuanjizuchengyuanli/study/Analog_and_digital_circuit_experiment_improvement_class/labh6/labh6.srcs/sources_1/new/PNT_1.v:62]
INFO: [Synth 8-6157] synthesizing module 'PCU' [F:/jisuanjizuchengyuanli/study/Analog_and_digital_circuit_experiment_improvement_class/labh6/labh6.srcs/sources_1/new/PCU.v:23]
INFO: [Synth 8-6155] done synthesizing module 'PCU' (5#1) [F:/jisuanjizuchengyuanli/study/Analog_and_digital_circuit_experiment_improvement_class/labh6/labh6.srcs/sources_1/new/PCU.v:23]
INFO: [Synth 8-6157] synthesizing module 'VRAM' [F:/jisuanjizuchengyuanli/study/Analog_and_digital_circuit_experiment_improvement_class/labh6/labh6.runs/synth_1/.Xil/Vivado-1360-DESKTOP-LEJH40V/realtime/VRAM_stub.v:6]
INFO: [Synth 8-6155] done synthesizing module 'VRAM' (6#1) [F:/jisuanjizuchengyuanli/study/Analog_and_digital_circuit_experiment_improvement_class/labh6/labh6.runs/synth_1/.Xil/Vivado-1360-DESKTOP-LEJH40V/realtime/VRAM_stub.v:6]
INFO: [Synth 8-6157] synthesizing module 'SRA' [F:/jisuanjizuchengyuanli/study/Analog_and_digital_circuit_experiment_improvement_class/labh6/labh6.srcs/sources_1/new/SRA.v:23]
INFO: [Synth 8-6155] done synthesizing module 'SRA' (7#1) [F:/jisuanjizuchengyuanli/study/Analog_and_digital_circuit_experiment_improvement_class/labh6/labh6.srcs/sources_1/new/SRA.v:23]
INFO: [Synth 8-6157] synthesizing module 'VDT' [F:/jisuanjizuchengyuanli/study/Analog_and_digital_circuit_experiment_improvement_class/labh6/labh6.srcs/sources_1/new/VDT.v:23]
	Parameter H_CNT bound to: 11'b10000001111 
	Parameter V_CNT bound to: 11'b01010011001 
INFO: [Synth 8-6155] done synthesizing module 'VDT' (8#1) [F:/jisuanjizuchengyuanli/study/Analog_and_digital_circuit_experiment_improvement_class/labh6/labh6.srcs/sources_1/new/VDT.v:23]
INFO: [Synth 8-6155] done synthesizing module 'Print' (9#1) [F:/jisuanjizuchengyuanli/study/Analog_and_digital_circuit_experiment_improvement_class/labh6/labh6.srcs/sources_1/new/PNT_1.v:22]
---------------------------------------------------------------------------------
Finished RTL Elaboration : Time (s): cpu = 00:00:06 ; elapsed = 00:00:06 . Memory (MB): peak = 768.965 ; gain = 244.449
---------------------------------------------------------------------------------

Report Check Netlist: 
+------+------------------+-------+---------+-------+------------------+
|      |Item              |Errors |Warnings |Status |Description       |
+------+------------------+-------+---------+-------+------------------+
|1     |multi_driven_nets |      0|        0|Passed |Multi driven nets |
+------+------------------+-------+---------+-------+------------------+
---------------------------------------------------------------------------------
Start Handling Custom Attributes
---------------------------------------------------------------------------------
---------------------------------------------------------------------------------
Finished Handling Custom Attributes : Time (s): cpu = 00:00:06 ; elapsed = 00:00:06 . Memory (MB): peak = 768.965 ; gain = 244.449
---------------------------------------------------------------------------------
---------------------------------------------------------------------------------
Finished RTL Optimization Phase 1 : Time (s): cpu = 00:00:06 ; elapsed = 00:00:06 . Memory (MB): peak = 768.965 ; gain = 244.449
---------------------------------------------------------------------------------
INFO: [Project 1-570] Preparing netlist for logic optimization

Processing XDC Constraints
Initializing timing engine
Parsing XDC File [f:/jisuanjizuchengyuanli/study/Analog_and_digital_circuit_experiment_improvement_class/labh6/labh6.srcs/sources_1/ip/VRAM_1/VRAM/VRAM_in_context.xdc] for cell 'v1'
Finished Parsing XDC File [f:/jisuanjizuchengyuanli/study/Analog_and_digital_circuit_experiment_improvement_class/labh6/labh6.srcs/sources_1/ip/VRAM_1/VRAM/VRAM_in_context.xdc] for cell 'v1'
Parsing XDC File [f:/jisuanjizuchengyuanli/study/Analog_and_digital_circuit_experiment_improvement_class/labh6/labh6.srcs/sources_1/ip/clk50/clk50/clk50_in_context.xdc] for cell 'c1'
Finished Parsing XDC File [f:/jisuanjizuchengyuanli/study/Analog_and_digital_circuit_experiment_improvement_class/labh6/labh6.srcs/sources_1/ip/clk50/clk50/clk50_in_context.xdc] for cell 'c1'
Parsing XDC File [F:/jisuanjizuchengyuanli/study/Analog_and_digital_circuit_experiment_improvement_class/labh6/labh6.srcs/constrs_1/new/PNTS.xdc]
Finished Parsing XDC File [F:/jisuanjizuchengyuanli/study/Analog_and_digital_circuit_experiment_improvement_class/labh6/labh6.srcs/constrs_1/new/PNTS.xdc]
INFO: [Project 1-236] Implementation specific constraints were found while reading constraint file [F:/jisuanjizuchengyuanli/study/Analog_and_digital_circuit_experiment_improvement_class/labh6/labh6.srcs/constrs_1/new/PNTS.xdc]. These constraints will be ignored for synthesis but will be used in implementation. Impacted constraints are listed in the file [.Xil/Print_propImpl.xdc].
Resolution: To avoid this warning, move constraints listed in [.Xil/Print_propImpl.xdc] to another XDC file and exclude this new file from synthesis with the used_in_synthesis property (File Properties dialog in GUI) and re-run elaboration/synthesis.
Completed Processing XDC Constraints

Netlist sorting complete. Time (s): cpu = 00:00:00 ; elapsed = 00:00:00.001 . Memory (MB): peak = 896.336 ; gain = 0.000
INFO: [Project 1-111] Unisim Transformation Summary:
No Unisim elements were transformed.

Constraint Validation Runtime : Time (s): cpu = 00:00:00 ; elapsed = 00:00:00.006 . Memory (MB): peak = 896.336 ; gain = 0.000
WARNING: [Timing 38-316] Clock period '20.000' specified during out-of-context synthesis of instance 'v1' at clock pin 'clka' is different from the actual clock period '10.000', this can lead to different synthesis results.
---------------------------------------------------------------------------------
Finished Constraint Validation : Time (s): cpu = 00:00:12 ; elapsed = 00:00:13 . Memory (MB): peak = 898.305 ; gain = 373.789
---------------------------------------------------------------------------------
---------------------------------------------------------------------------------
Start Loading Part and Timing Information
---------------------------------------------------------------------------------
Loading part: xc7a100tcsg324-1
---------------------------------------------------------------------------------
Finished Loading Part and Timing Information : Time (s): cpu = 00:00:12 ; elapsed = 00:00:13 . Memory (MB): peak = 898.305 ; gain = 373.789
---------------------------------------------------------------------------------
---------------------------------------------------------------------------------
Start Applying 'set_property' XDC Constraints
---------------------------------------------------------------------------------
Applied set_property IO_BUFFER_TYPE = NONE for clk. (constraint file  f:/jisuanjizuchengyuanli/study/Analog_and_digital_circuit_experiment_improvement_class/labh6/labh6.srcs/sources_1/ip/clk50/clk50/clk50_in_context.xdc, line 3).
Applied set_property CLOCK_BUFFER_TYPE = NONE for clk. (constraint file  f:/jisuanjizuchengyuanli/study/Analog_and_digital_circuit_experiment_improvement_class/labh6/labh6.srcs/sources_1/ip/clk50/clk50/clk50_in_context.xdc, line 4).
Applied set_property DONT_TOUCH = true for v1. (constraint file  auto generated constraint, line ).
Applied set_property DONT_TOUCH = true for c1. (constraint file  auto generated constraint, line ).
---------------------------------------------------------------------------------
Finished applying 'set_property' XDC Constraints : Time (s): cpu = 00:00:12 ; elapsed = 00:00:13 . Memory (MB): peak = 898.305 ; gain = 373.789
---------------------------------------------------------------------------------
INFO: [Synth 8-5818] HDL ADVISOR - The operator resource <adder> is shared. To prevent sharing consider applying a KEEP on the output of the operator [F:/jisuanjizuchengyuanli/study/Analog_and_digital_circuit_experiment_improvement_class/labh6/labh6.srcs/sources_1/new/PCU.v:53]
INFO: [Synth 8-5818] HDL ADVISOR - The operator resource <adder> is shared. To prevent sharing consider applying a KEEP on the output of the operator [F:/jisuanjizuchengyuanli/study/Analog_and_digital_circuit_experiment_improvement_class/labh6/labh6.srcs/sources_1/new/PCU.v:43]
WARNING: [Synth 8-327] inferring latch for variable 'y_reg' [F:/jisuanjizuchengyuanli/study/Analog_and_digital_circuit_experiment_improvement_class/labh6/labh6.srcs/sources_1/new/DB.v:43]
---------------------------------------------------------------------------------
Finished RTL Optimization Phase 2 : Time (s): cpu = 00:00:12 ; elapsed = 00:00:13 . Memory (MB): peak = 898.305 ; gain = 373.789
---------------------------------------------------------------------------------

Report RTL Partitions: 
+-+--------------+------------+----------+
| |RTL Partition |Replication |Instances |
+-+--------------+------------+----------+
+-+--------------+------------+----------+
---------------------------------------------------------------------------------
Start RTL Component Statistics 
---------------------------------------------------------------------------------
Detailed RTL Component Info : 
+---Adders : 
	   2 Input     32 Bit       Adders := 2     
	   2 Input     11 Bit       Adders := 2     
	   2 Input      8 Bit       Adders := 2     
+---Registers : 
	               11 Bit    Registers := 2     
	                8 Bit    Registers := 2     
	                1 Bit    Registers := 16    
+---Muxes : 
	   2 Input     12 Bit        Muxes := 3     
	   2 Input      1 Bit        Muxes := 12    
---------------------------------------------------------------------------------
Finished RTL Component Statistics 
---------------------------------------------------------------------------------
---------------------------------------------------------------------------------
Start RTL Hierarchical Component Statistics 
---------------------------------------------------------------------------------
Hierarchical RTL Component report 
Module DB 
Detailed RTL Component Info : 
+---Muxes : 
	   2 Input      1 Bit        Muxes := 2     
Module trigger 
Detailed RTL Component Info : 
+---Registers : 
	                1 Bit    Registers := 1     
Module PCU 
Detailed RTL Component Info : 
+---Adders : 
	   2 Input      8 Bit       Adders := 2     
+---Registers : 
	                8 Bit    Registers := 2     
+---Muxes : 
	   2 Input      1 Bit        Muxes := 2     
Module SRA 
Detailed RTL Component Info : 
+---Adders : 
	   2 Input     32 Bit       Adders := 2     
+---Muxes : 
	   2 Input     12 Bit        Muxes := 2     
Module VDT 
Detailed RTL Component Info : 
+---Adders : 
	   2 Input     11 Bit       Adders := 2     
+---Registers : 
	               11 Bit    Registers := 2     
	                1 Bit    Registers := 4     
+---Muxes : 
	   2 Input     12 Bit        Muxes := 1     
	   2 Input      1 Bit        Muxes := 2     
---------------------------------------------------------------------------------
Finished RTL Hierarchical Component Statistics
---------------------------------------------------------------------------------
---------------------------------------------------------------------------------
Start Part Resource Summary
---------------------------------------------------------------------------------
Part Resources:
DSPs: 240 (col length:80)
BRAMs: 270 (col length: RAMB18 80 RAMB36 40)
---------------------------------------------------------------------------------
Finished Part Resource Summary
---------------------------------------------------------------------------------
---------------------------------------------------------------------------------
Start Cross Boundary and Area Optimization
---------------------------------------------------------------------------------
Warning: Parallel synthesis criteria is not met 
DSP Report: Generating DSP s1/raddr, operation Mode is: (0 or C)+A*(B:0xc8).
DSP Report: operator s1/raddr is absorbed into DSP s1/raddr.
DSP Report: operator s1/raddr0 is absorbed into DSP s1/raddr.
DSP Report: operator s1/raddr is absorbed into DSP s1/raddr.
WARNING: [Synth 8-3331] design Print has unconnected port red[3]
WARNING: [Synth 8-3331] design Print has unconnected port red[2]
WARNING: [Synth 8-3331] design Print has unconnected port red[1]
WARNING: [Synth 8-3331] design Print has unconnected port red[0]
WARNING: [Synth 8-3331] design Print has unconnected port green[3]
WARNING: [Synth 8-3331] design Print has unconnected port green[2]
WARNING: [Synth 8-3331] design Print has unconnected port green[1]
WARNING: [Synth 8-3331] design Print has unconnected port green[0]
WARNING: [Synth 8-3331] design Print has unconnected port blue[3]
WARNING: [Synth 8-3331] design Print has unconnected port blue[2]
WARNING: [Synth 8-3331] design Print has unconnected port blue[1]
WARNING: [Synth 8-3331] design Print has unconnected port blue[0]
WARNING: [Synth 8-3331] design Print has unconnected port draw
WARNING: [Synth 8-3332] Sequential element (d1/y_reg) is unused and will be removed from module Print.
WARNING: [Synth 8-3332] Sequential element (d2/y_reg) is unused and will be removed from module Print.
WARNING: [Synth 8-3332] Sequential element (d3/y_reg) is unused and will be removed from module Print.
WARNING: [Synth 8-3332] Sequential element (d4/y_reg) is unused and will be removed from module Print.
---------------------------------------------------------------------------------
Finished Cross Boundary and Area Optimization : Time (s): cpu = 00:00:14 ; elapsed = 00:00:15 . Memory (MB): peak = 898.305 ; gain = 373.789
---------------------------------------------------------------------------------
---------------------------------------------------------------------------------
Start ROM, RAM, DSP and Shift Register Reporting
---------------------------------------------------------------------------------

DSP: Preliminary Mapping  Report (see note below)
+------------+---------------------+--------+--------+--------+--------+--------+------+------+------+------+-------+------+------+
|Module Name | DSP Mapping         | A Size | B Size | C Size | D Size | P Size | AREG | BREG | CREG | DREG | ADREG | MREG | PREG | 
+------------+---------------------+--------+--------+--------+--------+--------+------+------+------+------+-------+------+------+
|SRA         | (0 or C)+A*(B:0xc8) | 12     | 8      | 12     | -      | 15     | 0    | 0    | 0    | -    | -     | 0    | 0    | 
+------------+---------------------+--------+--------+--------+--------+--------+------+------+------+------+-------+------+------+

Note: The table above is a preliminary report that shows the DSPs inferred at the current stage of the synthesis flow. Some DSP may be reimplemented as non DSP primitives later in the synthesis flow. Multiple instantiated DSPs are reported only once.
---------------------------------------------------------------------------------
Finished ROM, RAM, DSP and Shift Register Reporting
---------------------------------------------------------------------------------

Report RTL Partitions: 
+-+--------------+------------+----------+
| |RTL Partition |Replication |Instances |
+-+--------------+------------+----------+
+-+--------------+------------+----------+
---------------------------------------------------------------------------------
Start Applying XDC Timing Constraints
---------------------------------------------------------------------------------
INFO: [Synth 8-5578] Moved timing constraint from pin 'c1/clk_out1' to pin 'c1/bbstub_clk_out1/O'
INFO: [Synth 8-5819] Moved 1 constraints on hierarchical pins to their respective driving/loading pins
---------------------------------------------------------------------------------
Finished Applying XDC Timing Constraints : Time (s): cpu = 00:00:27 ; elapsed = 00:00:28 . Memory (MB): peak = 909.539 ; gain = 385.023
---------------------------------------------------------------------------------
---------------------------------------------------------------------------------
Start Timing Optimization
---------------------------------------------------------------------------------
---------------------------------------------------------------------------------
Finished Timing Optimization : Time (s): cpu = 00:00:27 ; elapsed = 00:00:28 . Memory (MB): peak = 930.688 ; gain = 406.172
---------------------------------------------------------------------------------

Report RTL Partitions: 
+-+--------------+------------+----------+
| |RTL Partition |Replication |Instances |
+-+--------------+------------+----------+
+-+--------------+------------+----------+
---------------------------------------------------------------------------------
Start Technology Mapping
---------------------------------------------------------------------------------
---------------------------------------------------------------------------------
Finished Technology Mapping : Time (s): cpu = 00:00:27 ; elapsed = 00:00:28 . Memory (MB): peak = 931.566 ; gain = 407.051
---------------------------------------------------------------------------------

Report RTL Partitions: 
+-+--------------+------------+----------+
| |RTL Partition |Replication |Instances |
+-+--------------+------------+----------+
+-+--------------+------------+----------+
---------------------------------------------------------------------------------
Start IO Insertion
---------------------------------------------------------------------------------
---------------------------------------------------------------------------------
Start Flattening Before IO Insertion
---------------------------------------------------------------------------------
---------------------------------------------------------------------------------
Finished Flattening Before IO Insertion
---------------------------------------------------------------------------------
---------------------------------------------------------------------------------
Start Final Netlist Cleanup
---------------------------------------------------------------------------------
---------------------------------------------------------------------------------
Finished Final Netlist Cleanup
---------------------------------------------------------------------------------
---------------------------------------------------------------------------------
Finished IO Insertion : Time (s): cpu = 00:00:30 ; elapsed = 00:00:30 . Memory (MB): peak = 938.348 ; gain = 413.832
---------------------------------------------------------------------------------

Report Check Netlist: 
+------+------------------+-------+---------+-------+------------------+
|      |Item              |Errors |Warnings |Status |Description       |
+------+------------------+-------+---------+-------+------------------+
|1     |multi_driven_nets |      0|        0|Passed |Multi driven nets |
+------+------------------+-------+---------+-------+------------------+
---------------------------------------------------------------------------------
Start Renaming Generated Instances
---------------------------------------------------------------------------------
---------------------------------------------------------------------------------
Finished Renaming Generated Instances : Time (s): cpu = 00:00:30 ; elapsed = 00:00:30 . Memory (MB): peak = 938.348 ; gain = 413.832
---------------------------------------------------------------------------------

Report RTL Partitions: 
+-+--------------+------------+----------+
| |RTL Partition |Replication |Instances |
+-+--------------+------------+----------+
+-+--------------+------------+----------+
---------------------------------------------------------------------------------
Start Rebuilding User Hierarchy
---------------------------------------------------------------------------------
---------------------------------------------------------------------------------
Finished Rebuilding User Hierarchy : Time (s): cpu = 00:00:30 ; elapsed = 00:00:30 . Memory (MB): peak = 938.348 ; gain = 413.832
---------------------------------------------------------------------------------
---------------------------------------------------------------------------------
Start Renaming Generated Ports
---------------------------------------------------------------------------------
---------------------------------------------------------------------------------
Finished Renaming Generated Ports : Time (s): cpu = 00:00:30 ; elapsed = 00:00:30 . Memory (MB): peak = 938.348 ; gain = 413.832
---------------------------------------------------------------------------------
---------------------------------------------------------------------------------
Start Handling Custom Attributes
---------------------------------------------------------------------------------
---------------------------------------------------------------------------------
Finished Handling Custom Attributes : Time (s): cpu = 00:00:30 ; elapsed = 00:00:30 . Memory (MB): peak = 938.348 ; gain = 413.832
---------------------------------------------------------------------------------
---------------------------------------------------------------------------------
Start Renaming Generated Nets
---------------------------------------------------------------------------------
---------------------------------------------------------------------------------
Finished Renaming Generated Nets : Time (s): cpu = 00:00:30 ; elapsed = 00:00:30 . Memory (MB): peak = 938.348 ; gain = 413.832
---------------------------------------------------------------------------------
---------------------------------------------------------------------------------
Start Writing Synthesis Report
---------------------------------------------------------------------------------

Report BlackBoxes: 
+------+--------------+----------+
|      |BlackBox name |Instances |
+------+--------------+----------+
|1     |clk50         |         1|
|2     |VRAM          |         1|
+------+--------------+----------+

Report Cell Usage: 
+------+--------+------+
|      |Cell    |Count |
+------+--------+------+
|1     |VRAM    |     1|
|2     |clk50   |     1|
|3     |DSP48E1 |     1|
|4     |LUT1    |     4|
|5     |LUT2    |     6|
|6     |LUT3    |    22|
|7     |LUT4    |     9|
|8     |LUT5    |    17|
|9     |LUT6    |    25|
|10    |FDRE    |    24|
|11    |FDSE    |     2|
|12    |IBUF    |     1|
|13    |OBUF    |    14|
+------+--------+------+

Report Instance Areas: 
+------+---------+-------+------+
|      |Instance |Module |Cells |
+------+---------+-------+------+
|1     |top      |       |   139|
|2     |  s1     |SRA    |     2|
|3     |  v2     |VDT    |   108|
+------+---------+-------+------+
---------------------------------------------------------------------------------
Finished Writing Synthesis Report : Time (s): cpu = 00:00:30 ; elapsed = 00:00:30 . Memory (MB): peak = 938.348 ; gain = 413.832
---------------------------------------------------------------------------------
Synthesis finished with 0 errors, 0 critical warnings and 18 warnings.
Synthesis Optimization Runtime : Time (s): cpu = 00:00:22 ; elapsed = 00:00:28 . Memory (MB): peak = 938.348 ; gain = 284.492
Synthesis Optimization Complete : Time (s): cpu = 00:00:30 ; elapsed = 00:00:31 . Memory (MB): peak = 938.348 ; gain = 413.832
INFO: [Project 1-571] Translating synthesized netlist
INFO: [Netlist 29-17] Analyzing 1 Unisim elements for replacement
INFO: [Netlist 29-28] Unisim Transformation completed in 0 CPU seconds
INFO: [Project 1-570] Preparing netlist for logic optimization
INFO: [Opt 31-138] Pushed 0 inverter(s) to 0 load pin(s).
Netlist sorting complete. Time (s): cpu = 00:00:00 ; elapsed = 00:00:00 . Memory (MB): peak = 938.348 ; gain = 0.000
INFO: [Project 1-111] Unisim Transformation Summary:
No Unisim elements were transformed.

INFO: [Common 17-83] Releasing license: Synthesis
34 Infos, 20 Warnings, 0 Critical Warnings and 0 Errors encountered.
synth_design completed successfully
synth_design: Time (s): cpu = 00:00:35 ; elapsed = 00:00:36 . Memory (MB): peak = 938.348 ; gain = 656.371
Netlist sorting complete. Time (s): cpu = 00:00:00 ; elapsed = 00:00:00 . Memory (MB): peak = 938.348 ; gain = 0.000
WARNING: [Constraints 18-5210] No constraints selected for write.
Resolution: This message can indicate that there are no constraints for the design, or it can indicate that the used_in flags are set such that the constraints are ignored. This later case is used when running synth_design to not write synthesis constraints to the resulting checkpoint. Instead, project constraints are read when the synthesized design is opened.
INFO: [Common 17-1381] The checkpoint 'F:/jisuanjizuchengyuanli/study/Analog_and_digital_circuit_experiment_improvement_class/labh6/labh6.runs/synth_1/Print.dcp' has been generated.
INFO: [runtcl-4] Executing : report_utilization -file Print_utilization_synth.rpt -pb Print_utilization_synth.pb
INFO: [Common 17-206] Exiting Vivado at Sun May 15 09:57:57 2022...
